2019-04-15 10:15:48.826 [ main ] - [ INFO  ] [ zyy.campuscommunity.CampuscommunityApplication : 50 ] - Starting CampuscommunityApplication on zhaoyuyang with PID 1276 (D:\workplace\java_eclipse\campuscommunity\target\classes started by zhaoyuyang in D:\workplace\java_eclipse\campuscommunity)
2019-04-15 10:15:48.833 [ main ] - [ DEBUG ] [ zyy.campuscommunity.CampuscommunityApplication : 53 ] - Running with Spring Boot v2.1.3.RELEASE, Spring v5.1.5.RELEASE
2019-04-15 10:15:48.833 [ main ] - [ INFO  ] [ zyy.campuscommunity.CampuscommunityApplication : 679 ] - The following profiles are active: dev
2019-04-15 10:15:52.264 [ main ] - [ INFO  ] [ org.apache.coyote.http11.Http11NioProtocol : 173 ] - Initializing ProtocolHandler ["http-nio-8081"]
2019-04-15 10:15:52.276 [ main ] - [ INFO  ] [ org.apache.catalina.core.StandardService : 173 ] - Starting service [Tomcat]
2019-04-15 10:15:52.276 [ main ] - [ INFO  ] [ org.apache.catalina.core.StandardEngine : 173 ] - Starting Servlet engine: [Apache Tomcat/9.0.16]
2019-04-15 10:15:52.294 [ main ] - [ INFO  ] [ org.apache.catalina.core.AprLifecycleListener : 173 ] - The APR based Apache Tomcat Native library which allows optimal performance in production environments was not found on the java.library.path: [C:\Program Files\Java\jdk1.8.0_201\bin;C:\Windows\Sun\Java\bin;C:\Windows\system32;C:\Windows;C:\Program Files (x86)\Common Files\Oracle\Java\javapath;C:\Windows\system32;C:\Windows;C:\Windows\System32\Wbem;C:\Windows\System32\WindowsPowerShell\v1.0\;C:\Program Files (x86)\Common Files\NSEC\;C:\Program Files\Java\jdk1.8.0_201\bin;C:\Program Files\Java\jdk1.8.0_201\jre\bin;1\lib;1\bin;D:\tools\maven\apache-maven-3.6.0\bin;D:\tools\svn\bin;D:\tools\git\Git\cmd;D:\tools\vs code\Microsoft VS Code\bin;.]
2019-04-15 10:15:52.548 [ main ] - [ INFO  ] [ o.a.c.core.ContainerBase.[Tomcat].[localhost].[/] : 173 ] - Initializing Spring embedded WebApplicationContext
2019-04-15 10:15:55.891 [ main ] - [ INFO  ] [ org.apache.coyote.http11.Http11NioProtocol : 173 ] - Starting ProtocolHandler ["http-nio-8081"]
2019-04-15 10:15:55.971 [ main ] - [ INFO  ] [ zyy.campuscommunity.CampuscommunityApplication : 59 ] - Started CampuscommunityApplication in 7.848 seconds (JVM running for 12.317)
2019-04-15 10:16:05.302 [ http-nio-8081-exec-1 ] - [ INFO  ] [ o.a.c.core.ContainerBase.[Tomcat].[localhost].[/] : 173 ] - Initializing Spring DispatcherServlet 'dispatcherServlet'
2019-04-15 10:16:10.907 [ http-nio-8081-exec-5 ] - [ INFO  ] [ com.zaxxer.hikari.HikariDataSource : 110 ] - HikariPool-1 - Starting...
2019-04-15 10:16:11.112 [ http-nio-8081-exec-5 ] - [ INFO  ] [ com.zaxxer.hikari.HikariDataSource : 123 ] - HikariPool-1 - Start completed.
2019-04-15 10:16:11.123 [ http-nio-8081-exec-5 ] - [ DEBUG ] [ z.campuscommunity.mapper.TabMapper.selectByExample : 159 ] - ==>  Preparing: select id, tab_name, parent_id, tab_describe from tab WHERE ( parent_id = ? ) 
2019-04-15 10:16:11.153 [ http-nio-8081-exec-5 ] - [ DEBUG ] [ z.campuscommunity.mapper.TabMapper.selectByExample : 159 ] - ==> Parameters: 0(Integer)
2019-04-15 10:16:11.222 [ http-nio-8081-exec-5 ] - [ DEBUG ] [ z.campuscommunity.mapper.TabMapper.selectByExample : 159 ] - <==      Total: 8
2019-04-15 10:16:11.234 [ http-nio-8081-exec-5 ] - [ DEBUG ] [ z.c.mapper.PostMapper.selectByExample : 159 ] - ==>  Preparing: select id, post_user_name, post_title, post_tab_id, post_tab_name, tab_parentid, post_content, post_time, post_content_img, post_user_icon, post_click_count, post_reply_count, post_last_reply, post_last_reply_time, post_last_reply_time_simple from post WHERE ( tab_parentid = ? ) 
2019-04-15 10:16:11.236 [ http-nio-8081-exec-5 ] - [ DEBUG ] [ z.c.mapper.PostMapper.selectByExample : 159 ] - ==> Parameters: 1(Integer)
2019-04-15 10:16:11.261 [ http-nio-8081-exec-5 ] - [ DEBUG ] [ z.c.mapper.PostMapper.selectByExample : 159 ] - <==      Total: 5
2019-04-15 10:16:11.263 [ http-nio-8081-exec-5 ] - [ DEBUG ] [ z.c.mapper.PostMapper.updateByPrimaryKey : 159 ] - ==>  Preparing: update post set post_user_name = ?, post_title = ?, post_tab_id = ?, post_tab_name = ?, tab_parentid = ?, post_content = ?, post_time = ?, post_content_img = ?, post_user_icon = ?, post_click_count = ?, post_reply_count = ?, post_last_reply = ?, post_last_reply_time = ?, post_last_reply_time_simple = ? where id = ? 
2019-04-15 10:16:11.264 [ http-nio-8081-exec-5 ] - [ DEBUG ] [ z.c.mapper.PostMapper.updateByPrimaryKey : 159 ] - ==> Parameters: 吹不散眉弯(String), 今天学到了一点新的东西，跟同学们分享一下(String), 9(Integer), 工学(String), 1(Integer), 今天学习了设计模式，发现里面很多东西都非常值得思考，今天刚刚学习了策略模式，感觉非常不错，希望大家都可以学习一下，(String), 2019-03-29 10:38:08(String), 51d89138-372b-42e7-91c9-78afef1c52a3.PNG(String), (String), 243(Integer), 6(Integer), root(String), 2019-04-09 09:55:55(String), 6天0小时20分钟之前(String), 2(Integer)
2019-04-15 10:16:11.291 [ http-nio-8081-exec-5 ] - [ DEBUG ] [ z.c.mapper.PostMapper.updateByPrimaryKey : 159 ] - <==    Updates: 1
2019-04-15 10:16:11.292 [ http-nio-8081-exec-5 ] - [ DEBUG ] [ z.c.mapper.PostMapper.updateByPrimaryKey : 159 ] - ==>  Preparing: update post set post_user_name = ?, post_title = ?, post_tab_id = ?, post_tab_name = ?, tab_parentid = ?, post_content = ?, post_time = ?, post_content_img = ?, post_user_icon = ?, post_click_count = ?, post_reply_count = ?, post_last_reply = ?, post_last_reply_time = ?, post_last_reply_time_simple = ? where id = ? 
2019-04-15 10:16:11.294 [ http-nio-8081-exec-5 ] - [ DEBUG ] [ z.c.mapper.PostMapper.updateByPrimaryKey : 159 ] - ==> Parameters: 吹不散眉弯(String), 谈谈今天的一些感受吧(String), 9(Integer), 工学(String), 1(Integer), 今天温度挺低的，本来就穿的不厚，结果感觉今天脑子更疼， 不知道大家有没有啥推荐的网站听听音乐啥的吗,http://www.baidu.com(String), 2019-04-01 09:07:44(String), ab35664c-3d1d-4046-98de-5e3de09ce992.PNG(String), (String), 45(Integer), 2(Integer), 一首歌从深情唱(String), 2019-04-08 18:06:20(String), 6天16小时9分钟之前(String), 3(Integer)
2019-04-15 10:16:11.309 [ http-nio-8081-exec-5 ] - [ DEBUG ] [ z.c.mapper.PostMapper.updateByPrimaryKey : 159 ] - <==    Updates: 1
2019-04-15 10:16:11.310 [ http-nio-8081-exec-5 ] - [ DEBUG ] [ z.c.mapper.PostMapper.updateByPrimaryKey : 159 ] - ==>  Preparing: update post set post_user_name = ?, post_title = ?, post_tab_id = ?, post_tab_name = ?, tab_parentid = ?, post_content = ?, post_time = ?, post_content_img = ?, post_user_icon = ?, post_click_count = ?, post_reply_count = ?, post_last_reply = ?, post_last_reply_time = ?, post_last_reply_time_simple = ? where id = ? 
2019-04-15 10:16:11.312 [ http-nio-8081-exec-5 ] - [ DEBUG ] [ z.c.mapper.PostMapper.updateByPrimaryKey : 159 ] - ==> Parameters: root(String), B 站的同学，你们能不能不要在移动端主页投毒了？(String), 10(Integer), 理学(String), 1(Integer), 每次手机重装系统之后去 B 站主页( https://m.bilibili.com/index.html) 下客户端，都会下到国际版。只能安装客户端后去问客服要国内的客户端，再重新装一次。​为什么移动端首页不能改成国内的？国际版的没有免流服务，我要它何用？(String), 2019-04-01 09:09:08(String), (String), (String), 35(Integer), 2(Integer), 吹不散眉弯(String), 2019-04-09 09:08:22(String), 6天1小时7分钟之前(String), 4(Integer)
2019-04-15 10:16:11.326 [ http-nio-8081-exec-5 ] - [ DEBUG ] [ z.c.mapper.PostMapper.updateByPrimaryKey : 159 ] - <==    Updates: 1
2019-04-15 10:16:11.327 [ http-nio-8081-exec-5 ] - [ DEBUG ] [ z.c.mapper.PostMapper.updateByPrimaryKey : 159 ] - ==>  Preparing: update post set post_user_name = ?, post_title = ?, post_tab_id = ?, post_tab_name = ?, tab_parentid = ?, post_content = ?, post_time = ?, post_content_img = ?, post_user_icon = ?, post_click_count = ?, post_reply_count = ?, post_last_reply = ?, post_last_reply_time = ?, post_last_reply_time_simple = ? where id = ? 
2019-04-15 10:16:11.327 [ http-nio-8081-exec-5 ] - [ DEBUG ] [ z.c.mapper.PostMapper.updateByPrimaryKey : 159 ] - ==> Parameters: 吹不散眉弯(String), 测试下管理学代码(String), 12(Integer), 管理学(String), 1(Integer), 如果管理学代码测试成功！，那么今天就完成了很大的一部分工作！加油 2019/4/1(String), 2019-04-01 11:27:28(String), (String), null, 101(Integer), 1(Integer), 一首歌从深情唱(String), 2019-04-04 14:27:28(String), 10天19小时48分钟之前(String), 5(Integer)
2019-04-15 10:16:11.343 [ http-nio-8081-exec-5 ] - [ DEBUG ] [ z.c.mapper.PostMapper.updateByPrimaryKey : 159 ] - <==    Updates: 1
2019-04-15 10:16:11.344 [ http-nio-8081-exec-5 ] - [ DEBUG ] [ z.c.mapper.PostMapper.updateByPrimaryKey : 159 ] - ==>  Preparing: update post set post_user_name = ?, post_title = ?, post_tab_id = ?, post_tab_name = ?, tab_parentid = ?, post_content = ?, post_time = ?, post_content_img = ?, post_user_icon = ?, post_click_count = ?, post_reply_count = ?, post_last_reply = ?, post_last_reply_time = ?, post_last_reply_time_simple = ? where id = ? 
2019-04-15 10:16:11.345 [ http-nio-8081-exec-5 ] - [ DEBUG ] [ z.c.mapper.PostMapper.updateByPrimaryKey : 159 ] - ==> Parameters: 吹不散眉弯(String), 理学的二次测试(String), 10(Integer), 理学(String), 1(Integer), 如果这次理学测试成功，那么真的一二级标题联动就正式写完了！(String), 2019-04-01 16:09:43(String), (String), null, 51(Integer), 5(Integer), root(String), 2019-04-08 16:09:43(String), 6天18小时6分钟之前(String), 6(Integer)
2019-04-15 10:16:11.360 [ http-nio-8081-exec-5 ] - [ DEBUG ] [ z.c.mapper.PostMapper.updateByPrimaryKey : 159 ] - <==    Updates: 1
2019-04-15 10:16:11.361 [ http-nio-8081-exec-5 ] - [ DEBUG ] [ z.campuscommunity.mapper.TabMapper.selectByExample : 159 ] - ==>  Preparing: select id, tab_name, parent_id, tab_describe from tab WHERE ( parent_id = ? ) 
2019-04-15 10:16:11.362 [ http-nio-8081-exec-5 ] - [ DEBUG ] [ z.campuscommunity.mapper.TabMapper.selectByExample : 159 ] - ==> Parameters: 1(Integer)
2019-04-15 10:16:11.366 [ http-nio-8081-exec-5 ] - [ DEBUG ] [ z.campuscommunity.mapper.TabMapper.selectByExample : 159 ] - <==      Total: 9
2019-04-15 10:16:11.370 [ http-nio-8081-exec-5 ] - [ DEBUG ] [ z.c.mapper.UserMapper.selectByExample : 159 ] - ==>  Preparing: select id, user_role, user_id, user_name, user_pwd, user_phone, user_college, problem_id, problem_answer, user_sex, user_img from user WHERE ( user_name = ? ) 
2019-04-15 10:16:11.370 [ http-nio-8081-exec-5 ] - [ DEBUG ] [ z.c.mapper.UserMapper.selectByExample : 159 ] - ==> Parameters: 一首歌从深情唱(String)
2019-04-15 10:16:11.397 [ http-nio-8081-exec-5 ] - [ DEBUG ] [ z.c.mapper.UserMapper.selectByExample : 159 ] - <==      Total: 1
2019-04-15 10:16:12.879 [ http-nio-8081-exec-3 ] - [ DEBUG ] [ zyy.campuscommunity.mapper.TabMapper.selectAllTabs : 159 ] - ==>  Preparing: select id, tab_name, parent_id, tab_describe from tab 
2019-04-15 10:16:12.880 [ http-nio-8081-exec-3 ] - [ DEBUG ] [ zyy.campuscommunity.mapper.TabMapper.selectAllTabs : 159 ] - ==> Parameters: 
2019-04-15 10:16:12.889 [ http-nio-8081-exec-3 ] - [ DEBUG ] [ zyy.campuscommunity.mapper.TabMapper.selectAllTabs : 159 ] - <==      Total: 63
2019-04-15 10:16:12.892 [ http-nio-8081-exec-3 ] - [ DEBUG ] [ z.c.mapper.TabMapper.selectByPrimaryKey : 159 ] - ==>  Preparing: select id, tab_name, parent_id, tab_describe from tab where id = ? 
2019-04-15 10:16:12.893 [ http-nio-8081-exec-3 ] - [ DEBUG ] [ z.c.mapper.TabMapper.selectByPrimaryKey : 159 ] - ==> Parameters: 1(Integer)
2019-04-15 10:16:12.896 [ http-nio-8081-exec-3 ] - [ DEBUG ] [ z.c.mapper.TabMapper.selectByPrimaryKey : 159 ] - <==      Total: 1
2019-04-15 10:16:12.897 [ http-nio-8081-exec-3 ] - [ DEBUG ] [ z.c.mapper.TabMapper.selectByPrimaryKey : 159 ] - ==>  Preparing: select id, tab_name, parent_id, tab_describe from tab where id = ? 
2019-04-15 10:16:12.898 [ http-nio-8081-exec-3 ] - [ DEBUG ] [ z.c.mapper.TabMapper.selectByPrimaryKey : 159 ] - ==> Parameters: 1(Integer)
2019-04-15 10:16:12.900 [ http-nio-8081-exec-3 ] - [ DEBUG ] [ z.c.mapper.TabMapper.selectByPrimaryKey : 159 ] - <==      Total: 1
2019-04-15 10:16:12.900 [ http-nio-8081-exec-3 ] - [ DEBUG ] [ z.c.mapper.TabMapper.selectByPrimaryKey : 159 ] - ==>  Preparing: select id, tab_name, parent_id, tab_describe from tab where id = ? 
2019-04-15 10:16:12.901 [ http-nio-8081-exec-3 ] - [ DEBUG ] [ z.c.mapper.TabMapper.selectByPrimaryKey : 159 ] - ==> Parameters: 1(Integer)
2019-04-15 10:16:12.902 [ http-nio-8081-exec-3 ] - [ DEBUG ] [ z.c.mapper.TabMapper.selectByPrimaryKey : 159 ] - <==      Total: 1
2019-04-15 10:16:12.903 [ http-nio-8081-exec-3 ] - [ DEBUG ] [ z.c.mapper.TabMapper.selectByPrimaryKey : 159 ] - ==>  Preparing: select id, tab_name, parent_id, tab_describe from tab where id = ? 
2019-04-15 10:16:12.904 [ http-nio-8081-exec-3 ] - [ DEBUG ] [ z.c.mapper.TabMapper.selectByPrimaryKey : 159 ] - ==> Parameters: 2(Integer)
2019-04-15 10:16:12.906 [ http-nio-8081-exec-3 ] - [ DEBUG ] [ z.c.mapper.TabMapper.selectByPrimaryKey : 159 ] - <==      Total: 1
2019-04-15 10:16:12.907 [ http-nio-8081-exec-3 ] - [ DEBUG ] [ z.c.mapper.TabMapper.selectByPrimaryKey : 159 ] - ==>  Preparing: select id, tab_name, parent_id, tab_describe from tab where id = ? 
2019-04-15 10:16:12.908 [ http-nio-8081-exec-3 ] - [ DEBUG ] [ z.c.mapper.TabMapper.selectByPrimaryKey : 159 ] - ==> Parameters: 2(Integer)
2019-04-15 10:16:12.911 [ http-nio-8081-exec-3 ] - [ DEBUG ] [ z.c.mapper.TabMapper.selectByPrimaryKey : 159 ] - <==      Total: 1
2019-04-15 10:16:12.912 [ http-nio-8081-exec-3 ] - [ DEBUG ] [ z.c.mapper.TabMapper.selectByPrimaryKey : 159 ] - ==>  Preparing: select id, tab_name, parent_id, tab_describe from tab where id = ? 
2019-04-15 10:16:12.914 [ http-nio-8081-exec-3 ] - [ DEBUG ] [ z.c.mapper.TabMapper.selectByPrimaryKey : 159 ] - ==> Parameters: 2(Integer)
2019-04-15 10:16:12.918 [ http-nio-8081-exec-3 ] - [ DEBUG ] [ z.c.mapper.TabMapper.selectByPrimaryKey : 159 ] - <==      Total: 1
2019-04-15 10:16:12.920 [ http-nio-8081-exec-3 ] - [ DEBUG ] [ z.c.mapper.TabMapper.selectByPrimaryKey : 159 ] - ==>  Preparing: select id, tab_name, parent_id, tab_describe from tab where id = ? 
2019-04-15 10:16:12.921 [ http-nio-8081-exec-3 ] - [ DEBUG ] [ z.c.mapper.TabMapper.selectByPrimaryKey : 159 ] - ==> Parameters: 4(Integer)
2019-04-15 10:16:12.928 [ http-nio-8081-exec-3 ] - [ DEBUG ] [ z.c.mapper.TabMapper.selectByPrimaryKey : 159 ] - <==      Total: 1
2019-04-15 10:16:12.930 [ http-nio-8081-exec-3 ] - [ DEBUG ] [ z.c.mapper.TabMapper.selectByPrimaryKey : 159 ] - ==>  Preparing: select id, tab_name, parent_id, tab_describe from tab where id = ? 
2019-04-15 10:16:12.931 [ http-nio-8081-exec-3 ] - [ DEBUG ] [ z.c.mapper.TabMapper.selectByPrimaryKey : 159 ] - ==> Parameters: 1(Integer)
2019-04-15 10:16:12.933 [ http-nio-8081-exec-3 ] - [ DEBUG ] [ z.c.mapper.TabMapper.selectByPrimaryKey : 159 ] - <==      Total: 1
2019-04-15 10:16:12.934 [ http-nio-8081-exec-3 ] - [ DEBUG ] [ z.c.mapper.TabMapper.selectByPrimaryKey : 159 ] - ==>  Preparing: select id, tab_name, parent_id, tab_describe from tab where id = ? 
2019-04-15 10:16:12.935 [ http-nio-8081-exec-3 ] - [ DEBUG ] [ z.c.mapper.TabMapper.selectByPrimaryKey : 159 ] - ==> Parameters: 1(Integer)
2019-04-15 10:16:12.937 [ http-nio-8081-exec-3 ] - [ DEBUG ] [ z.c.mapper.TabMapper.selectByPrimaryKey : 159 ] - <==      Total: 1
2019-04-15 10:16:12.938 [ http-nio-8081-exec-3 ] - [ DEBUG ] [ z.c.mapper.TabMapper.selectByPrimaryKey : 159 ] - ==>  Preparing: select id, tab_name, parent_id, tab_describe from tab where id = ? 
2019-04-15 10:16:12.938 [ http-nio-8081-exec-3 ] - [ DEBUG ] [ z.c.mapper.TabMapper.selectByPrimaryKey : 159 ] - ==> Parameters: 1(Integer)
2019-04-15 10:16:12.940 [ http-nio-8081-exec-3 ] - [ DEBUG ] [ z.c.mapper.TabMapper.selectByPrimaryKey : 159 ] - <==      Total: 1
2019-04-15 10:16:12.941 [ http-nio-8081-exec-3 ] - [ DEBUG ] [ z.c.mapper.TabMapper.selectByPrimaryKey : 159 ] - ==>  Preparing: select id, tab_name, parent_id, tab_describe from tab where id = ? 
2019-04-15 10:16:12.942 [ http-nio-8081-exec-3 ] - [ DEBUG ] [ z.c.mapper.TabMapper.selectByPrimaryKey : 159 ] - ==> Parameters: 1(Integer)
2019-04-15 10:16:12.945 [ http-nio-8081-exec-3 ] - [ DEBUG ] [ z.c.mapper.TabMapper.selectByPrimaryKey : 159 ] - <==      Total: 1
2019-04-15 10:16:12.947 [ http-nio-8081-exec-3 ] - [ DEBUG ] [ z.c.mapper.TabMapper.selectByPrimaryKey : 159 ] - ==>  Preparing: select id, tab_name, parent_id, tab_describe from tab where id = ? 
2019-04-15 10:16:12.948 [ http-nio-8081-exec-3 ] - [ DEBUG ] [ z.c.mapper.TabMapper.selectByPrimaryKey : 159 ] - ==> Parameters: 1(Integer)
2019-04-15 10:16:12.949 [ http-nio-8081-exec-3 ] - [ DEBUG ] [ z.c.mapper.TabMapper.selectByPrimaryKey : 159 ] - <==      Total: 1
2019-04-15 10:16:12.950 [ http-nio-8081-exec-3 ] - [ DEBUG ] [ z.c.mapper.TabMapper.selectByPrimaryKey : 159 ] - ==>  Preparing: select id, tab_name, parent_id, tab_describe from tab where id = ? 
2019-04-15 10:16:12.951 [ http-nio-8081-exec-3 ] - [ DEBUG ] [ z.c.mapper.TabMapper.selectByPrimaryKey : 159 ] - ==> Parameters: 4(Integer)
2019-04-15 10:16:12.954 [ http-nio-8081-exec-3 ] - [ DEBUG ] [ z.c.mapper.TabMapper.selectByPrimaryKey : 159 ] - <==      Total: 1
2019-04-15 10:16:12.955 [ http-nio-8081-exec-3 ] - [ DEBUG ] [ z.c.mapper.TabMapper.selectByPrimaryKey : 159 ] - ==>  Preparing: select id, tab_name, parent_id, tab_describe from tab where id = ? 
2019-04-15 10:16:12.956 [ http-nio-8081-exec-3 ] - [ DEBUG ] [ z.c.mapper.TabMapper.selectByPrimaryKey : 159 ] - ==> Parameters: 4(Integer)
2019-04-15 10:16:12.958 [ http-nio-8081-exec-3 ] - [ DEBUG ] [ z.c.mapper.TabMapper.selectByPrimaryKey : 159 ] - <==      Total: 1
2019-04-15 10:16:12.959 [ http-nio-8081-exec-3 ] - [ DEBUG ] [ z.c.mapper.TabMapper.selectByPrimaryKey : 159 ] - ==>  Preparing: select id, tab_name, parent_id, tab_describe from tab where id = ? 
2019-04-15 10:16:12.959 [ http-nio-8081-exec-3 ] - [ DEBUG ] [ z.c.mapper.TabMapper.selectByPrimaryKey : 159 ] - ==> Parameters: 7(Integer)
2019-04-15 10:16:12.961 [ http-nio-8081-exec-3 ] - [ DEBUG ] [ z.c.mapper.TabMapper.selectByPrimaryKey : 159 ] - <==      Total: 1
2019-04-15 10:16:12.963 [ http-nio-8081-exec-3 ] - [ DEBUG ] [ z.c.mapper.TabMapper.selectByPrimaryKey : 159 ] - ==>  Preparing: select id, tab_name, parent_id, tab_describe from tab where id = ? 
2019-04-15 10:16:12.963 [ http-nio-8081-exec-3 ] - [ DEBUG ] [ z.c.mapper.TabMapper.selectByPrimaryKey : 159 ] - ==> Parameters: 7(Integer)
2019-04-15 10:16:12.964 [ http-nio-8081-exec-3 ] - [ DEBUG ] [ z.c.mapper.TabMapper.selectByPrimaryKey : 159 ] - <==      Total: 1
2019-04-15 10:16:12.965 [ http-nio-8081-exec-3 ] - [ DEBUG ] [ z.c.mapper.TabMapper.selectByPrimaryKey : 159 ] - ==>  Preparing: select id, tab_name, parent_id, tab_describe from tab where id = ? 
2019-04-15 10:16:12.965 [ http-nio-8081-exec-3 ] - [ DEBUG ] [ z.c.mapper.TabMapper.selectByPrimaryKey : 159 ] - ==> Parameters: 1(Integer)
2019-04-15 10:16:12.966 [ http-nio-8081-exec-3 ] - [ DEBUG ] [ z.c.mapper.TabMapper.selectByPrimaryKey : 159 ] - <==      Total: 1
2019-04-15 10:16:12.967 [ http-nio-8081-exec-3 ] - [ DEBUG ] [ z.c.mapper.TabMapper.selectByPrimaryKey : 159 ] - ==>  Preparing: select id, tab_name, parent_id, tab_describe from tab where id = ? 
2019-04-15 10:16:12.967 [ http-nio-8081-exec-3 ] - [ DEBUG ] [ z.c.mapper.TabMapper.selectByPrimaryKey : 159 ] - ==> Parameters: 3(Integer)
2019-04-15 10:16:12.969 [ http-nio-8081-exec-3 ] - [ DEBUG ] [ z.c.mapper.TabMapper.selectByPrimaryKey : 159 ] - <==      Total: 1
2019-04-15 10:16:12.969 [ http-nio-8081-exec-3 ] - [ DEBUG ] [ z.c.mapper.TabMapper.selectByPrimaryKey : 159 ] - ==>  Preparing: select id, tab_name, parent_id, tab_describe from tab where id = ? 
2019-04-15 10:16:12.970 [ http-nio-8081-exec-3 ] - [ DEBUG ] [ z.c.mapper.TabMapper.selectByPrimaryKey : 159 ] - ==> Parameters: 3(Integer)
2019-04-15 10:16:12.971 [ http-nio-8081-exec-3 ] - [ DEBUG ] [ z.c.mapper.TabMapper.selectByPrimaryKey : 159 ] - <==      Total: 1
2019-04-15 10:16:12.972 [ http-nio-8081-exec-3 ] - [ DEBUG ] [ z.c.mapper.TabMapper.selectByPrimaryKey : 159 ] - ==>  Preparing: select id, tab_name, parent_id, tab_describe from tab where id = ? 
2019-04-15 10:16:12.972 [ http-nio-8081-exec-3 ] - [ DEBUG ] [ z.c.mapper.TabMapper.selectByPrimaryKey : 159 ] - ==> Parameters: 3(Integer)
2019-04-15 10:16:12.975 [ http-nio-8081-exec-3 ] - [ DEBUG ] [ z.c.mapper.TabMapper.selectByPrimaryKey : 159 ] - <==      Total: 1
2019-04-15 10:16:12.976 [ http-nio-8081-exec-3 ] - [ DEBUG ] [ z.c.mapper.TabMapper.selectByPrimaryKey : 159 ] - ==>  Preparing: select id, tab_name, parent_id, tab_describe from tab where id = ? 
2019-04-15 10:16:12.976 [ http-nio-8081-exec-3 ] - [ DEBUG ] [ z.c.mapper.TabMapper.selectByPrimaryKey : 159 ] - ==> Parameters: 3(Integer)
2019-04-15 10:16:12.977 [ http-nio-8081-exec-3 ] - [ DEBUG ] [ z.c.mapper.TabMapper.selectByPrimaryKey : 159 ] - <==      Total: 1
2019-04-15 10:16:12.978 [ http-nio-8081-exec-3 ] - [ DEBUG ] [ z.c.mapper.TabMapper.selectByPrimaryKey : 159 ] - ==>  Preparing: select id, tab_name, parent_id, tab_describe from tab where id = ? 
2019-04-15 10:16:12.978 [ http-nio-8081-exec-3 ] - [ DEBUG ] [ z.c.mapper.TabMapper.selectByPrimaryKey : 159 ] - ==> Parameters: 3(Integer)
2019-04-15 10:16:12.980 [ http-nio-8081-exec-3 ] - [ DEBUG ] [ z.c.mapper.TabMapper.selectByPrimaryKey : 159 ] - <==      Total: 1
2019-04-15 10:16:12.980 [ http-nio-8081-exec-3 ] - [ DEBUG ] [ z.c.mapper.TabMapper.selectByPrimaryKey : 159 ] - ==>  Preparing: select id, tab_name, parent_id, tab_describe from tab where id = ? 
2019-04-15 10:16:12.981 [ http-nio-8081-exec-3 ] - [ DEBUG ] [ z.c.mapper.TabMapper.selectByPrimaryKey : 159 ] - ==> Parameters: 3(Integer)
2019-04-15 10:16:12.982 [ http-nio-8081-exec-3 ] - [ DEBUG ] [ z.c.mapper.TabMapper.selectByPrimaryKey : 159 ] - <==      Total: 1
2019-04-15 10:16:12.983 [ http-nio-8081-exec-3 ] - [ DEBUG ] [ z.c.mapper.TabMapper.selectByPrimaryKey : 159 ] - ==>  Preparing: select id, tab_name, parent_id, tab_describe from tab where id = ? 
2019-04-15 10:16:12.983 [ http-nio-8081-exec-3 ] - [ DEBUG ] [ z.c.mapper.TabMapper.selectByPrimaryKey : 159 ] - ==> Parameters: 3(Integer)
2019-04-15 10:16:12.985 [ http-nio-8081-exec-3 ] - [ DEBUG ] [ z.c.mapper.TabMapper.selectByPrimaryKey : 159 ] - <==      Total: 1
2019-04-15 10:16:12.985 [ http-nio-8081-exec-3 ] - [ DEBUG ] [ z.c.mapper.TabMapper.selectByPrimaryKey : 159 ] - ==>  Preparing: select id, tab_name, parent_id, tab_describe from tab where id = ? 
2019-04-15 10:16:12.986 [ http-nio-8081-exec-3 ] - [ DEBUG ] [ z.c.mapper.TabMapper.selectByPrimaryKey : 159 ] - ==> Parameters: 4(Integer)
2019-04-15 10:16:12.987 [ http-nio-8081-exec-3 ] - [ DEBUG ] [ z.c.mapper.TabMapper.selectByPrimaryKey : 159 ] - <==      Total: 1
2019-04-15 10:16:12.988 [ http-nio-8081-exec-3 ] - [ DEBUG ] [ z.c.mapper.TabMapper.selectByPrimaryKey : 159 ] - ==>  Preparing: select id, tab_name, parent_id, tab_describe from tab where id = ? 
2019-04-15 10:16:12.989 [ http-nio-8081-exec-3 ] - [ DEBUG ] [ z.c.mapper.TabMapper.selectByPrimaryKey : 159 ] - ==> Parameters: 4(Integer)
2019-04-15 10:16:12.990 [ http-nio-8081-exec-3 ] - [ DEBUG ] [ z.c.mapper.TabMapper.selectByPrimaryKey : 159 ] - <==      Total: 1
2019-04-15 10:16:12.991 [ http-nio-8081-exec-3 ] - [ DEBUG ] [ z.c.mapper.TabMapper.selectByPrimaryKey : 159 ] - ==>  Preparing: select id, tab_name, parent_id, tab_describe from tab where id = ? 
2019-04-15 10:16:12.992 [ http-nio-8081-exec-3 ] - [ DEBUG ] [ z.c.mapper.TabMapper.selectByPrimaryKey : 159 ] - ==> Parameters: 5(Integer)
2019-04-15 10:16:12.994 [ http-nio-8081-exec-3 ] - [ DEBUG ] [ z.c.mapper.TabMapper.selectByPrimaryKey : 159 ] - <==      Total: 1
2019-04-15 10:16:12.995 [ http-nio-8081-exec-3 ] - [ DEBUG ] [ z.c.mapper.TabMapper.selectByPrimaryKey : 159 ] - ==>  Preparing: select id, tab_name, parent_id, tab_describe from tab where id = ? 
2019-04-15 10:16:12.995 [ http-nio-8081-exec-3 ] - [ DEBUG ] [ z.c.mapper.TabMapper.selectByPrimaryKey : 159 ] - ==> Parameters: 5(Integer)
2019-04-15 10:16:12.997 [ http-nio-8081-exec-3 ] - [ DEBUG ] [ z.c.mapper.TabMapper.selectByPrimaryKey : 159 ] - <==      Total: 1
2019-04-15 10:16:12.997 [ http-nio-8081-exec-3 ] - [ DEBUG ] [ z.c.mapper.TabMapper.selectByPrimaryKey : 159 ] - ==>  Preparing: select id, tab_name, parent_id, tab_describe from tab where id = ? 
2019-04-15 10:16:12.998 [ http-nio-8081-exec-3 ] - [ DEBUG ] [ z.c.mapper.TabMapper.selectByPrimaryKey : 159 ] - ==> Parameters: 5(Integer)
2019-04-15 10:16:13.000 [ http-nio-8081-exec-3 ] - [ DEBUG ] [ z.c.mapper.TabMapper.selectByPrimaryKey : 159 ] - <==      Total: 1
2019-04-15 10:16:13.001 [ http-nio-8081-exec-3 ] - [ DEBUG ] [ z.c.mapper.TabMapper.selectByPrimaryKey : 159 ] - ==>  Preparing: select id, tab_name, parent_id, tab_describe from tab where id = ? 
2019-04-15 10:16:13.001 [ http-nio-8081-exec-3 ] - [ DEBUG ] [ z.c.mapper.TabMapper.selectByPrimaryKey : 159 ] - ==> Parameters: 5(Integer)
2019-04-15 10:16:13.002 [ http-nio-8081-exec-3 ] - [ DEBUG ] [ z.c.mapper.TabMapper.selectByPrimaryKey : 159 ] - <==      Total: 1
2019-04-15 10:16:13.003 [ http-nio-8081-exec-3 ] - [ DEBUG ] [ z.c.mapper.TabMapper.selectByPrimaryKey : 159 ] - ==>  Preparing: select id, tab_name, parent_id, tab_describe from tab where id = ? 
2019-04-15 10:16:13.003 [ http-nio-8081-exec-3 ] - [ DEBUG ] [ z.c.mapper.TabMapper.selectByPrimaryKey : 159 ] - ==> Parameters: 5(Integer)
2019-04-15 10:16:13.004 [ http-nio-8081-exec-3 ] - [ DEBUG ] [ z.c.mapper.TabMapper.selectByPrimaryKey : 159 ] - <==      Total: 1
2019-04-15 10:16:13.005 [ http-nio-8081-exec-3 ] - [ DEBUG ] [ z.c.mapper.TabMapper.selectByPrimaryKey : 159 ] - ==>  Preparing: select id, tab_name, parent_id, tab_describe from tab where id = ? 
2019-04-15 10:16:13.006 [ http-nio-8081-exec-3 ] - [ DEBUG ] [ z.c.mapper.TabMapper.selectByPrimaryKey : 159 ] - ==> Parameters: 5(Integer)
2019-04-15 10:16:13.007 [ http-nio-8081-exec-3 ] - [ DEBUG ] [ z.c.mapper.TabMapper.selectByPrimaryKey : 159 ] - <==      Total: 1
2019-04-15 10:16:13.008 [ http-nio-8081-exec-3 ] - [ DEBUG ] [ z.c.mapper.TabMapper.selectByPrimaryKey : 159 ] - ==>  Preparing: select id, tab_name, parent_id, tab_describe from tab where id = ? 
2019-04-15 10:16:13.008 [ http-nio-8081-exec-3 ] - [ DEBUG ] [ z.c.mapper.TabMapper.selectByPrimaryKey : 159 ] - ==> Parameters: 5(Integer)
2019-04-15 10:16:13.010 [ http-nio-8081-exec-3 ] - [ DEBUG ] [ z.c.mapper.TabMapper.selectByPrimaryKey : 159 ] - <==      Total: 1
2019-04-15 10:16:13.010 [ http-nio-8081-exec-3 ] - [ DEBUG ] [ z.c.mapper.TabMapper.selectByPrimaryKey : 159 ] - ==>  Preparing: select id, tab_name, parent_id, tab_describe from tab where id = ? 
2019-04-15 10:16:13.011 [ http-nio-8081-exec-3 ] - [ DEBUG ] [ z.c.mapper.TabMapper.selectByPrimaryKey : 159 ] - ==> Parameters: 6(Integer)
2019-04-15 10:16:13.012 [ http-nio-8081-exec-3 ] - [ DEBUG ] [ z.c.mapper.TabMapper.selectByPrimaryKey : 159 ] - <==      Total: 1
2019-04-15 10:16:13.013 [ http-nio-8081-exec-3 ] - [ DEBUG ] [ z.c.mapper.TabMapper.selectByPrimaryKey : 159 ] - ==>  Preparing: select id, tab_name, parent_id, tab_describe from tab where id = ? 
2019-04-15 10:16:13.013 [ http-nio-8081-exec-3 ] - [ DEBUG ] [ z.c.mapper.TabMapper.selectByPrimaryKey : 159 ] - ==> Parameters: 6(Integer)
2019-04-15 10:16:13.015 [ http-nio-8081-exec-3 ] - [ DEBUG ] [ z.c.mapper.TabMapper.selectByPrimaryKey : 159 ] - <==      Total: 1
2019-04-15 10:16:13.016 [ http-nio-8081-exec-3 ] - [ DEBUG ] [ z.c.mapper.TabMapper.selectByPrimaryKey : 159 ] - ==>  Preparing: select id, tab_name, parent_id, tab_describe from tab where id = ? 
2019-04-15 10:16:13.016 [ http-nio-8081-exec-3 ] - [ DEBUG ] [ z.c.mapper.TabMapper.selectByPrimaryKey : 159 ] - ==> Parameters: 8(Integer)
2019-04-15 10:16:13.017 [ http-nio-8081-exec-3 ] - [ DEBUG ] [ z.c.mapper.TabMapper.selectByPrimaryKey : 159 ] - <==      Total: 1
2019-04-15 10:16:13.018 [ http-nio-8081-exec-3 ] - [ DEBUG ] [ z.c.mapper.TabMapper.selectByPrimaryKey : 159 ] - ==>  Preparing: select id, tab_name, parent_id, tab_describe from tab where id = ? 
2019-04-15 10:16:13.018 [ http-nio-8081-exec-3 ] - [ DEBUG ] [ z.c.mapper.TabMapper.selectByPrimaryKey : 159 ] - ==> Parameters: 8(Integer)
2019-04-15 10:16:13.020 [ http-nio-8081-exec-3 ] - [ DEBUG ] [ z.c.mapper.TabMapper.selectByPrimaryKey : 159 ] - <==      Total: 1
2019-04-15 10:16:13.021 [ http-nio-8081-exec-3 ] - [ DEBUG ] [ z.c.mapper.TabMapper.selectByPrimaryKey : 159 ] - ==>  Preparing: select id, tab_name, parent_id, tab_describe from tab where id = ? 
2019-04-15 10:16:13.021 [ http-nio-8081-exec-3 ] - [ DEBUG ] [ z.c.mapper.TabMapper.selectByPrimaryKey : 159 ] - ==> Parameters: 8(Integer)
2019-04-15 10:16:13.023 [ http-nio-8081-exec-3 ] - [ DEBUG ] [ z.c.mapper.TabMapper.selectByPrimaryKey : 159 ] - <==      Total: 1
2019-04-15 10:16:13.023 [ http-nio-8081-exec-3 ] - [ DEBUG ] [ z.c.mapper.TabMapper.selectByPrimaryKey : 159 ] - ==>  Preparing: select id, tab_name, parent_id, tab_describe from tab where id = ? 
2019-04-15 10:16:13.024 [ http-nio-8081-exec-3 ] - [ DEBUG ] [ z.c.mapper.TabMapper.selectByPrimaryKey : 159 ] - ==> Parameters: 4(Integer)
2019-04-15 10:16:13.025 [ http-nio-8081-exec-3 ] - [ DEBUG ] [ z.c.mapper.TabMapper.selectByPrimaryKey : 159 ] - <==      Total: 1
2019-04-15 10:16:13.026 [ http-nio-8081-exec-3 ] - [ DEBUG ] [ z.c.mapper.TabMapper.selectByPrimaryKey : 159 ] - ==>  Preparing: select id, tab_name, parent_id, tab_describe from tab where id = ? 
2019-04-15 10:16:13.026 [ http-nio-8081-exec-3 ] - [ DEBUG ] [ z.c.mapper.TabMapper.selectByPrimaryKey : 159 ] - ==> Parameters: 8(Integer)
2019-04-15 10:16:13.027 [ http-nio-8081-exec-3 ] - [ DEBUG ] [ z.c.mapper.TabMapper.selectByPrimaryKey : 159 ] - <==      Total: 1
2019-04-15 10:16:13.028 [ http-nio-8081-exec-3 ] - [ DEBUG ] [ z.c.mapper.TabMapper.selectByPrimaryKey : 159 ] - ==>  Preparing: select id, tab_name, parent_id, tab_describe from tab where id = ? 
2019-04-15 10:16:13.028 [ http-nio-8081-exec-3 ] - [ DEBUG ] [ z.c.mapper.TabMapper.selectByPrimaryKey : 159 ] - ==> Parameters: 8(Integer)
2019-04-15 10:16:13.030 [ http-nio-8081-exec-3 ] - [ DEBUG ] [ z.c.mapper.TabMapper.selectByPrimaryKey : 159 ] - <==      Total: 1
2019-04-15 10:16:13.030 [ http-nio-8081-exec-3 ] - [ DEBUG ] [ z.c.mapper.TabMapper.selectByPrimaryKey : 159 ] - ==>  Preparing: select id, tab_name, parent_id, tab_describe from tab where id = ? 
2019-04-15 10:16:13.031 [ http-nio-8081-exec-3 ] - [ DEBUG ] [ z.c.mapper.TabMapper.selectByPrimaryKey : 159 ] - ==> Parameters: 8(Integer)
2019-04-15 10:16:13.032 [ http-nio-8081-exec-3 ] - [ DEBUG ] [ z.c.mapper.TabMapper.selectByPrimaryKey : 159 ] - <==      Total: 1
2019-04-15 10:16:13.032 [ http-nio-8081-exec-3 ] - [ DEBUG ] [ z.c.mapper.TabMapper.selectByPrimaryKey : 159 ] - ==>  Preparing: select id, tab_name, parent_id, tab_describe from tab where id = ? 
2019-04-15 10:16:13.033 [ http-nio-8081-exec-3 ] - [ DEBUG ] [ z.c.mapper.TabMapper.selectByPrimaryKey : 159 ] - ==> Parameters: 8(Integer)
2019-04-15 10:16:13.034 [ http-nio-8081-exec-3 ] - [ DEBUG ] [ z.c.mapper.TabMapper.selectByPrimaryKey : 159 ] - <==      Total: 1
2019-04-15 10:16:13.035 [ http-nio-8081-exec-3 ] - [ DEBUG ] [ z.c.mapper.TabMapper.selectByPrimaryKey : 159 ] - ==>  Preparing: select id, tab_name, parent_id, tab_describe from tab where id = ? 
2019-04-15 10:16:13.035 [ http-nio-8081-exec-3 ] - [ DEBUG ] [ z.c.mapper.TabMapper.selectByPrimaryKey : 159 ] - ==> Parameters: 8(Integer)
2019-04-15 10:16:13.036 [ http-nio-8081-exec-3 ] - [ DEBUG ] [ z.c.mapper.TabMapper.selectByPrimaryKey : 159 ] - <==      Total: 1
2019-04-15 10:16:13.037 [ http-nio-8081-exec-3 ] - [ DEBUG ] [ z.c.mapper.TabMapper.selectByPrimaryKey : 159 ] - ==>  Preparing: select id, tab_name, parent_id, tab_describe from tab where id = ? 
2019-04-15 10:16:13.037 [ http-nio-8081-exec-3 ] - [ DEBUG ] [ z.c.mapper.TabMapper.selectByPrimaryKey : 159 ] - ==> Parameters: 8(Integer)
2019-04-15 10:16:13.038 [ http-nio-8081-exec-3 ] - [ DEBUG ] [ z.c.mapper.TabMapper.selectByPrimaryKey : 159 ] - <==      Total: 1
2019-04-15 10:16:13.039 [ http-nio-8081-exec-3 ] - [ DEBUG ] [ z.c.mapper.TabMapper.selectByPrimaryKey : 159 ] - ==>  Preparing: select id, tab_name, parent_id, tab_describe from tab where id = ? 
2019-04-15 10:16:13.039 [ http-nio-8081-exec-3 ] - [ DEBUG ] [ z.c.mapper.TabMapper.selectByPrimaryKey : 159 ] - ==> Parameters: 8(Integer)
2019-04-15 10:16:13.041 [ http-nio-8081-exec-3 ] - [ DEBUG ] [ z.c.mapper.TabMapper.selectByPrimaryKey : 159 ] - <==      Total: 1
2019-04-15 10:16:13.041 [ http-nio-8081-exec-3 ] - [ DEBUG ] [ z.c.mapper.TabMapper.selectByPrimaryKey : 159 ] - ==>  Preparing: select id, tab_name, parent_id, tab_describe from tab where id = ? 
2019-04-15 10:16:13.041 [ http-nio-8081-exec-3 ] - [ DEBUG ] [ z.c.mapper.TabMapper.selectByPrimaryKey : 159 ] - ==> Parameters: 8(Integer)
2019-04-15 10:16:13.043 [ http-nio-8081-exec-3 ] - [ DEBUG ] [ z.c.mapper.TabMapper.selectByPrimaryKey : 159 ] - <==      Total: 1
2019-04-15 10:16:13.043 [ http-nio-8081-exec-3 ] - [ DEBUG ] [ z.c.mapper.TabMapper.selectByPrimaryKey : 159 ] - ==>  Preparing: select id, tab_name, parent_id, tab_describe from tab where id = ? 
2019-04-15 10:16:13.044 [ http-nio-8081-exec-3 ] - [ DEBUG ] [ z.c.mapper.TabMapper.selectByPrimaryKey : 159 ] - ==> Parameters: 8(Integer)
2019-04-15 10:16:13.045 [ http-nio-8081-exec-3 ] - [ DEBUG ] [ z.c.mapper.TabMapper.selectByPrimaryKey : 159 ] - <==      Total: 1
2019-04-15 10:16:13.045 [ http-nio-8081-exec-3 ] - [ DEBUG ] [ z.c.mapper.TabMapper.selectByPrimaryKey : 159 ] - ==>  Preparing: select id, tab_name, parent_id, tab_describe from tab where id = ? 
2019-04-15 10:16:13.046 [ http-nio-8081-exec-3 ] - [ DEBUG ] [ z.c.mapper.TabMapper.selectByPrimaryKey : 159 ] - ==> Parameters: 8(Integer)
2019-04-15 10:16:13.047 [ http-nio-8081-exec-3 ] - [ DEBUG ] [ z.c.mapper.TabMapper.selectByPrimaryKey : 159 ] - <==      Total: 1
2019-04-15 10:16:13.048 [ http-nio-8081-exec-3 ] - [ DEBUG ] [ z.c.mapper.TabMapper.selectByPrimaryKey : 159 ] - ==>  Preparing: select id, tab_name, parent_id, tab_describe from tab where id = ? 
2019-04-15 10:16:13.048 [ http-nio-8081-exec-3 ] - [ DEBUG ] [ z.c.mapper.TabMapper.selectByPrimaryKey : 159 ] - ==> Parameters: 8(Integer)
2019-04-15 10:16:13.050 [ http-nio-8081-exec-3 ] - [ DEBUG ] [ z.c.mapper.TabMapper.selectByPrimaryKey : 159 ] - <==      Total: 1
2019-04-15 10:16:13.050 [ http-nio-8081-exec-3 ] - [ DEBUG ] [ z.c.mapper.TabMapper.selectByPrimaryKey : 159 ] - ==>  Preparing: select id, tab_name, parent_id, tab_describe from tab where id = ? 
2019-04-15 10:16:13.051 [ http-nio-8081-exec-3 ] - [ DEBUG ] [ z.c.mapper.TabMapper.selectByPrimaryKey : 159 ] - ==> Parameters: 8(Integer)
2019-04-15 10:16:13.052 [ http-nio-8081-exec-3 ] - [ DEBUG ] [ z.c.mapper.TabMapper.selectByPrimaryKey : 159 ] - <==      Total: 1
2019-04-15 10:16:13.053 [ http-nio-8081-exec-3 ] - [ DEBUG ] [ z.c.mapper.TabMapper.selectByPrimaryKey : 159 ] - ==>  Preparing: select id, tab_name, parent_id, tab_describe from tab where id = ? 
2019-04-15 10:16:13.053 [ http-nio-8081-exec-3 ] - [ DEBUG ] [ z.c.mapper.TabMapper.selectByPrimaryKey : 159 ] - ==> Parameters: 8(Integer)
2019-04-15 10:16:13.054 [ http-nio-8081-exec-3 ] - [ DEBUG ] [ z.c.mapper.TabMapper.selectByPrimaryKey : 159 ] - <==      Total: 1
2019-04-15 10:16:13.055 [ http-nio-8081-exec-3 ] - [ DEBUG ] [ z.c.mapper.TabMapper.selectByPrimaryKey : 159 ] - ==>  Preparing: select id, tab_name, parent_id, tab_describe from tab where id = ? 
2019-04-15 10:16:13.055 [ http-nio-8081-exec-3 ] - [ DEBUG ] [ z.c.mapper.TabMapper.selectByPrimaryKey : 159 ] - ==> Parameters: 8(Integer)
2019-04-15 10:16:13.057 [ http-nio-8081-exec-3 ] - [ DEBUG ] [ z.c.mapper.TabMapper.selectByPrimaryKey : 159 ] - <==      Total: 1
2019-04-15 10:16:13.057 [ http-nio-8081-exec-3 ] - [ DEBUG ] [ z.c.mapper.TabMapper.selectByPrimaryKey : 159 ] - ==>  Preparing: select id, tab_name, parent_id, tab_describe from tab where id = ? 
2019-04-15 10:16:13.058 [ http-nio-8081-exec-3 ] - [ DEBUG ] [ z.c.mapper.TabMapper.selectByPrimaryKey : 159 ] - ==> Parameters: 8(Integer)
2019-04-15 10:16:13.059 [ http-nio-8081-exec-3 ] - [ DEBUG ] [ z.c.mapper.TabMapper.selectByPrimaryKey : 159 ] - <==      Total: 1
2019-04-15 10:16:13.060 [ http-nio-8081-exec-3 ] - [ DEBUG ] [ z.c.mapper.TabMapper.selectByPrimaryKey : 159 ] - ==>  Preparing: select id, tab_name, parent_id, tab_describe from tab where id = ? 
2019-04-15 10:16:13.060 [ http-nio-8081-exec-3 ] - [ DEBUG ] [ z.c.mapper.TabMapper.selectByPrimaryKey : 159 ] - ==> Parameters: 8(Integer)
2019-04-15 10:16:13.061 [ http-nio-8081-exec-3 ] - [ DEBUG ] [ z.c.mapper.TabMapper.selectByPrimaryKey : 159 ] - <==      Total: 1
2019-04-15 10:16:19.914 [ http-nio-8081-exec-8 ] - [ DEBUG ] [ z.campuscommunity.mapper.TabMapper.selectByExample : 159 ] - ==>  Preparing: select id, tab_name, parent_id, tab_describe from tab WHERE ( parent_id = ? ) 
2019-04-15 10:16:19.915 [ http-nio-8081-exec-8 ] - [ DEBUG ] [ z.campuscommunity.mapper.TabMapper.selectByExample : 159 ] - ==> Parameters: 2(Integer)
2019-04-15 10:16:19.916 [ http-nio-8081-exec-8 ] - [ DEBUG ] [ z.campuscommunity.mapper.TabMapper.selectByExample : 159 ] - <==      Total: 3
2019-04-15 10:16:19.919 [ http-nio-8081-exec-8 ] - [ DEBUG ] [ z.c.mapper.PostMapper.selectByExample : 159 ] - ==>  Preparing: select id, post_user_name, post_title, post_tab_id, post_tab_name, tab_parentid, post_content, post_time, post_content_img, post_user_icon, post_click_count, post_reply_count, post_last_reply, post_last_reply_time, post_last_reply_time_simple from post WHERE ( tab_parentid = ? ) 
2019-04-15 10:16:19.920 [ http-nio-8081-exec-8 ] - [ DEBUG ] [ z.c.mapper.PostMapper.selectByExample : 159 ] - ==> Parameters: 2(Integer)
2019-04-15 10:16:19.923 [ http-nio-8081-exec-8 ] - [ DEBUG ] [ z.c.mapper.PostMapper.selectByExample : 159 ] - <==      Total: 2
