2019-06-11 23:48:25.373 [ main ] - [ INFO  ] [ zyy.campuscommunity.CampuscommunityApplication : 50 ] - Starting CampuscommunityApplication on Zhaoyy_PC with PID 3388 (D:\workplace\ideaPlace\campuscommunity\target\classes started by Zhaoyy_PC in D:\workplace\ideaPlace\campuscommunity)
2019-06-11 23:48:25.382 [ main ] - [ DEBUG ] [ zyy.campuscommunity.CampuscommunityApplication : 53 ] - Running with Spring Boot v2.1.0.RELEASE, Spring v5.1.2.RELEASE
2019-06-11 23:48:25.383 [ main ] - [ INFO  ] [ zyy.campuscommunity.CampuscommunityApplication : 679 ] - The following profiles are active: dev
2019-06-11 23:48:27.401 [ main ] - [ INFO  ] [ org.apache.coyote.http11.Http11NioProtocol : 173 ] - Initializing ProtocolHandler ["http-nio-8088"]
2019-06-11 23:48:27.405 [ main ] - [ INFO  ] [ org.apache.catalina.core.StandardService : 173 ] - Starting service [Tomcat]
2019-06-11 23:48:27.405 [ main ] - [ INFO  ] [ org.apache.catalina.core.StandardEngine : 173 ] - Starting Servlet Engine: Apache Tomcat/9.0.12
2019-06-11 23:48:27.412 [ main ] - [ INFO  ] [ org.apache.catalina.core.AprLifecycleListener : 173 ] - The APR based Apache Tomcat Native library which allows optimal performance in production environments was not found on the java.library.path: [C:\Program Files\Java\jdk1.8.0_121\bin;C:\WINDOWS\Sun\Java\bin;C:\WINDOWS\system32;C:\WINDOWS;C:\ProgramData\Oracle\Java\javapath;C:\WINDOWS\system32;C:\WINDOWS;C:\WINDOWS\System32\Wbem;C:\WINDOWS\System32\WindowsPowerShell\v1.0\;D:\tools\mysql5.7.12\mysql-5.7.12-winx64\bin;D:\tools\python3;C:\WINDOWS\System32\OpenSSH\;D:\tools\svn\bin;D:\tools\node\;C:\Program Files (x86)\NVIDIA Corporation\PhysX\Common;C:\Program Files\NVIDIA Corporation\NVIDIA NvDLISR;C:\Users\Zhaoyy_PC\.app\;C:\Program Files\Java\jdk1.8.0_121\bin;C:\Program Files\Java\jre1.8.0_121\bin;D:\myIcon;;C:\Users\Zhaoyy_PC\AppData\Local\Microsoft\WindowsApps;D:\tools\vscode\Microsoft VS Code\bin;C:\Users\Zhaoyy_PC\AppData\Roaming\npm;.]
2019-06-11 23:48:27.685 [ main ] - [ INFO  ] [ o.a.c.core.ContainerBase.[Tomcat].[localhost].[/] : 173 ] - Initializing Spring embedded WebApplicationContext
2019-06-11 23:48:29.188 [ main ] - [ INFO  ] [ org.apache.coyote.http11.Http11NioProtocol : 173 ] - Starting ProtocolHandler ["http-nio-8088"]
2019-06-11 23:48:29.197 [ main ] - [ INFO  ] [ org.apache.tomcat.util.net.NioSelectorPool : 173 ] - Using a shared selector for servlet write/read
2019-06-11 23:48:29.213 [ main ] - [ INFO  ] [ zyy.campuscommunity.CampuscommunityApplication : 59 ] - Started CampuscommunityApplication in 4.501 seconds (JVM running for 7.652)
2019-06-11 23:51:26.072 [ http-nio-8088-exec-1 ] - [ INFO  ] [ o.a.c.core.ContainerBase.[Tomcat].[localhost].[/] : 173 ] - Initializing Spring DispatcherServlet 'dispatcherServlet'
2019-06-11 23:51:30.109 [ http-nio-8088-exec-5 ] - [ INFO  ] [ com.zaxxer.hikari.HikariDataSource : 110 ] - HikariPool-1 - Starting...
2019-06-11 23:51:32.811 [ http-nio-8088-exec-5 ] - [ INFO  ] [ com.zaxxer.hikari.HikariDataSource : 123 ] - HikariPool-1 - Start completed.
2019-06-11 23:51:32.820 [ http-nio-8088-exec-5 ] - [ DEBUG ] [ z.c.mapper.UserMapper.selectByExample : 159 ] - ==>  Preparing: select id, user_role, user_id, user_name, user_pwd, user_phone, user_college, problem_id, problem_answer, user_sex, user_img, unread_message, post_collection_num, focus_number from user WHERE ( user_name = ? ) 
2019-06-11 23:51:32.846 [ http-nio-8088-exec-5 ] - [ DEBUG ] [ z.c.mapper.UserMapper.selectByExample : 159 ] - ==> Parameters: 一首歌从深情唱(String)
2019-06-11 23:51:32.912 [ http-nio-8088-exec-5 ] - [ DEBUG ] [ z.c.mapper.UserMapper.selectByExample : 159 ] - <==      Total: 1
2019-06-11 23:51:33.215 [ http-nio-8088-exec-5 ] - [ INFO  ] [ io.lettuce.core.EpollProvider : 101 ] - Starting without optional epoll library
2019-06-11 23:51:33.218 [ http-nio-8088-exec-5 ] - [ INFO  ] [ io.lettuce.core.KqueueProvider : 101 ] - Starting without optional kqueue library
2019-06-11 23:51:34.195 [ http-nio-8088-exec-5 ] - [ DEBUG ] [ z.c.mapper.PostMapper.selectByExample : 159 ] - ==>  Preparing: select id, post_user_id, post_user_name, post_title, post_tab_id, post_tab_name, tab_parentid, post_content, post_time, post_content_img, post_user_icon, post_click_count, post_reply_count, post_last_reply, post_last_reply_time, post_last_reply_time_simple from post WHERE ( tab_parentid = ? ) 
2019-06-11 23:51:34.196 [ http-nio-8088-exec-5 ] - [ DEBUG ] [ z.c.mapper.PostMapper.selectByExample : 159 ] - ==> Parameters: 1(Integer)
2019-06-11 23:51:34.204 [ http-nio-8088-exec-5 ] - [ DEBUG ] [ z.c.mapper.PostMapper.selectByExample : 159 ] - <==      Total: 4
2019-06-11 23:51:34.205 [ http-nio-8088-exec-5 ] - [ DEBUG ] [ z.c.mapper.PostMapper.updateByPrimaryKey : 159 ] - ==>  Preparing: update post set post_user_id = ?, post_user_name = ?, post_title = ?, post_tab_id = ?, post_tab_name = ?, tab_parentid = ?, post_content = ?, post_time = ?, post_content_img = ?, post_user_icon = ?, post_click_count = ?, post_reply_count = ?, post_last_reply = ?, post_last_reply_time = ?, post_last_reply_time_simple = ? where id = ? 
2019-06-11 23:51:34.206 [ http-nio-8088-exec-5 ] - [ DEBUG ] [ z.c.mapper.PostMapper.updateByPrimaryKey : 159 ] - ==> Parameters: 2(Integer), 吹不散眉弯(String), 今天学到了一点新的东西，跟同学们分享一下(String), 9(Integer), 工学(String), 1(Integer), 今天学习了设计模式，发现里面很多东西都非常值得思考，今天刚刚学习了策略模式，感觉非常不错，希望大家都可以学习一下，(String), 2019-03-29 10:38:08(String), 51d89138-372b-42e7-91c9-78afef1c52a3.PNG(String), (String), 451(Integer), 16(Integer), 一首歌从深情唱(String), 2019-05-31 19:18:00(String), 11天4小时33分钟之前(String), 2(Integer)
2019-06-11 23:51:34.358 [ http-nio-8088-exec-5 ] - [ DEBUG ] [ z.c.mapper.PostMapper.updateByPrimaryKey : 159 ] - <==    Updates: 1
2019-06-11 23:51:34.359 [ http-nio-8088-exec-5 ] - [ DEBUG ] [ z.c.mapper.PostMapper.updateByPrimaryKey : 159 ] - ==>  Preparing: update post set post_user_id = ?, post_user_name = ?, post_title = ?, post_tab_id = ?, post_tab_name = ?, tab_parentid = ?, post_content = ?, post_time = ?, post_content_img = ?, post_user_icon = ?, post_click_count = ?, post_reply_count = ?, post_last_reply = ?, post_last_reply_time = ?, post_last_reply_time_simple = ? where id = ? 
2019-06-11 23:51:34.360 [ http-nio-8088-exec-5 ] - [ DEBUG ] [ z.c.mapper.PostMapper.updateByPrimaryKey : 159 ] - ==> Parameters: 1(Integer), root(String), B 站的同学，你们能不能不要在移动端主页投毒了？(String), 10(Integer), 理学(String), 1(Integer), 每次手机重装系统之后去 B 站主页( https://m.bilibili.com/index.html) 下客户端，都会下到国际版。只能安装客户端后去问客服要国内的客户端，再重新装一次。​为什么移动端首页不能改成国内的？国际版的没有免流服务，我要它何用？(String), 2019-04-01 09:09:08(String), (String), (String), 61(Integer), 2(Integer), 朝气蓬勃(String), 2019-05-05 15:57:41(String), 37天7小时53分钟之前(String), 4(Integer)
2019-06-11 23:51:34.370 [ http-nio-8088-exec-5 ] - [ DEBUG ] [ z.c.mapper.PostMapper.updateByPrimaryKey : 159 ] - <==    Updates: 1
2019-06-11 23:51:34.371 [ http-nio-8088-exec-5 ] - [ DEBUG ] [ z.c.mapper.PostMapper.updateByPrimaryKey : 159 ] - ==>  Preparing: update post set post_user_id = ?, post_user_name = ?, post_title = ?, post_tab_id = ?, post_tab_name = ?, tab_parentid = ?, post_content = ?, post_time = ?, post_content_img = ?, post_user_icon = ?, post_click_count = ?, post_reply_count = ?, post_last_reply = ?, post_last_reply_time = ?, post_last_reply_time_simple = ? where id = ? 
2019-06-11 23:51:34.372 [ http-nio-8088-exec-5 ] - [ DEBUG ] [ z.c.mapper.PostMapper.updateByPrimaryKey : 159 ] - ==> Parameters: 2(Integer), 吹不散眉弯(String), 测试下管理学代码(String), 12(Integer), 管理学(String), 1(Integer), 如果管理学代码测试成功！，那么今天就完成了很大的一部分工作！加油 2019/4/1(String), 2019-04-01 11:27:28(String), (String), null, 159(Integer), 8(Integer), 一首歌从深情唱(String), 2019-05-17 14:36:45(String), 25天9小时14分钟之前(String), 5(Integer)
2019-06-11 23:51:34.379 [ http-nio-8088-exec-5 ] - [ DEBUG ] [ z.c.mapper.PostMapper.updateByPrimaryKey : 159 ] - <==    Updates: 1
2019-06-11 23:51:34.380 [ http-nio-8088-exec-5 ] - [ DEBUG ] [ z.c.mapper.PostMapper.updateByPrimaryKey : 159 ] - ==>  Preparing: update post set post_user_id = ?, post_user_name = ?, post_title = ?, post_tab_id = ?, post_tab_name = ?, tab_parentid = ?, post_content = ?, post_time = ?, post_content_img = ?, post_user_icon = ?, post_click_count = ?, post_reply_count = ?, post_last_reply = ?, post_last_reply_time = ?, post_last_reply_time_simple = ? where id = ? 
2019-06-11 23:51:34.381 [ http-nio-8088-exec-5 ] - [ DEBUG ] [ z.c.mapper.PostMapper.updateByPrimaryKey : 159 ] - ==> Parameters: 2(Integer), 吹不散眉弯(String), 理学的二次测试(String), 10(Integer), 理学(String), 1(Integer), 如果这次理学测试成功，那么真的一二级标题联动就正式写完了！(String), 2019-04-01 16:09:43(String), (String), null, 105(Integer), 10(Integer), root(String), 2019-05-28 22:13:08(String), 14天1小时38分钟之前(String), 6(Integer)
2019-06-11 23:51:34.388 [ http-nio-8088-exec-5 ] - [ DEBUG ] [ z.c.mapper.PostMapper.updateByPrimaryKey : 159 ] - <==    Updates: 1
2019-06-11 23:51:34.390 [ http-nio-8088-exec-5 ] - [ DEBUG ] [ z.campuscommunity.mapper.TabMapper.selectByExample : 159 ] - ==>  Preparing: select id, tab_name, parent_id, tab_describe from tab WHERE ( parent_id = ? ) 
2019-06-11 23:51:34.390 [ http-nio-8088-exec-5 ] - [ DEBUG ] [ z.campuscommunity.mapper.TabMapper.selectByExample : 159 ] - ==> Parameters: 1(Integer)
2019-06-11 23:51:34.400 [ http-nio-8088-exec-5 ] - [ DEBUG ] [ z.campuscommunity.mapper.TabMapper.selectByExample : 159 ] - <==      Total: 9
2019-06-11 23:51:34.463 [ http-nio-8088-exec-5 ] - [ DEBUG ] [ z.c.mapper.ProblemMapper.getAllProblem : 159 ] - ==>  Preparing: select * from problem 
2019-06-11 23:51:34.464 [ http-nio-8088-exec-5 ] - [ DEBUG ] [ z.c.mapper.ProblemMapper.getAllProblem : 159 ] - ==> Parameters: 
2019-06-11 23:51:34.484 [ http-nio-8088-exec-5 ] - [ DEBUG ] [ z.c.mapper.ProblemMapper.getAllProblem : 159 ] - <==      Total: 9
2019-06-11 23:51:34.592 [ http-nio-8088-exec-7 ] - [ DEBUG ] [ z.c.mapper.PostMapper.selectByExample : 159 ] - ==>  Preparing: select id, post_user_id, post_user_name, post_title, post_tab_id, post_tab_name, tab_parentid, post_content, post_time, post_content_img, post_user_icon, post_click_count, post_reply_count, post_last_reply, post_last_reply_time, post_last_reply_time_simple from post WHERE ( tab_parentid = ? ) 
2019-06-11 23:51:34.593 [ http-nio-8088-exec-7 ] - [ DEBUG ] [ z.c.mapper.PostMapper.selectByExample : 159 ] - ==> Parameters: 1(Integer)
2019-06-11 23:51:34.596 [ http-nio-8088-exec-7 ] - [ DEBUG ] [ z.c.mapper.PostMapper.selectByExample : 159 ] - <==      Total: 4
2019-06-11 23:51:35.230 [ http-nio-8088-exec-2 ] - [ DEBUG ] [ zyy.campuscommunity.mapper.TabMapper.selectAllTabs : 159 ] - ==>  Preparing: select id, tab_name, parent_id, tab_describe from tab 
2019-06-11 23:51:35.230 [ http-nio-8088-exec-2 ] - [ DEBUG ] [ zyy.campuscommunity.mapper.TabMapper.selectAllTabs : 159 ] - ==> Parameters: 
2019-06-11 23:51:35.236 [ http-nio-8088-exec-2 ] - [ DEBUG ] [ zyy.campuscommunity.mapper.TabMapper.selectAllTabs : 159 ] - <==      Total: 64
2019-06-11 23:51:35.238 [ http-nio-8088-exec-2 ] - [ DEBUG ] [ z.campuscommunity.mapper.TabMapper.selectByExample : 159 ] - ==>  Preparing: select id, tab_name, parent_id, tab_describe from tab WHERE ( parent_id = ? ) 
2019-06-11 23:51:35.238 [ http-nio-8088-exec-2 ] - [ DEBUG ] [ z.campuscommunity.mapper.TabMapper.selectByExample : 159 ] - ==> Parameters: 8(Integer)
2019-06-11 23:51:35.240 [ http-nio-8088-exec-2 ] - [ DEBUG ] [ z.campuscommunity.mapper.TabMapper.selectByExample : 159 ] - <==      Total: 19
2019-06-11 23:51:35.242 [ http-nio-8088-exec-2 ] - [ DEBUG ] [ z.c.mapper.TabMapper.selectByPrimaryKey : 159 ] - ==>  Preparing: select id, tab_name, parent_id, tab_describe from tab where id = ? 
2019-06-11 23:51:35.242 [ http-nio-8088-exec-2 ] - [ DEBUG ] [ z.c.mapper.TabMapper.selectByPrimaryKey : 159 ] - ==> Parameters: 1(Integer)
2019-06-11 23:51:35.244 [ http-nio-8088-exec-2 ] - [ DEBUG ] [ z.c.mapper.TabMapper.selectByPrimaryKey : 159 ] - <==      Total: 1
2019-06-11 23:51:35.245 [ http-nio-8088-exec-2 ] - [ DEBUG ] [ z.c.mapper.TabMapper.selectByPrimaryKey : 159 ] - ==>  Preparing: select id, tab_name, parent_id, tab_describe from tab where id = ? 
2019-06-11 23:51:35.245 [ http-nio-8088-exec-2 ] - [ DEBUG ] [ z.c.mapper.TabMapper.selectByPrimaryKey : 159 ] - ==> Parameters: 1(Integer)
2019-06-11 23:51:35.246 [ http-nio-8088-exec-2 ] - [ DEBUG ] [ z.c.mapper.TabMapper.selectByPrimaryKey : 159 ] - <==      Total: 1
2019-06-11 23:51:35.247 [ http-nio-8088-exec-2 ] - [ DEBUG ] [ z.c.mapper.TabMapper.selectByPrimaryKey : 159 ] - ==>  Preparing: select id, tab_name, parent_id, tab_describe from tab where id = ? 
2019-06-11 23:51:35.247 [ http-nio-8088-exec-2 ] - [ DEBUG ] [ z.c.mapper.TabMapper.selectByPrimaryKey : 159 ] - ==> Parameters: 1(Integer)
2019-06-11 23:51:35.248 [ http-nio-8088-exec-2 ] - [ DEBUG ] [ z.c.mapper.TabMapper.selectByPrimaryKey : 159 ] - <==      Total: 1
2019-06-11 23:51:35.249 [ http-nio-8088-exec-2 ] - [ DEBUG ] [ z.c.mapper.TabMapper.selectByPrimaryKey : 159 ] - ==>  Preparing: select id, tab_name, parent_id, tab_describe from tab where id = ? 
2019-06-11 23:51:35.249 [ http-nio-8088-exec-2 ] - [ DEBUG ] [ z.c.mapper.TabMapper.selectByPrimaryKey : 159 ] - ==> Parameters: 2(Integer)
2019-06-11 23:51:35.251 [ http-nio-8088-exec-2 ] - [ DEBUG ] [ z.c.mapper.TabMapper.selectByPrimaryKey : 159 ] - <==      Total: 1
2019-06-11 23:51:35.251 [ http-nio-8088-exec-2 ] - [ DEBUG ] [ z.c.mapper.TabMapper.selectByPrimaryKey : 159 ] - ==>  Preparing: select id, tab_name, parent_id, tab_describe from tab where id = ? 
2019-06-11 23:51:35.252 [ http-nio-8088-exec-2 ] - [ DEBUG ] [ z.c.mapper.TabMapper.selectByPrimaryKey : 159 ] - ==> Parameters: 2(Integer)
2019-06-11 23:51:35.254 [ http-nio-8088-exec-2 ] - [ DEBUG ] [ z.c.mapper.TabMapper.selectByPrimaryKey : 159 ] - <==      Total: 1
2019-06-11 23:51:35.255 [ http-nio-8088-exec-2 ] - [ DEBUG ] [ z.c.mapper.TabMapper.selectByPrimaryKey : 159 ] - ==>  Preparing: select id, tab_name, parent_id, tab_describe from tab where id = ? 
2019-06-11 23:51:35.255 [ http-nio-8088-exec-2 ] - [ DEBUG ] [ z.c.mapper.TabMapper.selectByPrimaryKey : 159 ] - ==> Parameters: 2(Integer)
2019-06-11 23:51:35.287 [ http-nio-8088-exec-2 ] - [ DEBUG ] [ z.c.mapper.TabMapper.selectByPrimaryKey : 159 ] - <==      Total: 1
2019-06-11 23:51:35.287 [ http-nio-8088-exec-2 ] - [ DEBUG ] [ z.c.mapper.TabMapper.selectByPrimaryKey : 159 ] - ==>  Preparing: select id, tab_name, parent_id, tab_describe from tab where id = ? 
2019-06-11 23:51:35.288 [ http-nio-8088-exec-2 ] - [ DEBUG ] [ z.c.mapper.TabMapper.selectByPrimaryKey : 159 ] - ==> Parameters: 4(Integer)
2019-06-11 23:51:35.289 [ http-nio-8088-exec-2 ] - [ DEBUG ] [ z.c.mapper.TabMapper.selectByPrimaryKey : 159 ] - <==      Total: 1
2019-06-11 23:51:35.290 [ http-nio-8088-exec-2 ] - [ DEBUG ] [ z.c.mapper.TabMapper.selectByPrimaryKey : 159 ] - ==>  Preparing: select id, tab_name, parent_id, tab_describe from tab where id = ? 
2019-06-11 23:51:35.290 [ http-nio-8088-exec-2 ] - [ DEBUG ] [ z.c.mapper.TabMapper.selectByPrimaryKey : 159 ] - ==> Parameters: 1(Integer)
2019-06-11 23:51:35.291 [ http-nio-8088-exec-2 ] - [ DEBUG ] [ z.c.mapper.TabMapper.selectByPrimaryKey : 159 ] - <==      Total: 1
2019-06-11 23:51:35.292 [ http-nio-8088-exec-2 ] - [ DEBUG ] [ z.c.mapper.TabMapper.selectByPrimaryKey : 159 ] - ==>  Preparing: select id, tab_name, parent_id, tab_describe from tab where id = ? 
2019-06-11 23:51:35.292 [ http-nio-8088-exec-2 ] - [ DEBUG ] [ z.c.mapper.TabMapper.selectByPrimaryKey : 159 ] - ==> Parameters: 1(Integer)
2019-06-11 23:51:35.294 [ http-nio-8088-exec-2 ] - [ DEBUG ] [ z.c.mapper.TabMapper.selectByPrimaryKey : 159 ] - <==      Total: 1
2019-06-11 23:51:35.296 [ http-nio-8088-exec-2 ] - [ DEBUG ] [ z.c.mapper.TabMapper.selectByPrimaryKey : 159 ] - ==>  Preparing: select id, tab_name, parent_id, tab_describe from tab where id = ? 
2019-06-11 23:51:35.296 [ http-nio-8088-exec-2 ] - [ DEBUG ] [ z.c.mapper.TabMapper.selectByPrimaryKey : 159 ] - ==> Parameters: 1(Integer)
2019-06-11 23:51:35.298 [ http-nio-8088-exec-2 ] - [ DEBUG ] [ z.c.mapper.TabMapper.selectByPrimaryKey : 159 ] - <==      Total: 1
2019-06-11 23:51:35.298 [ http-nio-8088-exec-2 ] - [ DEBUG ] [ z.c.mapper.TabMapper.selectByPrimaryKey : 159 ] - ==>  Preparing: select id, tab_name, parent_id, tab_describe from tab where id = ? 
2019-06-11 23:51:35.299 [ http-nio-8088-exec-2 ] - [ DEBUG ] [ z.c.mapper.TabMapper.selectByPrimaryKey : 159 ] - ==> Parameters: 1(Integer)
2019-06-11 23:51:35.300 [ http-nio-8088-exec-2 ] - [ DEBUG ] [ z.c.mapper.TabMapper.selectByPrimaryKey : 159 ] - <==      Total: 1
2019-06-11 23:51:35.300 [ http-nio-8088-exec-2 ] - [ DEBUG ] [ z.c.mapper.TabMapper.selectByPrimaryKey : 159 ] - ==>  Preparing: select id, tab_name, parent_id, tab_describe from tab where id = ? 
2019-06-11 23:51:35.301 [ http-nio-8088-exec-2 ] - [ DEBUG ] [ z.c.mapper.TabMapper.selectByPrimaryKey : 159 ] - ==> Parameters: 1(Integer)
2019-06-11 23:51:35.302 [ http-nio-8088-exec-2 ] - [ DEBUG ] [ z.c.mapper.TabMapper.selectByPrimaryKey : 159 ] - <==      Total: 1
2019-06-11 23:51:35.302 [ http-nio-8088-exec-2 ] - [ DEBUG ] [ z.c.mapper.TabMapper.selectByPrimaryKey : 159 ] - ==>  Preparing: select id, tab_name, parent_id, tab_describe from tab where id = ? 
2019-06-11 23:51:35.303 [ http-nio-8088-exec-2 ] - [ DEBUG ] [ z.c.mapper.TabMapper.selectByPrimaryKey : 159 ] - ==> Parameters: 4(Integer)
2019-06-11 23:51:35.304 [ http-nio-8088-exec-2 ] - [ DEBUG ] [ z.c.mapper.TabMapper.selectByPrimaryKey : 159 ] - <==      Total: 1
2019-06-11 23:51:35.305 [ http-nio-8088-exec-2 ] - [ DEBUG ] [ z.c.mapper.TabMapper.selectByPrimaryKey : 159 ] - ==>  Preparing: select id, tab_name, parent_id, tab_describe from tab where id = ? 
2019-06-11 23:51:35.305 [ http-nio-8088-exec-2 ] - [ DEBUG ] [ z.c.mapper.TabMapper.selectByPrimaryKey : 159 ] - ==> Parameters: 4(Integer)
2019-06-11 23:51:35.306 [ http-nio-8088-exec-2 ] - [ DEBUG ] [ z.c.mapper.TabMapper.selectByPrimaryKey : 159 ] - <==      Total: 1
2019-06-11 23:51:35.307 [ http-nio-8088-exec-2 ] - [ DEBUG ] [ z.c.mapper.TabMapper.selectByPrimaryKey : 159 ] - ==>  Preparing: select id, tab_name, parent_id, tab_describe from tab where id = ? 
2019-06-11 23:51:35.307 [ http-nio-8088-exec-2 ] - [ DEBUG ] [ z.c.mapper.TabMapper.selectByPrimaryKey : 159 ] - ==> Parameters: 7(Integer)
2019-06-11 23:51:35.309 [ http-nio-8088-exec-2 ] - [ DEBUG ] [ z.c.mapper.TabMapper.selectByPrimaryKey : 159 ] - <==      Total: 1
2019-06-11 23:51:35.310 [ http-nio-8088-exec-2 ] - [ DEBUG ] [ z.c.mapper.TabMapper.selectByPrimaryKey : 159 ] - ==>  Preparing: select id, tab_name, parent_id, tab_describe from tab where id = ? 
2019-06-11 23:51:35.310 [ http-nio-8088-exec-2 ] - [ DEBUG ] [ z.c.mapper.TabMapper.selectByPrimaryKey : 159 ] - ==> Parameters: 7(Integer)
2019-06-11 23:51:35.311 [ http-nio-8088-exec-2 ] - [ DEBUG ] [ z.c.mapper.TabMapper.selectByPrimaryKey : 159 ] - <==      Total: 1
2019-06-11 23:51:35.312 [ http-nio-8088-exec-2 ] - [ DEBUG ] [ z.c.mapper.TabMapper.selectByPrimaryKey : 159 ] - ==>  Preparing: select id, tab_name, parent_id, tab_describe from tab where id = ? 
2019-06-11 23:51:35.312 [ http-nio-8088-exec-2 ] - [ DEBUG ] [ z.c.mapper.TabMapper.selectByPrimaryKey : 159 ] - ==> Parameters: 1(Integer)
2019-06-11 23:51:35.314 [ http-nio-8088-exec-2 ] - [ DEBUG ] [ z.c.mapper.TabMapper.selectByPrimaryKey : 159 ] - <==      Total: 1
2019-06-11 23:51:35.314 [ http-nio-8088-exec-2 ] - [ DEBUG ] [ z.c.mapper.TabMapper.selectByPrimaryKey : 159 ] - ==>  Preparing: select id, tab_name, parent_id, tab_describe from tab where id = ? 
2019-06-11 23:51:35.315 [ http-nio-8088-exec-2 ] - [ DEBUG ] [ z.c.mapper.TabMapper.selectByPrimaryKey : 159 ] - ==> Parameters: 3(Integer)
2019-06-11 23:51:35.316 [ http-nio-8088-exec-2 ] - [ DEBUG ] [ z.c.mapper.TabMapper.selectByPrimaryKey : 159 ] - <==      Total: 1
2019-06-11 23:51:35.317 [ http-nio-8088-exec-2 ] - [ DEBUG ] [ z.c.mapper.TabMapper.selectByPrimaryKey : 159 ] - ==>  Preparing: select id, tab_name, parent_id, tab_describe from tab where id = ? 
2019-06-11 23:51:35.317 [ http-nio-8088-exec-2 ] - [ DEBUG ] [ z.c.mapper.TabMapper.selectByPrimaryKey : 159 ] - ==> Parameters: 3(Integer)
2019-06-11 23:51:35.318 [ http-nio-8088-exec-2 ] - [ DEBUG ] [ z.c.mapper.TabMapper.selectByPrimaryKey : 159 ] - <==      Total: 1
2019-06-11 23:51:35.320 [ http-nio-8088-exec-2 ] - [ DEBUG ] [ z.c.mapper.TabMapper.selectByPrimaryKey : 159 ] - ==>  Preparing: select id, tab_name, parent_id, tab_describe from tab where id = ? 
2019-06-11 23:51:35.320 [ http-nio-8088-exec-2 ] - [ DEBUG ] [ z.c.mapper.TabMapper.selectByPrimaryKey : 159 ] - ==> Parameters: 3(Integer)
2019-06-11 23:51:35.321 [ http-nio-8088-exec-2 ] - [ DEBUG ] [ z.c.mapper.TabMapper.selectByPrimaryKey : 159 ] - <==      Total: 1
2019-06-11 23:51:35.322 [ http-nio-8088-exec-2 ] - [ DEBUG ] [ z.c.mapper.TabMapper.selectByPrimaryKey : 159 ] - ==>  Preparing: select id, tab_name, parent_id, tab_describe from tab where id = ? 
2019-06-11 23:51:35.322 [ http-nio-8088-exec-2 ] - [ DEBUG ] [ z.c.mapper.TabMapper.selectByPrimaryKey : 159 ] - ==> Parameters: 3(Integer)
2019-06-11 23:51:35.323 [ http-nio-8088-exec-2 ] - [ DEBUG ] [ z.c.mapper.TabMapper.selectByPrimaryKey : 159 ] - <==      Total: 1
2019-06-11 23:51:35.324 [ http-nio-8088-exec-2 ] - [ DEBUG ] [ z.c.mapper.TabMapper.selectByPrimaryKey : 159 ] - ==>  Preparing: select id, tab_name, parent_id, tab_describe from tab where id = ? 
2019-06-11 23:51:35.324 [ http-nio-8088-exec-2 ] - [ DEBUG ] [ z.c.mapper.TabMapper.selectByPrimaryKey : 159 ] - ==> Parameters: 3(Integer)
2019-06-11 23:51:35.325 [ http-nio-8088-exec-2 ] - [ DEBUG ] [ z.c.mapper.TabMapper.selectByPrimaryKey : 159 ] - <==      Total: 1
2019-06-11 23:51:35.326 [ http-nio-8088-exec-2 ] - [ DEBUG ] [ z.c.mapper.TabMapper.selectByPrimaryKey : 159 ] - ==>  Preparing: select id, tab_name, parent_id, tab_describe from tab where id = ? 
2019-06-11 23:51:35.326 [ http-nio-8088-exec-2 ] - [ DEBUG ] [ z.c.mapper.TabMapper.selectByPrimaryKey : 159 ] - ==> Parameters: 3(Integer)
2019-06-11 23:51:35.327 [ http-nio-8088-exec-2 ] - [ DEBUG ] [ z.c.mapper.TabMapper.selectByPrimaryKey : 159 ] - <==      Total: 1
2019-06-11 23:51:35.328 [ http-nio-8088-exec-2 ] - [ DEBUG ] [ z.c.mapper.TabMapper.selectByPrimaryKey : 159 ] - ==>  Preparing: select id, tab_name, parent_id, tab_describe from tab where id = ? 
2019-06-11 23:51:35.328 [ http-nio-8088-exec-2 ] - [ DEBUG ] [ z.c.mapper.TabMapper.selectByPrimaryKey : 159 ] - ==> Parameters: 3(Integer)
2019-06-11 23:51:35.329 [ http-nio-8088-exec-2 ] - [ DEBUG ] [ z.c.mapper.TabMapper.selectByPrimaryKey : 159 ] - <==      Total: 1
2019-06-11 23:51:35.330 [ http-nio-8088-exec-2 ] - [ DEBUG ] [ z.c.mapper.TabMapper.selectByPrimaryKey : 159 ] - ==>  Preparing: select id, tab_name, parent_id, tab_describe from tab where id = ? 
2019-06-11 23:51:35.330 [ http-nio-8088-exec-2 ] - [ DEBUG ] [ z.c.mapper.TabMapper.selectByPrimaryKey : 159 ] - ==> Parameters: 4(Integer)
2019-06-11 23:51:35.331 [ http-nio-8088-exec-2 ] - [ DEBUG ] [ z.c.mapper.TabMapper.selectByPrimaryKey : 159 ] - <==      Total: 1
2019-06-11 23:51:35.332 [ http-nio-8088-exec-2 ] - [ DEBUG ] [ z.c.mapper.TabMapper.selectByPrimaryKey : 159 ] - ==>  Preparing: select id, tab_name, parent_id, tab_describe from tab where id = ? 
2019-06-11 23:51:35.332 [ http-nio-8088-exec-2 ] - [ DEBUG ] [ z.c.mapper.TabMapper.selectByPrimaryKey : 159 ] - ==> Parameters: 4(Integer)
2019-06-11 23:51:35.333 [ http-nio-8088-exec-2 ] - [ DEBUG ] [ z.c.mapper.TabMapper.selectByPrimaryKey : 159 ] - <==      Total: 1
2019-06-11 23:51:35.334 [ http-nio-8088-exec-2 ] - [ DEBUG ] [ z.c.mapper.TabMapper.selectByPrimaryKey : 159 ] - ==>  Preparing: select id, tab_name, parent_id, tab_describe from tab where id = ? 
2019-06-11 23:51:35.334 [ http-nio-8088-exec-2 ] - [ DEBUG ] [ z.c.mapper.TabMapper.selectByPrimaryKey : 159 ] - ==> Parameters: 5(Integer)
2019-06-11 23:51:35.335 [ http-nio-8088-exec-2 ] - [ DEBUG ] [ z.c.mapper.TabMapper.selectByPrimaryKey : 159 ] - <==      Total: 1
2019-06-11 23:51:35.336 [ http-nio-8088-exec-2 ] - [ DEBUG ] [ z.c.mapper.TabMapper.selectByPrimaryKey : 159 ] - ==>  Preparing: select id, tab_name, parent_id, tab_describe from tab where id = ? 
2019-06-11 23:51:35.336 [ http-nio-8088-exec-2 ] - [ DEBUG ] [ z.c.mapper.TabMapper.selectByPrimaryKey : 159 ] - ==> Parameters: 5(Integer)
2019-06-11 23:51:35.337 [ http-nio-8088-exec-2 ] - [ DEBUG ] [ z.c.mapper.TabMapper.selectByPrimaryKey : 159 ] - <==      Total: 1
2019-06-11 23:51:35.344 [ http-nio-8088-exec-2 ] - [ DEBUG ] [ z.c.mapper.TabMapper.selectByPrimaryKey : 159 ] - ==>  Preparing: select id, tab_name, parent_id, tab_describe from tab where id = ? 
2019-06-11 23:51:35.344 [ http-nio-8088-exec-2 ] - [ DEBUG ] [ z.c.mapper.TabMapper.selectByPrimaryKey : 159 ] - ==> Parameters: 5(Integer)
2019-06-11 23:51:35.345 [ http-nio-8088-exec-2 ] - [ DEBUG ] [ z.c.mapper.TabMapper.selectByPrimaryKey : 159 ] - <==      Total: 1
2019-06-11 23:51:35.346 [ http-nio-8088-exec-2 ] - [ DEBUG ] [ z.c.mapper.TabMapper.selectByPrimaryKey : 159 ] - ==>  Preparing: select id, tab_name, parent_id, tab_describe from tab where id = ? 
2019-06-11 23:51:35.346 [ http-nio-8088-exec-2 ] - [ DEBUG ] [ z.c.mapper.TabMapper.selectByPrimaryKey : 159 ] - ==> Parameters: 5(Integer)
2019-06-11 23:51:35.347 [ http-nio-8088-exec-2 ] - [ DEBUG ] [ z.c.mapper.TabMapper.selectByPrimaryKey : 159 ] - <==      Total: 1
2019-06-11 23:51:35.347 [ http-nio-8088-exec-2 ] - [ DEBUG ] [ z.c.mapper.TabMapper.selectByPrimaryKey : 159 ] - ==>  Preparing: select id, tab_name, parent_id, tab_describe from tab where id = ? 
2019-06-11 23:51:35.348 [ http-nio-8088-exec-2 ] - [ DEBUG ] [ z.c.mapper.TabMapper.selectByPrimaryKey : 159 ] - ==> Parameters: 5(Integer)
2019-06-11 23:51:35.349 [ http-nio-8088-exec-2 ] - [ DEBUG ] [ z.c.mapper.TabMapper.selectByPrimaryKey : 159 ] - <==      Total: 1
2019-06-11 23:51:35.350 [ http-nio-8088-exec-2 ] - [ DEBUG ] [ z.c.mapper.TabMapper.selectByPrimaryKey : 159 ] - ==>  Preparing: select id, tab_name, parent_id, tab_describe from tab where id = ? 
2019-06-11 23:51:35.350 [ http-nio-8088-exec-2 ] - [ DEBUG ] [ z.c.mapper.TabMapper.selectByPrimaryKey : 159 ] - ==> Parameters: 5(Integer)
2019-06-11 23:51:35.351 [ http-nio-8088-exec-2 ] - [ DEBUG ] [ z.c.mapper.TabMapper.selectByPrimaryKey : 159 ] - <==      Total: 1
2019-06-11 23:51:35.351 [ http-nio-8088-exec-2 ] - [ DEBUG ] [ z.c.mapper.TabMapper.selectByPrimaryKey : 159 ] - ==>  Preparing: select id, tab_name, parent_id, tab_describe from tab where id = ? 
2019-06-11 23:51:35.352 [ http-nio-8088-exec-2 ] - [ DEBUG ] [ z.c.mapper.TabMapper.selectByPrimaryKey : 159 ] - ==> Parameters: 5(Integer)
2019-06-11 23:51:35.353 [ http-nio-8088-exec-2 ] - [ DEBUG ] [ z.c.mapper.TabMapper.selectByPrimaryKey : 159 ] - <==      Total: 1
2019-06-11 23:51:35.354 [ http-nio-8088-exec-2 ] - [ DEBUG ] [ z.c.mapper.TabMapper.selectByPrimaryKey : 159 ] - ==>  Preparing: select id, tab_name, parent_id, tab_describe from tab where id = ? 
2019-06-11 23:51:35.354 [ http-nio-8088-exec-2 ] - [ DEBUG ] [ z.c.mapper.TabMapper.selectByPrimaryKey : 159 ] - ==> Parameters: 6(Integer)
2019-06-11 23:51:35.355 [ http-nio-8088-exec-2 ] - [ DEBUG ] [ z.c.mapper.TabMapper.selectByPrimaryKey : 159 ] - <==      Total: 1
2019-06-11 23:51:35.355 [ http-nio-8088-exec-2 ] - [ DEBUG ] [ z.c.mapper.TabMapper.selectByPrimaryKey : 159 ] - ==>  Preparing: select id, tab_name, parent_id, tab_describe from tab where id = ? 
2019-06-11 23:51:35.355 [ http-nio-8088-exec-2 ] - [ DEBUG ] [ z.c.mapper.TabMapper.selectByPrimaryKey : 159 ] - ==> Parameters: 6(Integer)
2019-06-11 23:51:35.356 [ http-nio-8088-exec-2 ] - [ DEBUG ] [ z.c.mapper.TabMapper.selectByPrimaryKey : 159 ] - <==      Total: 1
2019-06-11 23:51:35.357 [ http-nio-8088-exec-2 ] - [ DEBUG ] [ z.c.mapper.TabMapper.selectByPrimaryKey : 159 ] - ==>  Preparing: select id, tab_name, parent_id, tab_describe from tab where id = ? 
2019-06-11 23:51:35.357 [ http-nio-8088-exec-2 ] - [ DEBUG ] [ z.c.mapper.TabMapper.selectByPrimaryKey : 159 ] - ==> Parameters: 7(Integer)
2019-06-11 23:51:35.358 [ http-nio-8088-exec-2 ] - [ DEBUG ] [ z.c.mapper.TabMapper.selectByPrimaryKey : 159 ] - <==      Total: 1
2019-06-11 23:51:35.358 [ http-nio-8088-exec-2 ] - [ DEBUG ] [ z.c.mapper.TabMapper.selectByPrimaryKey : 159 ] - ==>  Preparing: select id, tab_name, parent_id, tab_describe from tab where id = ? 
2019-06-11 23:51:35.359 [ http-nio-8088-exec-2 ] - [ DEBUG ] [ z.c.mapper.TabMapper.selectByPrimaryKey : 159 ] - ==> Parameters: 4(Integer)
2019-06-11 23:51:35.360 [ http-nio-8088-exec-2 ] - [ DEBUG ] [ z.c.mapper.TabMapper.selectByPrimaryKey : 159 ] - <==      Total: 1
2019-06-11 23:52:04.706 [ http-nio-8088-exec-6 ] - [ DEBUG ] [ z.campuscommunity.mapper.TabMapper.selectByExample : 159 ] - ==>  Preparing: select id, tab_name, parent_id, tab_describe from tab WHERE ( parent_id = ? ) 
2019-06-11 23:52:04.706 [ http-nio-8088-exec-6 ] - [ DEBUG ] [ z.campuscommunity.mapper.TabMapper.selectByExample : 159 ] - ==> Parameters: 3(Integer)
2019-06-11 23:52:04.708 [ http-nio-8088-exec-6 ] - [ DEBUG ] [ z.campuscommunity.mapper.TabMapper.selectByExample : 159 ] - <==      Total: 7
2019-06-11 23:52:04.710 [ http-nio-8088-exec-6 ] - [ DEBUG ] [ z.c.mapper.PostMapper.selectByExample : 159 ] - ==>  Preparing: select id, post_user_id, post_user_name, post_title, post_tab_id, post_tab_name, tab_parentid, post_content, post_time, post_content_img, post_user_icon, post_click_count, post_reply_count, post_last_reply, post_last_reply_time, post_last_reply_time_simple from post WHERE ( tab_parentid = ? ) 
2019-06-11 23:52:04.710 [ http-nio-8088-exec-6 ] - [ DEBUG ] [ z.c.mapper.PostMapper.selectByExample : 159 ] - ==> Parameters: 3(Integer)
2019-06-11 23:52:04.712 [ http-nio-8088-exec-6 ] - [ DEBUG ] [ z.c.mapper.PostMapper.selectByExample : 159 ] - <==      Total: 1
2019-06-11 23:52:06.495 [ http-nio-8088-exec-5 ] - [ DEBUG ] [ z.c.mapper.PostMapper.selectByPrimaryKey : 159 ] - ==>  Preparing: select id, post_user_id, post_user_name, post_title, post_tab_id, post_tab_name, tab_parentid, post_content, post_time, post_content_img, post_user_icon, post_click_count, post_reply_count, post_last_reply, post_last_reply_time, post_last_reply_time_simple from post where id = ? 
2019-06-11 23:52:06.496 [ http-nio-8088-exec-5 ] - [ DEBUG ] [ z.c.mapper.PostMapper.selectByPrimaryKey : 159 ] - ==> Parameters: 11(Integer)
2019-06-11 23:52:06.497 [ http-nio-8088-exec-5 ] - [ DEBUG ] [ z.c.mapper.PostMapper.selectByPrimaryKey : 159 ] - <==      Total: 1
2019-06-11 23:52:06.498 [ http-nio-8088-exec-5 ] - [ DEBUG ] [ z.c.mapper.PostMapper.updateByPrimaryKey : 159 ] - ==>  Preparing: update post set post_user_id = ?, post_user_name = ?, post_title = ?, post_tab_id = ?, post_tab_name = ?, tab_parentid = ?, post_content = ?, post_time = ?, post_content_img = ?, post_user_icon = ?, post_click_count = ?, post_reply_count = ?, post_last_reply = ?, post_last_reply_time = ?, post_last_reply_time_simple = ? where id = ? 
2019-06-11 23:52:06.499 [ http-nio-8088-exec-5 ] - [ DEBUG ] [ z.c.mapper.PostMapper.updateByPrimaryKey : 159 ] - ==> Parameters: 4(Integer), 朝气蓬勃(String), 柯南2019剧场版出来有一起去看的吗(String), 19(Integer), 动漫天地(String), 3(Integer), 今年的剧场版，很快就要出来啊，啊哈哈，作为柯南迷的我一定是要去看的了，你们谁去看啊，下面评论到时候我们一起啊！(String), 2019-05-13 17:51:13(String), (String), null, 11(Integer), 0(Integer), (String), (String), (String), 11(Integer)
2019-06-11 23:52:06.592 [ http-nio-8088-exec-5 ] - [ DEBUG ] [ z.c.mapper.PostMapper.updateByPrimaryKey : 159 ] - <==    Updates: 1
2019-06-11 23:52:06.594 [ http-nio-8088-exec-5 ] - [ DEBUG ] [ z.c.mapper.ReplyMapper.selectByExample : 159 ] - ==>  Preparing: select id, post_id, reply_user_id, reply_user_name, reply_content, reply_time, reply_floor, reply_time_simple from reply WHERE ( post_id = ? ) 
2019-06-11 23:52:06.594 [ http-nio-8088-exec-5 ] - [ DEBUG ] [ z.c.mapper.ReplyMapper.selectByExample : 159 ] - ==> Parameters: 11(Integer)
2019-06-11 23:52:06.599 [ http-nio-8088-exec-5 ] - [ DEBUG ] [ z.c.mapper.ReplyMapper.selectByExample : 159 ] - <==      Total: 0
2019-06-11 23:52:06.929 [ http-nio-8088-exec-9 ] - [ DEBUG ] [ zyy.campuscommunity.mapper.TabMapper.selectAllTabs : 159 ] - ==>  Preparing: select id, tab_name, parent_id, tab_describe from tab 
2019-06-11 23:52:06.929 [ http-nio-8088-exec-9 ] - [ DEBUG ] [ zyy.campuscommunity.mapper.TabMapper.selectAllTabs : 159 ] - ==> Parameters: 
2019-06-11 23:52:06.933 [ http-nio-8088-exec-9 ] - [ DEBUG ] [ zyy.campuscommunity.mapper.TabMapper.selectAllTabs : 159 ] - <==      Total: 64
2019-06-11 23:52:06.933 [ http-nio-8088-exec-9 ] - [ DEBUG ] [ z.campuscommunity.mapper.TabMapper.selectByExample : 159 ] - ==>  Preparing: select id, tab_name, parent_id, tab_describe from tab WHERE ( parent_id = ? ) 
2019-06-11 23:52:06.934 [ http-nio-8088-exec-9 ] - [ DEBUG ] [ z.campuscommunity.mapper.TabMapper.selectByExample : 159 ] - ==> Parameters: 8(Integer)
2019-06-11 23:52:06.936 [ http-nio-8088-exec-9 ] - [ DEBUG ] [ z.campuscommunity.mapper.TabMapper.selectByExample : 159 ] - <==      Total: 19
2019-06-11 23:52:06.936 [ http-nio-8088-exec-9 ] - [ DEBUG ] [ z.c.mapper.TabMapper.selectByPrimaryKey : 159 ] - ==>  Preparing: select id, tab_name, parent_id, tab_describe from tab where id = ? 
2019-06-11 23:52:06.937 [ http-nio-8088-exec-9 ] - [ DEBUG ] [ z.c.mapper.TabMapper.selectByPrimaryKey : 159 ] - ==> Parameters: 1(Integer)
2019-06-11 23:52:06.938 [ http-nio-8088-exec-9 ] - [ DEBUG ] [ z.c.mapper.TabMapper.selectByPrimaryKey : 159 ] - <==      Total: 1
2019-06-11 23:52:06.938 [ http-nio-8088-exec-9 ] - [ DEBUG ] [ z.c.mapper.TabMapper.selectByPrimaryKey : 159 ] - ==>  Preparing: select id, tab_name, parent_id, tab_describe from tab where id = ? 
2019-06-11 23:52:06.939 [ http-nio-8088-exec-9 ] - [ DEBUG ] [ z.c.mapper.TabMapper.selectByPrimaryKey : 159 ] - ==> Parameters: 1(Integer)
2019-06-11 23:52:06.940 [ http-nio-8088-exec-9 ] - [ DEBUG ] [ z.c.mapper.TabMapper.selectByPrimaryKey : 159 ] - <==      Total: 1
2019-06-11 23:52:06.941 [ http-nio-8088-exec-9 ] - [ DEBUG ] [ z.c.mapper.TabMapper.selectByPrimaryKey : 159 ] - ==>  Preparing: select id, tab_name, parent_id, tab_describe from tab where id = ? 
2019-06-11 23:52:06.941 [ http-nio-8088-exec-9 ] - [ DEBUG ] [ z.c.mapper.TabMapper.selectByPrimaryKey : 159 ] - ==> Parameters: 1(Integer)
2019-06-11 23:52:06.942 [ http-nio-8088-exec-9 ] - [ DEBUG ] [ z.c.mapper.TabMapper.selectByPrimaryKey : 159 ] - <==      Total: 1
2019-06-11 23:52:06.942 [ http-nio-8088-exec-9 ] - [ DEBUG ] [ z.c.mapper.TabMapper.selectByPrimaryKey : 159 ] - ==>  Preparing: select id, tab_name, parent_id, tab_describe from tab where id = ? 
2019-06-11 23:52:06.943 [ http-nio-8088-exec-9 ] - [ DEBUG ] [ z.c.mapper.TabMapper.selectByPrimaryKey : 159 ] - ==> Parameters: 2(Integer)
2019-06-11 23:52:06.945 [ http-nio-8088-exec-9 ] - [ DEBUG ] [ z.c.mapper.TabMapper.selectByPrimaryKey : 159 ] - <==      Total: 1
2019-06-11 23:52:06.947 [ http-nio-8088-exec-9 ] - [ DEBUG ] [ z.c.mapper.TabMapper.selectByPrimaryKey : 159 ] - ==>  Preparing: select id, tab_name, parent_id, tab_describe from tab where id = ? 
2019-06-11 23:52:06.947 [ http-nio-8088-exec-9 ] - [ DEBUG ] [ z.c.mapper.TabMapper.selectByPrimaryKey : 159 ] - ==> Parameters: 2(Integer)
2019-06-11 23:52:06.949 [ http-nio-8088-exec-9 ] - [ DEBUG ] [ z.c.mapper.TabMapper.selectByPrimaryKey : 159 ] - <==      Total: 1
2019-06-11 23:52:06.949 [ http-nio-8088-exec-9 ] - [ DEBUG ] [ z.c.mapper.TabMapper.selectByPrimaryKey : 159 ] - ==>  Preparing: select id, tab_name, parent_id, tab_describe from tab where id = ? 
2019-06-11 23:52:06.949 [ http-nio-8088-exec-9 ] - [ DEBUG ] [ z.c.mapper.TabMapper.selectByPrimaryKey : 159 ] - ==> Parameters: 2(Integer)
2019-06-11 23:52:06.951 [ http-nio-8088-exec-9 ] - [ DEBUG ] [ z.c.mapper.TabMapper.selectByPrimaryKey : 159 ] - <==      Total: 1
2019-06-11 23:52:06.951 [ http-nio-8088-exec-9 ] - [ DEBUG ] [ z.c.mapper.TabMapper.selectByPrimaryKey : 159 ] - ==>  Preparing: select id, tab_name, parent_id, tab_describe from tab where id = ? 
2019-06-11 23:52:06.951 [ http-nio-8088-exec-9 ] - [ DEBUG ] [ z.c.mapper.TabMapper.selectByPrimaryKey : 159 ] - ==> Parameters: 4(Integer)
2019-06-11 23:52:06.952 [ http-nio-8088-exec-9 ] - [ DEBUG ] [ z.c.mapper.TabMapper.selectByPrimaryKey : 159 ] - <==      Total: 1
2019-06-11 23:52:06.953 [ http-nio-8088-exec-9 ] - [ DEBUG ] [ z.c.mapper.TabMapper.selectByPrimaryKey : 159 ] - ==>  Preparing: select id, tab_name, parent_id, tab_describe from tab where id = ? 
2019-06-11 23:52:06.960 [ http-nio-8088-exec-9 ] - [ DEBUG ] [ z.c.mapper.TabMapper.selectByPrimaryKey : 159 ] - ==> Parameters: 1(Integer)
2019-06-11 23:52:06.965 [ http-nio-8088-exec-9 ] - [ DEBUG ] [ z.c.mapper.TabMapper.selectByPrimaryKey : 159 ] - <==      Total: 1
2019-06-11 23:52:06.966 [ http-nio-8088-exec-9 ] - [ DEBUG ] [ z.c.mapper.TabMapper.selectByPrimaryKey : 159 ] - ==>  Preparing: select id, tab_name, parent_id, tab_describe from tab where id = ? 
2019-06-11 23:52:06.966 [ http-nio-8088-exec-9 ] - [ DEBUG ] [ z.c.mapper.TabMapper.selectByPrimaryKey : 159 ] - ==> Parameters: 1(Integer)
2019-06-11 23:52:06.967 [ http-nio-8088-exec-9 ] - [ DEBUG ] [ z.c.mapper.TabMapper.selectByPrimaryKey : 159 ] - <==      Total: 1
2019-06-11 23:52:06.968 [ http-nio-8088-exec-9 ] - [ DEBUG ] [ z.c.mapper.TabMapper.selectByPrimaryKey : 159 ] - ==>  Preparing: select id, tab_name, parent_id, tab_describe from tab where id = ? 
2019-06-11 23:52:06.968 [ http-nio-8088-exec-9 ] - [ DEBUG ] [ z.c.mapper.TabMapper.selectByPrimaryKey : 159 ] - ==> Parameters: 1(Integer)
2019-06-11 23:52:06.969 [ http-nio-8088-exec-9 ] - [ DEBUG ] [ z.c.mapper.TabMapper.selectByPrimaryKey : 159 ] - <==      Total: 1
2019-06-11 23:52:06.969 [ http-nio-8088-exec-9 ] - [ DEBUG ] [ z.c.mapper.TabMapper.selectByPrimaryKey : 159 ] - ==>  Preparing: select id, tab_name, parent_id, tab_describe from tab where id = ? 
2019-06-11 23:52:06.970 [ http-nio-8088-exec-9 ] - [ DEBUG ] [ z.c.mapper.TabMapper.selectByPrimaryKey : 159 ] - ==> Parameters: 1(Integer)
2019-06-11 23:52:06.972 [ http-nio-8088-exec-9 ] - [ DEBUG ] [ z.c.mapper.TabMapper.selectByPrimaryKey : 159 ] - <==      Total: 1
2019-06-11 23:52:06.972 [ http-nio-8088-exec-9 ] - [ DEBUG ] [ z.c.mapper.TabMapper.selectByPrimaryKey : 159 ] - ==>  Preparing: select id, tab_name, parent_id, tab_describe from tab where id = ? 
2019-06-11 23:52:06.972 [ http-nio-8088-exec-9 ] - [ DEBUG ] [ z.c.mapper.TabMapper.selectByPrimaryKey : 159 ] - ==> Parameters: 1(Integer)
2019-06-11 23:52:06.973 [ http-nio-8088-exec-9 ] - [ DEBUG ] [ z.c.mapper.TabMapper.selectByPrimaryKey : 159 ] - <==      Total: 1
2019-06-11 23:52:06.974 [ http-nio-8088-exec-9 ] - [ DEBUG ] [ z.c.mapper.TabMapper.selectByPrimaryKey : 159 ] - ==>  Preparing: select id, tab_name, parent_id, tab_describe from tab where id = ? 
2019-06-11 23:52:06.974 [ http-nio-8088-exec-9 ] - [ DEBUG ] [ z.c.mapper.TabMapper.selectByPrimaryKey : 159 ] - ==> Parameters: 4(Integer)
2019-06-11 23:52:06.975 [ http-nio-8088-exec-9 ] - [ DEBUG ] [ z.c.mapper.TabMapper.selectByPrimaryKey : 159 ] - <==      Total: 1
2019-06-11 23:52:06.976 [ http-nio-8088-exec-9 ] - [ DEBUG ] [ z.c.mapper.TabMapper.selectByPrimaryKey : 159 ] - ==>  Preparing: select id, tab_name, parent_id, tab_describe from tab where id = ? 
2019-06-11 23:52:06.977 [ http-nio-8088-exec-9 ] - [ DEBUG ] [ z.c.mapper.TabMapper.selectByPrimaryKey : 159 ] - ==> Parameters: 4(Integer)
2019-06-11 23:52:06.979 [ http-nio-8088-exec-9 ] - [ DEBUG ] [ z.c.mapper.TabMapper.selectByPrimaryKey : 159 ] - <==      Total: 1
2019-06-11 23:52:06.980 [ http-nio-8088-exec-9 ] - [ DEBUG ] [ z.c.mapper.TabMapper.selectByPrimaryKey : 159 ] - ==>  Preparing: select id, tab_name, parent_id, tab_describe from tab where id = ? 
2019-06-11 23:52:06.980 [ http-nio-8088-exec-9 ] - [ DEBUG ] [ z.c.mapper.TabMapper.selectByPrimaryKey : 159 ] - ==> Parameters: 7(Integer)
2019-06-11 23:52:06.982 [ http-nio-8088-exec-9 ] - [ DEBUG ] [ z.c.mapper.TabMapper.selectByPrimaryKey : 159 ] - <==      Total: 1
2019-06-11 23:52:06.983 [ http-nio-8088-exec-9 ] - [ DEBUG ] [ z.c.mapper.TabMapper.selectByPrimaryKey : 159 ] - ==>  Preparing: select id, tab_name, parent_id, tab_describe from tab where id = ? 
2019-06-11 23:52:06.983 [ http-nio-8088-exec-9 ] - [ DEBUG ] [ z.c.mapper.TabMapper.selectByPrimaryKey : 159 ] - ==> Parameters: 7(Integer)
2019-06-11 23:52:06.984 [ http-nio-8088-exec-9 ] - [ DEBUG ] [ z.c.mapper.TabMapper.selectByPrimaryKey : 159 ] - <==      Total: 1
2019-06-11 23:52:06.985 [ http-nio-8088-exec-9 ] - [ DEBUG ] [ z.c.mapper.TabMapper.selectByPrimaryKey : 159 ] - ==>  Preparing: select id, tab_name, parent_id, tab_describe from tab where id = ? 
2019-06-11 23:52:06.985 [ http-nio-8088-exec-9 ] - [ DEBUG ] [ z.c.mapper.TabMapper.selectByPrimaryKey : 159 ] - ==> Parameters: 1(Integer)
2019-06-11 23:52:06.986 [ http-nio-8088-exec-9 ] - [ DEBUG ] [ z.c.mapper.TabMapper.selectByPrimaryKey : 159 ] - <==      Total: 1
2019-06-11 23:52:06.988 [ http-nio-8088-exec-9 ] - [ DEBUG ] [ z.c.mapper.TabMapper.selectByPrimaryKey : 159 ] - ==>  Preparing: select id, tab_name, parent_id, tab_describe from tab where id = ? 
2019-06-11 23:52:06.988 [ http-nio-8088-exec-9 ] - [ DEBUG ] [ z.c.mapper.TabMapper.selectByPrimaryKey : 159 ] - ==> Parameters: 3(Integer)
2019-06-11 23:52:06.989 [ http-nio-8088-exec-9 ] - [ DEBUG ] [ z.c.mapper.TabMapper.selectByPrimaryKey : 159 ] - <==      Total: 1
2019-06-11 23:52:06.990 [ http-nio-8088-exec-9 ] - [ DEBUG ] [ z.c.mapper.TabMapper.selectByPrimaryKey : 159 ] - ==>  Preparing: select id, tab_name, parent_id, tab_describe from tab where id = ? 
2019-06-11 23:52:06.990 [ http-nio-8088-exec-9 ] - [ DEBUG ] [ z.c.mapper.TabMapper.selectByPrimaryKey : 159 ] - ==> Parameters: 3(Integer)
2019-06-11 23:52:06.991 [ http-nio-8088-exec-9 ] - [ DEBUG ] [ z.c.mapper.TabMapper.selectByPrimaryKey : 159 ] - <==      Total: 1
2019-06-11 23:52:06.991 [ http-nio-8088-exec-9 ] - [ DEBUG ] [ z.c.mapper.TabMapper.selectByPrimaryKey : 159 ] - ==>  Preparing: select id, tab_name, parent_id, tab_describe from tab where id = ? 
2019-06-11 23:52:06.992 [ http-nio-8088-exec-9 ] - [ DEBUG ] [ z.c.mapper.TabMapper.selectByPrimaryKey : 159 ] - ==> Parameters: 3(Integer)
2019-06-11 23:52:06.993 [ http-nio-8088-exec-9 ] - [ DEBUG ] [ z.c.mapper.TabMapper.selectByPrimaryKey : 159 ] - <==      Total: 1
2019-06-11 23:52:06.994 [ http-nio-8088-exec-9 ] - [ DEBUG ] [ z.c.mapper.TabMapper.selectByPrimaryKey : 159 ] - ==>  Preparing: select id, tab_name, parent_id, tab_describe from tab where id = ? 
2019-06-11 23:52:06.994 [ http-nio-8088-exec-9 ] - [ DEBUG ] [ z.c.mapper.TabMapper.selectByPrimaryKey : 159 ] - ==> Parameters: 3(Integer)
2019-06-11 23:52:06.995 [ http-nio-8088-exec-9 ] - [ DEBUG ] [ z.c.mapper.TabMapper.selectByPrimaryKey : 159 ] - <==      Total: 1
2019-06-11 23:52:06.996 [ http-nio-8088-exec-9 ] - [ DEBUG ] [ z.c.mapper.TabMapper.selectByPrimaryKey : 159 ] - ==>  Preparing: select id, tab_name, parent_id, tab_describe from tab where id = ? 
2019-06-11 23:52:06.996 [ http-nio-8088-exec-9 ] - [ DEBUG ] [ z.c.mapper.TabMapper.selectByPrimaryKey : 159 ] - ==> Parameters: 3(Integer)
2019-06-11 23:52:06.997 [ http-nio-8088-exec-9 ] - [ DEBUG ] [ z.c.mapper.TabMapper.selectByPrimaryKey : 159 ] - <==      Total: 1
2019-06-11 23:52:06.997 [ http-nio-8088-exec-9 ] - [ DEBUG ] [ z.c.mapper.TabMapper.selectByPrimaryKey : 159 ] - ==>  Preparing: select id, tab_name, parent_id, tab_describe from tab where id = ? 
2019-06-11 23:52:06.998 [ http-nio-8088-exec-9 ] - [ DEBUG ] [ z.c.mapper.TabMapper.selectByPrimaryKey : 159 ] - ==> Parameters: 3(Integer)
2019-06-11 23:52:06.999 [ http-nio-8088-exec-9 ] - [ DEBUG ] [ z.c.mapper.TabMapper.selectByPrimaryKey : 159 ] - <==      Total: 1
2019-06-11 23:52:06.999 [ http-nio-8088-exec-9 ] - [ DEBUG ] [ z.c.mapper.TabMapper.selectByPrimaryKey : 159 ] - ==>  Preparing: select id, tab_name, parent_id, tab_describe from tab where id = ? 
2019-06-11 23:52:07.000 [ http-nio-8088-exec-9 ] - [ DEBUG ] [ z.c.mapper.TabMapper.selectByPrimaryKey : 159 ] - ==> Parameters: 3(Integer)
2019-06-11 23:52:07.001 [ http-nio-8088-exec-9 ] - [ DEBUG ] [ z.c.mapper.TabMapper.selectByPrimaryKey : 159 ] - <==      Total: 1
2019-06-11 23:52:07.001 [ http-nio-8088-exec-9 ] - [ DEBUG ] [ z.c.mapper.TabMapper.selectByPrimaryKey : 159 ] - ==>  Preparing: select id, tab_name, parent_id, tab_describe from tab where id = ? 
2019-06-11 23:52:07.001 [ http-nio-8088-exec-9 ] - [ DEBUG ] [ z.c.mapper.TabMapper.selectByPrimaryKey : 159 ] - ==> Parameters: 4(Integer)
2019-06-11 23:52:07.003 [ http-nio-8088-exec-9 ] - [ DEBUG ] [ z.c.mapper.TabMapper.selectByPrimaryKey : 159 ] - <==      Total: 1
2019-06-11 23:52:07.003 [ http-nio-8088-exec-9 ] - [ DEBUG ] [ z.c.mapper.TabMapper.selectByPrimaryKey : 159 ] - ==>  Preparing: select id, tab_name, parent_id, tab_describe from tab where id = ? 
2019-06-11 23:52:07.003 [ http-nio-8088-exec-9 ] - [ DEBUG ] [ z.c.mapper.TabMapper.selectByPrimaryKey : 159 ] - ==> Parameters: 4(Integer)
2019-06-11 23:52:07.005 [ http-nio-8088-exec-9 ] - [ DEBUG ] [ z.c.mapper.TabMapper.selectByPrimaryKey : 159 ] - <==      Total: 1
2019-06-11 23:52:07.005 [ http-nio-8088-exec-9 ] - [ DEBUG ] [ z.c.mapper.TabMapper.selectByPrimaryKey : 159 ] - ==>  Preparing: select id, tab_name, parent_id, tab_describe from tab where id = ? 
2019-06-11 23:52:07.015 [ http-nio-8088-exec-9 ] - [ DEBUG ] [ z.c.mapper.TabMapper.selectByPrimaryKey : 159 ] - ==> Parameters: 5(Integer)
2019-06-11 23:52:07.016 [ http-nio-8088-exec-9 ] - [ DEBUG ] [ z.c.mapper.TabMapper.selectByPrimaryKey : 159 ] - <==      Total: 1
2019-06-11 23:52:07.016 [ http-nio-8088-exec-9 ] - [ DEBUG ] [ z.c.mapper.TabMapper.selectByPrimaryKey : 159 ] - ==>  Preparing: select id, tab_name, parent_id, tab_describe from tab where id = ? 
2019-06-11 23:52:07.017 [ http-nio-8088-exec-9 ] - [ DEBUG ] [ z.c.mapper.TabMapper.selectByPrimaryKey : 159 ] - ==> Parameters: 5(Integer)
2019-06-11 23:52:07.018 [ http-nio-8088-exec-9 ] - [ DEBUG ] [ z.c.mapper.TabMapper.selectByPrimaryKey : 159 ] - <==      Total: 1
2019-06-11 23:52:07.018 [ http-nio-8088-exec-9 ] - [ DEBUG ] [ z.c.mapper.TabMapper.selectByPrimaryKey : 159 ] - ==>  Preparing: select id, tab_name, parent_id, tab_describe from tab where id = ? 
2019-06-11 23:52:07.019 [ http-nio-8088-exec-9 ] - [ DEBUG ] [ z.c.mapper.TabMapper.selectByPrimaryKey : 159 ] - ==> Parameters: 5(Integer)
2019-06-11 23:52:07.020 [ http-nio-8088-exec-9 ] - [ DEBUG ] [ z.c.mapper.TabMapper.selectByPrimaryKey : 159 ] - <==      Total: 1
2019-06-11 23:52:07.020 [ http-nio-8088-exec-9 ] - [ DEBUG ] [ z.c.mapper.TabMapper.selectByPrimaryKey : 159 ] - ==>  Preparing: select id, tab_name, parent_id, tab_describe from tab where id = ? 
2019-06-11 23:52:07.021 [ http-nio-8088-exec-9 ] - [ DEBUG ] [ z.c.mapper.TabMapper.selectByPrimaryKey : 159 ] - ==> Parameters: 5(Integer)
2019-06-11 23:52:07.022 [ http-nio-8088-exec-9 ] - [ DEBUG ] [ z.c.mapper.TabMapper.selectByPrimaryKey : 159 ] - <==      Total: 1
2019-06-11 23:52:07.023 [ http-nio-8088-exec-9 ] - [ DEBUG ] [ z.c.mapper.TabMapper.selectByPrimaryKey : 159 ] - ==>  Preparing: select id, tab_name, parent_id, tab_describe from tab where id = ? 
2019-06-11 23:52:07.023 [ http-nio-8088-exec-9 ] - [ DEBUG ] [ z.c.mapper.TabMapper.selectByPrimaryKey : 159 ] - ==> Parameters: 5(Integer)
2019-06-11 23:52:07.025 [ http-nio-8088-exec-9 ] - [ DEBUG ] [ z.c.mapper.TabMapper.selectByPrimaryKey : 159 ] - <==      Total: 1
2019-06-11 23:52:07.025 [ http-nio-8088-exec-9 ] - [ DEBUG ] [ z.c.mapper.TabMapper.selectByPrimaryKey : 159 ] - ==>  Preparing: select id, tab_name, parent_id, tab_describe from tab where id = ? 
2019-06-11 23:52:07.025 [ http-nio-8088-exec-9 ] - [ DEBUG ] [ z.c.mapper.TabMapper.selectByPrimaryKey : 159 ] - ==> Parameters: 5(Integer)
2019-06-11 23:52:07.027 [ http-nio-8088-exec-9 ] - [ DEBUG ] [ z.c.mapper.TabMapper.selectByPrimaryKey : 159 ] - <==      Total: 1
2019-06-11 23:52:07.027 [ http-nio-8088-exec-9 ] - [ DEBUG ] [ z.c.mapper.TabMapper.selectByPrimaryKey : 159 ] - ==>  Preparing: select id, tab_name, parent_id, tab_describe from tab where id = ? 
2019-06-11 23:52:07.028 [ http-nio-8088-exec-9 ] - [ DEBUG ] [ z.c.mapper.TabMapper.selectByPrimaryKey : 159 ] - ==> Parameters: 5(Integer)
2019-06-11 23:52:07.029 [ http-nio-8088-exec-9 ] - [ DEBUG ] [ z.c.mapper.TabMapper.selectByPrimaryKey : 159 ] - <==      Total: 1
2019-06-11 23:52:07.030 [ http-nio-8088-exec-9 ] - [ DEBUG ] [ z.c.mapper.TabMapper.selectByPrimaryKey : 159 ] - ==>  Preparing: select id, tab_name, parent_id, tab_describe from tab where id = ? 
2019-06-11 23:52:07.030 [ http-nio-8088-exec-9 ] - [ DEBUG ] [ z.c.mapper.TabMapper.selectByPrimaryKey : 159 ] - ==> Parameters: 6(Integer)
2019-06-11 23:52:07.031 [ http-nio-8088-exec-9 ] - [ DEBUG ] [ z.c.mapper.TabMapper.selectByPrimaryKey : 159 ] - <==      Total: 1
2019-06-11 23:52:07.031 [ http-nio-8088-exec-9 ] - [ DEBUG ] [ z.c.mapper.TabMapper.selectByPrimaryKey : 159 ] - ==>  Preparing: select id, tab_name, parent_id, tab_describe from tab where id = ? 
2019-06-11 23:52:07.032 [ http-nio-8088-exec-9 ] - [ DEBUG ] [ z.c.mapper.TabMapper.selectByPrimaryKey : 159 ] - ==> Parameters: 6(Integer)
2019-06-11 23:52:07.033 [ http-nio-8088-exec-9 ] - [ DEBUG ] [ z.c.mapper.TabMapper.selectByPrimaryKey : 159 ] - <==      Total: 1
2019-06-11 23:52:07.033 [ http-nio-8088-exec-9 ] - [ DEBUG ] [ z.c.mapper.TabMapper.selectByPrimaryKey : 159 ] - ==>  Preparing: select id, tab_name, parent_id, tab_describe from tab where id = ? 
2019-06-11 23:52:07.033 [ http-nio-8088-exec-9 ] - [ DEBUG ] [ z.c.mapper.TabMapper.selectByPrimaryKey : 159 ] - ==> Parameters: 7(Integer)
2019-06-11 23:52:07.034 [ http-nio-8088-exec-9 ] - [ DEBUG ] [ z.c.mapper.TabMapper.selectByPrimaryKey : 159 ] - <==      Total: 1
2019-06-11 23:52:07.035 [ http-nio-8088-exec-9 ] - [ DEBUG ] [ z.c.mapper.TabMapper.selectByPrimaryKey : 159 ] - ==>  Preparing: select id, tab_name, parent_id, tab_describe from tab where id = ? 
2019-06-11 23:52:07.035 [ http-nio-8088-exec-9 ] - [ DEBUG ] [ z.c.mapper.TabMapper.selectByPrimaryKey : 159 ] - ==> Parameters: 4(Integer)
2019-06-11 23:52:07.036 [ http-nio-8088-exec-9 ] - [ DEBUG ] [ z.c.mapper.TabMapper.selectByPrimaryKey : 159 ] - <==      Total: 1
2019-06-11 23:52:18.122 [ http-nio-8088-exec-10 ] - [ ERROR ] [ o.a.c.c.C.[.[localhost].[/].[dispatcherServlet] : 175 ] - Servlet.service() for servlet [dispatcherServlet] in context with path [] threw exception [Request processing failed; nested exception is java.lang.NullPointerException] with root cause
java.lang.NullPointerException: null
	at zyy.campuscommunity.controller.PostController.checkPostContent(PostController.java:336)
	at zyy.campuscommunity.controller.ReplyController.replyValidate(ReplyController.java:52)
	at sun.reflect.NativeMethodAccessorImpl.invoke0(Native Method)
	at sun.reflect.NativeMethodAccessorImpl.invoke(NativeMethodAccessorImpl.java:62)
	at sun.reflect.DelegatingMethodAccessorImpl.invoke(DelegatingMethodAccessorImpl.java:43)
	at java.lang.reflect.Method.invoke(Method.java:498)
	at org.springframework.web.method.support.InvocableHandlerMethod.doInvoke(InvocableHandlerMethod.java:215)
	at org.springframework.web.method.support.InvocableHandlerMethod.invokeForRequest(InvocableHandlerMethod.java:142)
	at org.springframework.web.servlet.mvc.method.annotation.ServletInvocableHandlerMethod.invokeAndHandle(ServletInvocableHandlerMethod.java:102)
	at org.springframework.web.servlet.mvc.method.annotation.RequestMappingHandlerAdapter.invokeHandlerMethod(RequestMappingHandlerAdapter.java:895)
	at org.springframework.web.servlet.mvc.method.annotation.RequestMappingHandlerAdapter.handleInternal(RequestMappingHandlerAdapter.java:800)
	at org.springframework.web.servlet.mvc.method.AbstractHandlerMethodAdapter.handle(AbstractHandlerMethodAdapter.java:87)
	at org.springframework.web.servlet.DispatcherServlet.doDispatch(DispatcherServlet.java:1038)
	at org.springframework.web.servlet.DispatcherServlet.doService(DispatcherServlet.java:942)
	at org.springframework.web.servlet.FrameworkServlet.processRequest(FrameworkServlet.java:998)
	at org.springframework.web.servlet.FrameworkServlet.doPost(FrameworkServlet.java:901)
	at javax.servlet.http.HttpServlet.service(HttpServlet.java:660)
	at org.springframework.web.servlet.FrameworkServlet.service(FrameworkServlet.java:875)
	at javax.servlet.http.HttpServlet.service(HttpServlet.java:741)
	at org.apache.catalina.core.ApplicationFilterChain.internalDoFilter(ApplicationFilterChain.java:231)
	at org.apache.catalina.core.ApplicationFilterChain.doFilter(ApplicationFilterChain.java:166)
	at org.apache.tomcat.websocket.server.WsFilter.doFilter(WsFilter.java:53)
	at org.apache.catalina.core.ApplicationFilterChain.internalDoFilter(ApplicationFilterChain.java:193)
	at org.apache.catalina.core.ApplicationFilterChain.doFilter(ApplicationFilterChain.java:166)
	at org.springframework.web.filter.RequestContextFilter.doFilterInternal(RequestContextFilter.java:99)
	at org.springframework.web.filter.OncePerRequestFilter.doFilter(OncePerRequestFilter.java:107)
	at org.apache.catalina.core.ApplicationFilterChain.internalDoFilter(ApplicationFilterChain.java:193)
	at org.apache.catalina.core.ApplicationFilterChain.doFilter(ApplicationFilterChain.java:166)
	at org.springframework.web.filter.FormContentFilter.doFilterInternal(FormContentFilter.java:92)
	at org.springframework.web.filter.OncePerRequestFilter.doFilter(OncePerRequestFilter.java:107)
	at org.apache.catalina.core.ApplicationFilterChain.internalDoFilter(ApplicationFilterChain.java:193)
	at org.apache.catalina.core.ApplicationFilterChain.doFilter(ApplicationFilterChain.java:166)
	at org.springframework.web.filter.HiddenHttpMethodFilter.doFilterInternal(HiddenHttpMethodFilter.java:93)
	at org.springframework.web.filter.OncePerRequestFilter.doFilter(OncePerRequestFilter.java:107)
	at org.apache.catalina.core.ApplicationFilterChain.internalDoFilter(ApplicationFilterChain.java:193)
	at org.apache.catalina.core.ApplicationFilterChain.doFilter(ApplicationFilterChain.java:166)
	at org.springframework.web.filter.CharacterEncodingFilter.doFilterInternal(CharacterEncodingFilter.java:200)
	at org.springframework.web.filter.OncePerRequestFilter.doFilter(OncePerRequestFilter.java:107)
	at org.apache.catalina.core.ApplicationFilterChain.internalDoFilter(ApplicationFilterChain.java:193)
	at org.apache.catalina.core.ApplicationFilterChain.doFilter(ApplicationFilterChain.java:166)
	at org.apache.catalina.core.StandardWrapperValve.invoke(StandardWrapperValve.java:199)
	at org.apache.catalina.core.StandardContextValve.invoke(StandardContextValve.java:96)
	at org.apache.catalina.authenticator.AuthenticatorBase.invoke(AuthenticatorBase.java:490)
	at org.apache.catalina.core.StandardHostValve.invoke(StandardHostValve.java:139)
	at org.apache.catalina.valves.ErrorReportValve.invoke(ErrorReportValve.java:92)
	at org.apache.catalina.core.StandardEngineValve.invoke(StandardEngineValve.java:74)
	at org.apache.catalina.connector.CoyoteAdapter.service(CoyoteAdapter.java:343)
	at org.apache.coyote.http11.Http11Processor.service(Http11Processor.java:408)
	at org.apache.coyote.AbstractProcessorLight.process(AbstractProcessorLight.java:66)
	at org.apache.coyote.AbstractProtocol$ConnectionHandler.process(AbstractProtocol.java:770)
	at org.apache.tomcat.util.net.NioEndpoint$SocketProcessor.doRun(NioEndpoint.java:1415)
	at org.apache.tomcat.util.net.SocketProcessorBase.run(SocketProcessorBase.java:49)
	at java.util.concurrent.ThreadPoolExecutor.runWorker(ThreadPoolExecutor.java:1142)
	at java.util.concurrent.ThreadPoolExecutor$Worker.run(ThreadPoolExecutor.java:617)
	at org.apache.tomcat.util.threads.TaskThread$WrappingRunnable.run(TaskThread.java:61)
	at java.lang.Thread.run(Thread.java:745)
2019-06-11 23:52:54.505 [ http-nio-8088-exec-5 ] - [ DEBUG ] [ z.c.mapper.UserMapper.selectByExample : 159 ] - ==>  Preparing: select id, user_role, user_id, user_name, user_pwd, user_phone, user_college, problem_id, problem_answer, user_sex, user_img, unread_message, post_collection_num, focus_number from user WHERE ( user_name = ? ) 
2019-06-11 23:52:54.505 [ http-nio-8088-exec-5 ] - [ DEBUG ] [ z.c.mapper.UserMapper.selectByExample : 159 ] - ==> Parameters: root(String)
2019-06-11 23:52:54.507 [ http-nio-8088-exec-5 ] - [ DEBUG ] [ z.c.mapper.UserMapper.selectByExample : 159 ] - <==      Total: 1
2019-06-11 23:52:54.725 [ http-nio-8088-exec-8 ] - [ DEBUG ] [ z.c.mapper.PostMapper.selectAllPost_COUNT : 159 ] - ==>  Preparing: SELECT count(0) FROM post 
2019-06-11 23:52:54.725 [ http-nio-8088-exec-8 ] - [ DEBUG ] [ z.c.mapper.PostMapper.selectAllPost_COUNT : 159 ] - ==> Parameters: 
2019-06-11 23:52:54.729 [ http-nio-8088-exec-8 ] - [ DEBUG ] [ z.c.mapper.PostMapper.selectAllPost_COUNT : 159 ] - <==      Total: 1
2019-06-11 23:52:54.730 [ http-nio-8088-exec-8 ] - [ DEBUG ] [ z.campuscommunity.mapper.PostMapper.selectAllPost : 159 ] - ==>  Preparing: select * from post LIMIT ? 
2019-06-11 23:52:54.730 [ http-nio-8088-exec-8 ] - [ DEBUG ] [ z.campuscommunity.mapper.PostMapper.selectAllPost : 159 ] - ==> Parameters: 7(Integer)
2019-06-11 23:52:54.740 [ http-nio-8088-exec-8 ] - [ DEBUG ] [ z.campuscommunity.mapper.PostMapper.selectAllPost : 159 ] - <==      Total: 7
2019-06-11 23:52:56.419 [ http-nio-8088-exec-9 ] - [ DEBUG ] [ zyy.campuscommunity.mapper.UserMapper.getAllUser : 159 ] - ==>  Preparing: select * from user 
2019-06-11 23:52:56.420 [ http-nio-8088-exec-9 ] - [ DEBUG ] [ zyy.campuscommunity.mapper.UserMapper.getAllUser : 159 ] - ==> Parameters: 
2019-06-11 23:52:56.428 [ http-nio-8088-exec-9 ] - [ DEBUG ] [ zyy.campuscommunity.mapper.UserMapper.getAllUser : 159 ] - <==      Total: 103
2019-06-11 23:52:57.850 [ http-nio-8088-exec-4 ] - [ DEBUG ] [ z.campuscommunity.mapper.PostMapper.selectAllPost : 159 ] - ==>  Preparing: select * from post 
2019-06-11 23:52:57.850 [ http-nio-8088-exec-4 ] - [ DEBUG ] [ z.campuscommunity.mapper.PostMapper.selectAllPost : 159 ] - ==> Parameters: 
2019-06-11 23:52:57.852 [ http-nio-8088-exec-4 ] - [ DEBUG ] [ z.campuscommunity.mapper.PostMapper.selectAllPost : 159 ] - <==      Total: 11
2019-06-11 23:52:58.950 [ http-nio-8088-exec-10 ] - [ DEBUG ] [ z.campuscommunity.mapper.PostMapper.selectAllPost : 159 ] - ==>  Preparing: select * from post 
2019-06-11 23:52:58.950 [ http-nio-8088-exec-10 ] - [ DEBUG ] [ z.campuscommunity.mapper.PostMapper.selectAllPost : 159 ] - ==> Parameters: 
2019-06-11 23:52:58.953 [ http-nio-8088-exec-10 ] - [ DEBUG ] [ z.campuscommunity.mapper.PostMapper.selectAllPost : 159 ] - <==      Total: 11
2019-06-11 23:53:03.854 [ http-nio-8088-exec-2 ] - [ DEBUG ] [ zyy.campuscommunity.mapper.UserMapper.getAllUser : 159 ] - ==>  Preparing: select * from user 
2019-06-11 23:53:03.854 [ http-nio-8088-exec-2 ] - [ DEBUG ] [ zyy.campuscommunity.mapper.UserMapper.getAllUser : 159 ] - ==> Parameters: 
2019-06-11 23:53:03.858 [ http-nio-8088-exec-2 ] - [ DEBUG ] [ zyy.campuscommunity.mapper.UserMapper.getAllUser : 159 ] - <==      Total: 103
2019-06-11 23:53:05.864 [ http-nio-8088-exec-7 ] - [ DEBUG ] [ z.c.mapper.TabMapper.selectAllTabs_COUNT : 159 ] - ==>  Preparing: SELECT count(0) FROM tab 
2019-06-11 23:53:05.864 [ http-nio-8088-exec-7 ] - [ DEBUG ] [ z.c.mapper.TabMapper.selectAllTabs_COUNT : 159 ] - ==> Parameters: 
2019-06-11 23:53:05.865 [ http-nio-8088-exec-7 ] - [ DEBUG ] [ z.c.mapper.TabMapper.selectAllTabs_COUNT : 159 ] - <==      Total: 1
2019-06-11 23:53:05.866 [ http-nio-8088-exec-7 ] - [ DEBUG ] [ zyy.campuscommunity.mapper.TabMapper.selectAllTabs : 159 ] - ==>  Preparing: select id, tab_name, parent_id, tab_describe from tab LIMIT ? 
2019-06-11 23:53:05.866 [ http-nio-8088-exec-7 ] - [ DEBUG ] [ zyy.campuscommunity.mapper.TabMapper.selectAllTabs : 159 ] - ==> Parameters: 15(Integer)
2019-06-11 23:53:05.872 [ http-nio-8088-exec-7 ] - [ DEBUG ] [ zyy.campuscommunity.mapper.TabMapper.selectAllTabs : 159 ] - <==      Total: 15
2019-06-11 23:53:06.669 [ http-nio-8088-exec-3 ] - [ DEBUG ] [ z.c.mapper.UserMapper.getAllUser_COUNT : 159 ] - ==>  Preparing: SELECT count(0) FROM user 
2019-06-11 23:53:06.669 [ http-nio-8088-exec-3 ] - [ DEBUG ] [ z.c.mapper.UserMapper.getAllUser_COUNT : 159 ] - ==> Parameters: 
2019-06-11 23:53:06.670 [ http-nio-8088-exec-3 ] - [ DEBUG ] [ z.c.mapper.UserMapper.getAllUser_COUNT : 159 ] - <==      Total: 1
2019-06-11 23:53:06.671 [ http-nio-8088-exec-3 ] - [ DEBUG ] [ zyy.campuscommunity.mapper.UserMapper.getAllUser : 159 ] - ==>  Preparing: select * from user LIMIT ? 
2019-06-11 23:53:06.671 [ http-nio-8088-exec-3 ] - [ DEBUG ] [ zyy.campuscommunity.mapper.UserMapper.getAllUser : 159 ] - ==> Parameters: 6(Integer)
2019-06-11 23:53:06.672 [ http-nio-8088-exec-3 ] - [ DEBUG ] [ zyy.campuscommunity.mapper.UserMapper.getAllUser : 159 ] - <==      Total: 6
2019-06-11 23:53:07.530 [ http-nio-8088-exec-6 ] - [ DEBUG ] [ z.c.mapper.PostMapper.selectAllPost_COUNT : 159 ] - ==>  Preparing: SELECT count(0) FROM post 
2019-06-11 23:53:07.530 [ http-nio-8088-exec-6 ] - [ DEBUG ] [ z.c.mapper.PostMapper.selectAllPost_COUNT : 159 ] - ==> Parameters: 
2019-06-11 23:53:07.532 [ http-nio-8088-exec-6 ] - [ DEBUG ] [ z.c.mapper.PostMapper.selectAllPost_COUNT : 159 ] - <==      Total: 1
2019-06-11 23:53:07.532 [ http-nio-8088-exec-6 ] - [ DEBUG ] [ z.campuscommunity.mapper.PostMapper.selectAllPost : 159 ] - ==>  Preparing: select * from post LIMIT ? 
2019-06-11 23:53:07.532 [ http-nio-8088-exec-6 ] - [ DEBUG ] [ z.campuscommunity.mapper.PostMapper.selectAllPost : 159 ] - ==> Parameters: 7(Integer)
2019-06-11 23:53:07.534 [ http-nio-8088-exec-6 ] - [ DEBUG ] [ z.campuscommunity.mapper.PostMapper.selectAllPost : 159 ] - <==      Total: 7
2019-06-11 23:53:08.193 [ http-nio-8088-exec-5 ] - [ DEBUG ] [ z.c.mapper.UserMapper.getAllUser_COUNT : 159 ] - ==>  Preparing: SELECT count(0) FROM user 
2019-06-11 23:53:08.193 [ http-nio-8088-exec-5 ] - [ DEBUG ] [ z.c.mapper.UserMapper.getAllUser_COUNT : 159 ] - ==> Parameters: 
2019-06-11 23:53:08.194 [ http-nio-8088-exec-5 ] - [ DEBUG ] [ z.c.mapper.UserMapper.getAllUser_COUNT : 159 ] - <==      Total: 1
2019-06-11 23:53:08.194 [ http-nio-8088-exec-5 ] - [ DEBUG ] [ zyy.campuscommunity.mapper.UserMapper.getAllUser : 159 ] - ==>  Preparing: select * from user LIMIT ? 
2019-06-11 23:53:08.195 [ http-nio-8088-exec-5 ] - [ DEBUG ] [ zyy.campuscommunity.mapper.UserMapper.getAllUser : 159 ] - ==> Parameters: 6(Integer)
2019-06-11 23:53:08.196 [ http-nio-8088-exec-5 ] - [ DEBUG ] [ zyy.campuscommunity.mapper.UserMapper.getAllUser : 159 ] - <==      Total: 6
2019-06-11 23:53:09.919 [ http-nio-8088-exec-8 ] - [ DEBUG ] [ z.c.mapper.UserMapper.getAllUser_COUNT : 159 ] - ==>  Preparing: SELECT count(0) FROM user 
2019-06-11 23:53:09.920 [ http-nio-8088-exec-8 ] - [ DEBUG ] [ z.c.mapper.UserMapper.getAllUser_COUNT : 159 ] - ==> Parameters: 
2019-06-11 23:53:09.921 [ http-nio-8088-exec-8 ] - [ DEBUG ] [ z.c.mapper.UserMapper.getAllUser_COUNT : 159 ] - <==      Total: 1
2019-06-11 23:53:09.922 [ http-nio-8088-exec-8 ] - [ DEBUG ] [ zyy.campuscommunity.mapper.UserMapper.getAllUser : 159 ] - ==>  Preparing: select * from user LIMIT ?, ? 
2019-06-11 23:53:09.922 [ http-nio-8088-exec-8 ] - [ DEBUG ] [ zyy.campuscommunity.mapper.UserMapper.getAllUser : 159 ] - ==> Parameters: 102(Integer), 6(Integer)
2019-06-11 23:53:09.923 [ http-nio-8088-exec-8 ] - [ DEBUG ] [ zyy.campuscommunity.mapper.UserMapper.getAllUser : 159 ] - <==      Total: 1
2019-06-11 23:53:11.969 [ http-nio-8088-exec-9 ] - [ DEBUG ] [ z.c.mapper.UserMapper.selectByPrimaryKey : 159 ] - ==>  Preparing: select id, user_role, user_id, user_name, user_pwd, user_phone, user_college, problem_id, problem_answer, user_sex, user_img, unread_message, post_collection_num, focus_number from user where id = ? 
2019-06-11 23:53:11.969 [ http-nio-8088-exec-9 ] - [ DEBUG ] [ z.c.mapper.UserMapper.selectByPrimaryKey : 159 ] - ==> Parameters: 103(Integer)
2019-06-11 23:53:11.970 [ http-nio-8088-exec-9 ] - [ DEBUG ] [ z.c.mapper.UserMapper.selectByPrimaryKey : 159 ] - <==      Total: 1
2019-06-11 23:53:14.825 [ http-nio-8088-exec-4 ] - [ DEBUG ] [ z.c.mapper.TabMapper.selectAllTabs_COUNT : 159 ] - ==>  Preparing: SELECT count(0) FROM tab 
2019-06-11 23:53:14.825 [ http-nio-8088-exec-4 ] - [ DEBUG ] [ z.c.mapper.TabMapper.selectAllTabs_COUNT : 159 ] - ==> Parameters: 
2019-06-11 23:53:14.826 [ http-nio-8088-exec-4 ] - [ DEBUG ] [ z.c.mapper.TabMapper.selectAllTabs_COUNT : 159 ] - <==      Total: 1
2019-06-11 23:53:14.826 [ http-nio-8088-exec-4 ] - [ DEBUG ] [ zyy.campuscommunity.mapper.TabMapper.selectAllTabs : 159 ] - ==>  Preparing: select id, tab_name, parent_id, tab_describe from tab LIMIT ? 
2019-06-11 23:53:14.827 [ http-nio-8088-exec-4 ] - [ DEBUG ] [ zyy.campuscommunity.mapper.TabMapper.selectAllTabs : 159 ] - ==> Parameters: 15(Integer)
2019-06-11 23:53:14.828 [ http-nio-8088-exec-4 ] - [ DEBUG ] [ zyy.campuscommunity.mapper.TabMapper.selectAllTabs : 159 ] - <==      Total: 15
2019-06-11 23:53:15.418 [ http-nio-8088-exec-10 ] - [ DEBUG ] [ z.c.mapper.UserMapper.getAllUser_COUNT : 159 ] - ==>  Preparing: SELECT count(0) FROM user 
2019-06-11 23:53:15.418 [ http-nio-8088-exec-10 ] - [ DEBUG ] [ z.c.mapper.UserMapper.getAllUser_COUNT : 159 ] - ==> Parameters: 
2019-06-11 23:53:15.418 [ http-nio-8088-exec-10 ] - [ DEBUG ] [ z.c.mapper.UserMapper.getAllUser_COUNT : 159 ] - <==      Total: 1
2019-06-11 23:53:15.419 [ http-nio-8088-exec-10 ] - [ DEBUG ] [ zyy.campuscommunity.mapper.UserMapper.getAllUser : 159 ] - ==>  Preparing: select * from user LIMIT ? 
2019-06-11 23:53:15.419 [ http-nio-8088-exec-10 ] - [ DEBUG ] [ zyy.campuscommunity.mapper.UserMapper.getAllUser : 159 ] - ==> Parameters: 6(Integer)
2019-06-11 23:53:15.420 [ http-nio-8088-exec-10 ] - [ DEBUG ] [ zyy.campuscommunity.mapper.UserMapper.getAllUser : 159 ] - <==      Total: 6
2019-06-11 23:53:17.745 [ http-nio-8088-exec-1 ] - [ DEBUG ] [ z.c.mapper.TabMapper.selectAllTabs_COUNT : 159 ] - ==>  Preparing: SELECT count(0) FROM tab 
2019-06-11 23:53:17.745 [ http-nio-8088-exec-1 ] - [ DEBUG ] [ z.c.mapper.TabMapper.selectAllTabs_COUNT : 159 ] - ==> Parameters: 
2019-06-11 23:53:17.745 [ http-nio-8088-exec-1 ] - [ DEBUG ] [ z.c.mapper.TabMapper.selectAllTabs_COUNT : 159 ] - <==      Total: 1
2019-06-11 23:53:17.746 [ http-nio-8088-exec-1 ] - [ DEBUG ] [ zyy.campuscommunity.mapper.TabMapper.selectAllTabs : 159 ] - ==>  Preparing: select id, tab_name, parent_id, tab_describe from tab LIMIT ? 
2019-06-11 23:53:17.746 [ http-nio-8088-exec-1 ] - [ DEBUG ] [ zyy.campuscommunity.mapper.TabMapper.selectAllTabs : 159 ] - ==> Parameters: 15(Integer)
2019-06-11 23:53:17.748 [ http-nio-8088-exec-1 ] - [ DEBUG ] [ zyy.campuscommunity.mapper.TabMapper.selectAllTabs : 159 ] - <==      Total: 15
2019-06-11 23:53:18.947 [ http-nio-8088-exec-2 ] - [ DEBUG ] [ z.c.mapper.TabMapper.selectByPrimaryKey : 159 ] - ==>  Preparing: select id, tab_name, parent_id, tab_describe from tab where id = ? 
2019-06-11 23:53:18.947 [ http-nio-8088-exec-2 ] - [ DEBUG ] [ z.c.mapper.TabMapper.selectByPrimaryKey : 159 ] - ==> Parameters: 1(Integer)
2019-06-11 23:53:18.948 [ http-nio-8088-exec-2 ] - [ DEBUG ] [ z.c.mapper.TabMapper.selectByPrimaryKey : 159 ] - <==      Total: 1
