2019-06-04 15:49:55.232 [ main ] - [ INFO  ] [ zyy.campuscommunity.CampuscommunityApplication : 50 ] - Starting CampuscommunityApplication on Zhaoyy_PC with PID 1896 (D:\workplace\ideaPlace\campuscommunity\target\classes started by Zhaoyy_PC in D:\workplace\ideaPlace\campuscommunity)
2019-06-04 15:49:55.238 [ main ] - [ DEBUG ] [ zyy.campuscommunity.CampuscommunityApplication : 53 ] - Running with Spring Boot v2.1.0.RELEASE, Spring v5.1.2.RELEASE
2019-06-04 15:49:55.239 [ main ] - [ INFO  ] [ zyy.campuscommunity.CampuscommunityApplication : 679 ] - The following profiles are active: dev
2019-06-04 15:49:59.641 [ main ] - [ INFO  ] [ org.apache.coyote.http11.Http11NioProtocol : 173 ] - Initializing ProtocolHandler ["http-nio-8088"]
2019-06-04 15:49:59.650 [ main ] - [ INFO  ] [ org.apache.catalina.core.StandardService : 173 ] - Starting service [Tomcat]
2019-06-04 15:49:59.650 [ main ] - [ INFO  ] [ org.apache.catalina.core.StandardEngine : 173 ] - Starting Servlet Engine: Apache Tomcat/9.0.12
2019-06-04 15:49:59.660 [ main ] - [ INFO  ] [ org.apache.catalina.core.AprLifecycleListener : 173 ] - The APR based Apache Tomcat Native library which allows optimal performance in production environments was not found on the java.library.path: [C:\Program Files\Java\jdk1.8.0_121\bin;C:\WINDOWS\Sun\Java\bin;C:\WINDOWS\system32;C:\WINDOWS;C:\ProgramData\Oracle\Java\javapath;C:\WINDOWS\system32;C:\WINDOWS;C:\WINDOWS\System32\Wbem;C:\WINDOWS\System32\WindowsPowerShell\v1.0\;D:\tools\mysql5.7.12\mysql-5.7.12-winx64\bin;D:\tools\python3;C:\WINDOWS\System32\OpenSSH\;D:\tools\svn\bin;D:\tools\node\;C:\Users\Zhaoyy_PC\.app\;C:\Program Files\Java\jdk1.8.0_121\bin;C:\Program Files\Java\jre1.8.0_121\bin;D:\myIcon;;C:\Users\Zhaoyy_PC\AppData\Local\Microsoft\WindowsApps;D:\tools\vscode\Microsoft VS Code\bin;C:\Users\Zhaoyy_PC\AppData\Roaming\npm;.]
2019-06-04 15:50:00.366 [ main ] - [ INFO  ] [ o.a.c.core.ContainerBase.[Tomcat].[localhost].[/] : 173 ] - Initializing Spring embedded WebApplicationContext
2019-06-04 15:50:04.832 [ main ] - [ INFO  ] [ org.apache.coyote.http11.Http11NioProtocol : 173 ] - Starting ProtocolHandler ["http-nio-8088"]
2019-06-04 15:50:04.844 [ main ] - [ INFO  ] [ org.apache.tomcat.util.net.NioSelectorPool : 173 ] - Using a shared selector for servlet write/read
2019-06-04 15:50:04.886 [ main ] - [ INFO  ] [ zyy.campuscommunity.CampuscommunityApplication : 59 ] - Started CampuscommunityApplication in 10.689 seconds (JVM running for 17.065)
2019-06-04 16:24:40.506 [ http-nio-8088-exec-10 ] - [ INFO  ] [ o.a.c.core.ContainerBase.[Tomcat].[localhost].[/] : 173 ] - Initializing Spring DispatcherServlet 'dispatcherServlet'
2019-06-04 16:24:40.623 [ http-nio-8088-exec-10 ] - [ INFO  ] [ com.zaxxer.hikari.HikariDataSource : 110 ] - HikariPool-1 - Starting...
2019-06-04 16:24:41.510 [ http-nio-8088-exec-10 ] - [ INFO  ] [ com.zaxxer.hikari.HikariDataSource : 123 ] - HikariPool-1 - Start completed.
2019-06-04 16:24:41.532 [ http-nio-8088-exec-10 ] - [ DEBUG ] [ z.c.mapper.UserMapper.selectByExample : 159 ] - ==>  Preparing: select id, user_role, user_id, user_name, user_pwd, user_phone, user_college, problem_id, problem_answer, user_sex, user_img, unread_message, post_collection_num, focus_number from user WHERE ( user_name = ? ) 
2019-06-04 16:24:41.569 [ http-nio-8088-exec-10 ] - [ DEBUG ] [ z.c.mapper.UserMapper.selectByExample : 159 ] - ==> Parameters: root(String)
2019-06-04 16:24:41.631 [ http-nio-8088-exec-10 ] - [ DEBUG ] [ z.c.mapper.UserMapper.selectByExample : 159 ] - <==      Total: 1
2019-06-04 16:24:42.000 [ http-nio-8088-exec-9 ] - [ DEBUG ] [ z.c.mapper.PostMapper.selectAllPost_COUNT : 159 ] - ==>  Preparing: SELECT count(0) FROM post 
2019-06-04 16:24:42.001 [ http-nio-8088-exec-9 ] - [ DEBUG ] [ z.c.mapper.PostMapper.selectAllPost_COUNT : 159 ] - ==> Parameters: 
2019-06-04 16:24:42.012 [ http-nio-8088-exec-9 ] - [ DEBUG ] [ z.c.mapper.PostMapper.selectAllPost_COUNT : 159 ] - <==      Total: 1
2019-06-04 16:24:42.015 [ http-nio-8088-exec-9 ] - [ DEBUG ] [ z.campuscommunity.mapper.PostMapper.selectAllPost : 159 ] - ==>  Preparing: select * from post LIMIT ? 
2019-06-04 16:24:42.016 [ http-nio-8088-exec-9 ] - [ DEBUG ] [ z.campuscommunity.mapper.PostMapper.selectAllPost : 159 ] - ==> Parameters: 7(Integer)
2019-06-04 16:24:42.020 [ http-nio-8088-exec-9 ] - [ DEBUG ] [ z.campuscommunity.mapper.PostMapper.selectAllPost : 159 ] - <==      Total: 7
2019-06-04 16:24:44.330 [ http-nio-8088-exec-8 ] - [ DEBUG ] [ z.c.mapper.UserMapper.getAllUser_COUNT : 159 ] - ==>  Preparing: SELECT count(0) FROM user 
2019-06-04 16:24:44.330 [ http-nio-8088-exec-8 ] - [ DEBUG ] [ z.c.mapper.UserMapper.getAllUser_COUNT : 159 ] - ==> Parameters: 
2019-06-04 16:24:44.332 [ http-nio-8088-exec-8 ] - [ DEBUG ] [ z.c.mapper.UserMapper.getAllUser_COUNT : 159 ] - <==      Total: 1
2019-06-04 16:24:44.332 [ http-nio-8088-exec-8 ] - [ DEBUG ] [ zyy.campuscommunity.mapper.UserMapper.getAllUser : 159 ] - ==>  Preparing: select * from user LIMIT ? 
2019-06-04 16:24:44.333 [ http-nio-8088-exec-8 ] - [ DEBUG ] [ zyy.campuscommunity.mapper.UserMapper.getAllUser : 159 ] - ==> Parameters: 6(Integer)
2019-06-04 16:24:44.337 [ http-nio-8088-exec-8 ] - [ DEBUG ] [ zyy.campuscommunity.mapper.UserMapper.getAllUser : 159 ] - <==      Total: 5
2019-06-04 16:24:45.194 [ http-nio-8088-exec-7 ] - [ DEBUG ] [ z.c.mapper.TabMapper.selectAllTabs_COUNT : 159 ] - ==>  Preparing: SELECT count(0) FROM tab 
2019-06-04 16:24:45.195 [ http-nio-8088-exec-7 ] - [ DEBUG ] [ z.c.mapper.TabMapper.selectAllTabs_COUNT : 159 ] - ==> Parameters: 
2019-06-04 16:24:45.201 [ http-nio-8088-exec-7 ] - [ DEBUG ] [ z.c.mapper.TabMapper.selectAllTabs_COUNT : 159 ] - <==      Total: 1
2019-06-04 16:24:45.202 [ http-nio-8088-exec-7 ] - [ DEBUG ] [ zyy.campuscommunity.mapper.TabMapper.selectAllTabs : 159 ] - ==>  Preparing: select id, tab_name, parent_id, tab_describe from tab LIMIT ? 
2019-06-04 16:24:45.202 [ http-nio-8088-exec-7 ] - [ DEBUG ] [ zyy.campuscommunity.mapper.TabMapper.selectAllTabs : 159 ] - ==> Parameters: 15(Integer)
2019-06-04 16:24:45.206 [ http-nio-8088-exec-7 ] - [ DEBUG ] [ zyy.campuscommunity.mapper.TabMapper.selectAllTabs : 159 ] - <==      Total: 15
2019-06-04 16:24:53.047 [ http-nio-8088-exec-6 ] - [ DEBUG ] [ z.c.mapper.TabMapper.selectAllTabs_COUNT : 159 ] - ==>  Preparing: SELECT count(0) FROM tab 
2019-06-04 16:24:53.048 [ http-nio-8088-exec-6 ] - [ DEBUG ] [ z.c.mapper.TabMapper.selectAllTabs_COUNT : 159 ] - ==> Parameters: 
2019-06-04 16:24:53.049 [ http-nio-8088-exec-6 ] - [ DEBUG ] [ z.c.mapper.TabMapper.selectAllTabs_COUNT : 159 ] - <==      Total: 1
2019-06-04 16:24:53.050 [ http-nio-8088-exec-6 ] - [ DEBUG ] [ zyy.campuscommunity.mapper.TabMapper.selectAllTabs : 159 ] - ==>  Preparing: select id, tab_name, parent_id, tab_describe from tab LIMIT ? 
2019-06-04 16:24:53.050 [ http-nio-8088-exec-6 ] - [ DEBUG ] [ zyy.campuscommunity.mapper.TabMapper.selectAllTabs : 159 ] - ==> Parameters: 15(Integer)
2019-06-04 16:24:53.054 [ http-nio-8088-exec-6 ] - [ DEBUG ] [ zyy.campuscommunity.mapper.TabMapper.selectAllTabs : 159 ] - <==      Total: 15
2019-06-04 16:24:53.928 [ http-nio-8088-exec-5 ] - [ DEBUG ] [ z.c.mapper.TabMapper.selectAllTabs_COUNT : 159 ] - ==>  Preparing: SELECT count(0) FROM tab 
2019-06-04 16:24:53.928 [ http-nio-8088-exec-5 ] - [ DEBUG ] [ z.c.mapper.TabMapper.selectAllTabs_COUNT : 159 ] - ==> Parameters: 
2019-06-04 16:24:53.931 [ http-nio-8088-exec-5 ] - [ DEBUG ] [ z.c.mapper.TabMapper.selectAllTabs_COUNT : 159 ] - <==      Total: 1
2019-06-04 16:24:53.931 [ http-nio-8088-exec-5 ] - [ DEBUG ] [ zyy.campuscommunity.mapper.TabMapper.selectAllTabs : 159 ] - ==>  Preparing: select id, tab_name, parent_id, tab_describe from tab LIMIT ? 
2019-06-04 16:24:53.932 [ http-nio-8088-exec-5 ] - [ DEBUG ] [ zyy.campuscommunity.mapper.TabMapper.selectAllTabs : 159 ] - ==> Parameters: 15(Integer)
2019-06-04 16:24:53.934 [ http-nio-8088-exec-5 ] - [ DEBUG ] [ zyy.campuscommunity.mapper.TabMapper.selectAllTabs : 159 ] - <==      Total: 15
2019-06-04 16:24:54.382 [ http-nio-8088-exec-4 ] - [ DEBUG ] [ z.c.mapper.UserMapper.getAllUser_COUNT : 159 ] - ==>  Preparing: SELECT count(0) FROM user 
2019-06-04 16:24:54.382 [ http-nio-8088-exec-4 ] - [ DEBUG ] [ z.c.mapper.UserMapper.getAllUser_COUNT : 159 ] - ==> Parameters: 
2019-06-04 16:24:54.384 [ http-nio-8088-exec-4 ] - [ DEBUG ] [ z.c.mapper.UserMapper.getAllUser_COUNT : 159 ] - <==      Total: 1
2019-06-04 16:24:54.384 [ http-nio-8088-exec-4 ] - [ DEBUG ] [ zyy.campuscommunity.mapper.UserMapper.getAllUser : 159 ] - ==>  Preparing: select * from user LIMIT ? 
2019-06-04 16:24:54.385 [ http-nio-8088-exec-4 ] - [ DEBUG ] [ zyy.campuscommunity.mapper.UserMapper.getAllUser : 159 ] - ==> Parameters: 6(Integer)
2019-06-04 16:24:54.387 [ http-nio-8088-exec-4 ] - [ DEBUG ] [ zyy.campuscommunity.mapper.UserMapper.getAllUser : 159 ] - <==      Total: 5
2019-06-04 16:24:55.240 [ http-nio-8088-exec-3 ] - [ DEBUG ] [ z.c.mapper.PostMapper.selectAllPost_COUNT : 159 ] - ==>  Preparing: SELECT count(0) FROM post 
2019-06-04 16:24:55.240 [ http-nio-8088-exec-3 ] - [ DEBUG ] [ z.c.mapper.PostMapper.selectAllPost_COUNT : 159 ] - ==> Parameters: 
2019-06-04 16:24:55.241 [ http-nio-8088-exec-3 ] - [ DEBUG ] [ z.c.mapper.PostMapper.selectAllPost_COUNT : 159 ] - <==      Total: 1
2019-06-04 16:24:55.243 [ http-nio-8088-exec-3 ] - [ DEBUG ] [ z.campuscommunity.mapper.PostMapper.selectAllPost : 159 ] - ==>  Preparing: select * from post LIMIT ? 
2019-06-04 16:24:55.243 [ http-nio-8088-exec-3 ] - [ DEBUG ] [ z.campuscommunity.mapper.PostMapper.selectAllPost : 159 ] - ==> Parameters: 7(Integer)
2019-06-04 16:24:55.247 [ http-nio-8088-exec-3 ] - [ DEBUG ] [ z.campuscommunity.mapper.PostMapper.selectAllPost : 159 ] - <==      Total: 7
2019-06-04 20:27:42.881 [ main ] - [ INFO  ] [ zyy.campuscommunity.CampuscommunityApplication : 50 ] - Starting CampuscommunityApplication on Zhaoyy_PC with PID 9688 (D:\workplace\ideaPlace\campuscommunity\target\classes started by Zhaoyy_PC in D:\workplace\ideaPlace\campuscommunity)
2019-06-04 20:27:42.884 [ main ] - [ DEBUG ] [ zyy.campuscommunity.CampuscommunityApplication : 53 ] - Running with Spring Boot v2.1.0.RELEASE, Spring v5.1.2.RELEASE
2019-06-04 20:27:42.885 [ main ] - [ INFO  ] [ zyy.campuscommunity.CampuscommunityApplication : 679 ] - The following profiles are active: dev
2019-06-04 20:27:44.904 [ main ] - [ INFO  ] [ org.apache.coyote.http11.Http11NioProtocol : 173 ] - Initializing ProtocolHandler ["http-nio-8088"]
2019-06-04 20:27:44.908 [ main ] - [ INFO  ] [ org.apache.catalina.core.StandardService : 173 ] - Starting service [Tomcat]
2019-06-04 20:27:44.909 [ main ] - [ INFO  ] [ org.apache.catalina.core.StandardEngine : 173 ] - Starting Servlet Engine: Apache Tomcat/9.0.12
2019-06-04 20:27:44.916 [ main ] - [ INFO  ] [ org.apache.catalina.core.AprLifecycleListener : 173 ] - The APR based Apache Tomcat Native library which allows optimal performance in production environments was not found on the java.library.path: [C:\Program Files\Java\jdk1.8.0_121\bin;C:\WINDOWS\Sun\Java\bin;C:\WINDOWS\system32;C:\WINDOWS;C:\ProgramData\Oracle\Java\javapath;C:\WINDOWS\system32;C:\WINDOWS;C:\WINDOWS\System32\Wbem;C:\WINDOWS\System32\WindowsPowerShell\v1.0\;D:\tools\mysql5.7.12\mysql-5.7.12-winx64\bin;D:\tools\python3;C:\WINDOWS\System32\OpenSSH\;D:\tools\svn\bin;D:\tools\node\;C:\Program Files (x86)\NVIDIA Corporation\PhysX\Common;C:\Program Files\NVIDIA Corporation\NVIDIA NvDLISR;C:\Users\Zhaoyy_PC\.app\;C:\Program Files\Java\jdk1.8.0_121\bin;C:\Program Files\Java\jre1.8.0_121\bin;D:\myIcon;;C:\Users\Zhaoyy_PC\AppData\Local\Microsoft\WindowsApps;D:\tools\vscode\Microsoft VS Code\bin;C:\Users\Zhaoyy_PC\AppData\Roaming\npm;.]
2019-06-04 20:27:45.210 [ main ] - [ INFO  ] [ o.a.c.core.ContainerBase.[Tomcat].[localhost].[/] : 173 ] - Initializing Spring embedded WebApplicationContext
2019-06-04 20:27:47.473 [ main ] - [ INFO  ] [ org.apache.coyote.http11.Http11NioProtocol : 173 ] - Starting ProtocolHandler ["http-nio-8088"]
2019-06-04 20:27:47.490 [ main ] - [ INFO  ] [ org.apache.tomcat.util.net.NioSelectorPool : 173 ] - Using a shared selector for servlet write/read
2019-06-04 20:27:47.513 [ main ] - [ INFO  ] [ zyy.campuscommunity.CampuscommunityApplication : 59 ] - Started CampuscommunityApplication in 5.321 seconds (JVM running for 9.663)
