2019-06-02 13:15:27.630 [ main ] - [ INFO  ] [ zyy.campuscommunity.CampuscommunityApplication : 50 ] - Starting CampuscommunityApplication on Zhaoyy_PC with PID 8632 (D:\workplace\ideaPlace\campuscommunity\target\classes started by Zhaoyy_PC in D:\workplace\ideaPlace\campuscommunity)
2019-06-02 13:15:27.662 [ main ] - [ DEBUG ] [ zyy.campuscommunity.CampuscommunityApplication : 53 ] - Running with Spring Boot v2.1.0.RELEASE, Spring v5.1.2.RELEASE
2019-06-02 13:15:27.663 [ main ] - [ INFO  ] [ zyy.campuscommunity.CampuscommunityApplication : 679 ] - The following profiles are active: dev
2019-06-02 13:15:31.602 [ main ] - [ INFO  ] [ org.apache.coyote.http11.Http11NioProtocol : 173 ] - Initializing ProtocolHandler ["http-nio-8088"]
2019-06-02 13:15:31.609 [ main ] - [ INFO  ] [ org.apache.catalina.core.StandardService : 173 ] - Starting service [Tomcat]
2019-06-02 13:15:31.610 [ main ] - [ INFO  ] [ org.apache.catalina.core.StandardEngine : 173 ] - Starting Servlet Engine: Apache Tomcat/9.0.12
2019-06-02 13:15:31.617 [ main ] - [ INFO  ] [ org.apache.catalina.core.AprLifecycleListener : 173 ] - The APR based Apache Tomcat Native library which allows optimal performance in production environments was not found on the java.library.path: [C:\Program Files\Java\jdk1.8.0_121\bin;C:\WINDOWS\Sun\Java\bin;C:\WINDOWS\system32;C:\WINDOWS;C:\ProgramData\Oracle\Java\javapath;C:\WINDOWS\system32;C:\WINDOWS;C:\WINDOWS\System32\Wbem;C:\WINDOWS\System32\WindowsPowerShell\v1.0\;D:\tools\mysql5.7.12\mysql-5.7.12-winx64\bin;D:\tools\python3;C:\WINDOWS\System32\OpenSSH\;D:\tools\svn\bin;D:\tools\node\;C:\Users\Zhaoyy_PC\.app\;C:\Program Files\Java\jdk1.8.0_121\bin;C:\Program Files\Java\jre1.8.0_121\bin;D:\myIcon;;C:\Users\Zhaoyy_PC\AppData\Local\Microsoft\WindowsApps;D:\tools\vscode\Microsoft VS Code\bin;C:\Users\Zhaoyy_PC\AppData\Roaming\npm;.]
2019-06-02 13:15:31.954 [ main ] - [ INFO  ] [ o.a.c.core.ContainerBase.[Tomcat].[localhost].[/] : 173 ] - Initializing Spring embedded WebApplicationContext
2019-06-02 13:15:34.129 [ main ] - [ INFO  ] [ org.apache.coyote.http11.Http11NioProtocol : 173 ] - Starting ProtocolHandler ["http-nio-8088"]
2019-06-02 13:15:34.140 [ main ] - [ INFO  ] [ org.apache.tomcat.util.net.NioSelectorPool : 173 ] - Using a shared selector for servlet write/read
2019-06-02 13:15:34.164 [ main ] - [ INFO  ] [ zyy.campuscommunity.CampuscommunityApplication : 59 ] - Started CampuscommunityApplication in 7.824 seconds (JVM running for 11.713)
2019-06-02 13:15:53.991 [ http-nio-8088-exec-1 ] - [ INFO  ] [ o.a.c.core.ContainerBase.[Tomcat].[localhost].[/] : 173 ] - Initializing Spring DispatcherServlet 'dispatcherServlet'
2019-06-02 13:15:54.095 [ http-nio-8088-exec-1 ] - [ INFO  ] [ com.zaxxer.hikari.HikariDataSource : 110 ] - HikariPool-1 - Starting...
2019-06-02 13:15:54.896 [ http-nio-8088-exec-1 ] - [ INFO  ] [ com.zaxxer.hikari.HikariDataSource : 123 ] - HikariPool-1 - Start completed.
2019-06-02 13:15:54.904 [ http-nio-8088-exec-1 ] - [ DEBUG ] [ z.c.mapper.UserMapper.selectByExample : 159 ] - ==>  Preparing: select id, user_role, user_id, user_name, user_pwd, user_phone, user_college, problem_id, problem_answer, user_sex, user_img, unread_message, post_collection_num, focus_number from user WHERE ( user_name = ? ) 
2019-06-02 13:15:54.928 [ http-nio-8088-exec-1 ] - [ DEBUG ] [ z.c.mapper.UserMapper.selectByExample : 159 ] - ==> Parameters: root(String)
2019-06-02 13:15:54.973 [ http-nio-8088-exec-1 ] - [ DEBUG ] [ z.c.mapper.UserMapper.selectByExample : 159 ] - <==      Total: 1
2019-06-02 13:15:55.248 [ http-nio-8088-exec-2 ] - [ DEBUG ] [ z.c.mapper.PostMapper.selectAllPost_COUNT : 159 ] - ==>  Preparing: SELECT count(0) FROM post 
2019-06-02 13:15:55.249 [ http-nio-8088-exec-2 ] - [ DEBUG ] [ z.c.mapper.PostMapper.selectAllPost_COUNT : 159 ] - ==> Parameters: 
2019-06-02 13:15:55.266 [ http-nio-8088-exec-2 ] - [ DEBUG ] [ z.c.mapper.PostMapper.selectAllPost_COUNT : 159 ] - <==      Total: 1
2019-06-02 13:15:55.268 [ http-nio-8088-exec-2 ] - [ DEBUG ] [ z.campuscommunity.mapper.PostMapper.selectAllPost : 159 ] - ==>  Preparing: select * from post LIMIT ? 
2019-06-02 13:15:55.269 [ http-nio-8088-exec-2 ] - [ DEBUG ] [ z.campuscommunity.mapper.PostMapper.selectAllPost : 159 ] - ==> Parameters: 7(Integer)
2019-06-02 13:15:55.276 [ http-nio-8088-exec-2 ] - [ DEBUG ] [ z.campuscommunity.mapper.PostMapper.selectAllPost : 159 ] - <==      Total: 7
2019-06-02 13:18:56.087 [ http-nio-8088-exec-4 ] - [ DEBUG ] [ z.c.mapper.PostMapper.selectByPrimaryKey : 159 ] - ==>  Preparing: select id, post_user_id, post_user_name, post_title, post_tab_id, post_tab_name, tab_parentid, post_content, post_time, post_content_img, post_user_icon, post_click_count, post_reply_count, post_last_reply, post_last_reply_time, post_last_reply_time_simple from post where id = ? 
2019-06-02 13:18:56.088 [ http-nio-8088-exec-4 ] - [ DEBUG ] [ z.c.mapper.PostMapper.selectByPrimaryKey : 159 ] - ==> Parameters: 2(Integer)
2019-06-02 13:18:56.091 [ http-nio-8088-exec-4 ] - [ DEBUG ] [ z.c.mapper.PostMapper.selectByPrimaryKey : 159 ] - <==      Total: 1
2019-06-02 13:20:52.706 [ http-nio-8088-exec-6 ] - [ DEBUG ] [ z.c.mapper.PostMapper.selectByPrimaryKey : 159 ] - ==>  Preparing: select id, post_user_id, post_user_name, post_title, post_tab_id, post_tab_name, tab_parentid, post_content, post_time, post_content_img, post_user_icon, post_click_count, post_reply_count, post_last_reply, post_last_reply_time, post_last_reply_time_simple from post where id = ? 
2019-06-02 13:20:52.707 [ http-nio-8088-exec-6 ] - [ DEBUG ] [ z.c.mapper.PostMapper.selectByPrimaryKey : 159 ] - ==> Parameters: 1(Integer)
2019-06-02 13:20:52.710 [ http-nio-8088-exec-6 ] - [ DEBUG ] [ z.c.mapper.PostMapper.selectByPrimaryKey : 159 ] - <==      Total: 1
2019-06-02 13:31:37.823 [ http-nio-8088-exec-8 ] - [ DEBUG ] [ z.c.mapper.UserMapper.getAllUser_COUNT : 159 ] - ==>  Preparing: SELECT count(0) FROM user 
2019-06-02 13:31:37.823 [ http-nio-8088-exec-8 ] - [ DEBUG ] [ z.c.mapper.UserMapper.getAllUser_COUNT : 159 ] - ==> Parameters: 
2019-06-02 13:31:37.830 [ http-nio-8088-exec-8 ] - [ DEBUG ] [ z.c.mapper.UserMapper.getAllUser_COUNT : 159 ] - <==      Total: 1
2019-06-02 13:31:37.831 [ http-nio-8088-exec-8 ] - [ DEBUG ] [ zyy.campuscommunity.mapper.UserMapper.getAllUser : 159 ] - ==>  Preparing: select * from user LIMIT ? 
2019-06-02 13:31:37.832 [ http-nio-8088-exec-8 ] - [ DEBUG ] [ zyy.campuscommunity.mapper.UserMapper.getAllUser : 159 ] - ==> Parameters: 6(Integer)
2019-06-02 13:31:37.837 [ http-nio-8088-exec-8 ] - [ DEBUG ] [ zyy.campuscommunity.mapper.UserMapper.getAllUser : 159 ] - <==      Total: 5
2019-06-02 13:31:39.444 [ http-nio-8088-exec-9 ] - [ DEBUG ] [ z.c.mapper.PostMapper.selectAllPost_COUNT : 159 ] - ==>  Preparing: SELECT count(0) FROM post 
2019-06-02 13:31:39.444 [ http-nio-8088-exec-9 ] - [ DEBUG ] [ z.c.mapper.PostMapper.selectAllPost_COUNT : 159 ] - ==> Parameters: 
2019-06-02 13:31:39.446 [ http-nio-8088-exec-9 ] - [ DEBUG ] [ z.c.mapper.PostMapper.selectAllPost_COUNT : 159 ] - <==      Total: 1
2019-06-02 13:31:39.446 [ http-nio-8088-exec-9 ] - [ DEBUG ] [ z.campuscommunity.mapper.PostMapper.selectAllPost : 159 ] - ==>  Preparing: select * from post LIMIT ? 
2019-06-02 13:31:39.446 [ http-nio-8088-exec-9 ] - [ DEBUG ] [ z.campuscommunity.mapper.PostMapper.selectAllPost : 159 ] - ==> Parameters: 7(Integer)
2019-06-02 13:31:39.454 [ http-nio-8088-exec-9 ] - [ DEBUG ] [ z.campuscommunity.mapper.PostMapper.selectAllPost : 159 ] - <==      Total: 7
2019-06-02 13:33:10.960 [ http-nio-8088-exec-1 ] - [ DEBUG ] [ z.c.mapper.UserMapper.getAllUser_COUNT : 159 ] - ==>  Preparing: SELECT count(0) FROM user 
2019-06-02 13:33:10.961 [ http-nio-8088-exec-1 ] - [ DEBUG ] [ z.c.mapper.UserMapper.getAllUser_COUNT : 159 ] - ==> Parameters: 
2019-06-02 13:33:10.963 [ http-nio-8088-exec-1 ] - [ DEBUG ] [ z.c.mapper.UserMapper.getAllUser_COUNT : 159 ] - <==      Total: 1
2019-06-02 13:33:10.964 [ http-nio-8088-exec-1 ] - [ DEBUG ] [ zyy.campuscommunity.mapper.UserMapper.getAllUser : 159 ] - ==>  Preparing: select * from user LIMIT ? 
2019-06-02 13:33:10.964 [ http-nio-8088-exec-1 ] - [ DEBUG ] [ zyy.campuscommunity.mapper.UserMapper.getAllUser : 159 ] - ==> Parameters: 6(Integer)
2019-06-02 13:33:10.967 [ http-nio-8088-exec-1 ] - [ DEBUG ] [ zyy.campuscommunity.mapper.UserMapper.getAllUser : 159 ] - <==      Total: 5
2019-06-02 13:33:11.730 [ http-nio-8088-exec-2 ] - [ DEBUG ] [ z.c.mapper.PostMapper.selectAllPost_COUNT : 159 ] - ==>  Preparing: SELECT count(0) FROM post 
2019-06-02 13:33:11.730 [ http-nio-8088-exec-2 ] - [ DEBUG ] [ z.c.mapper.PostMapper.selectAllPost_COUNT : 159 ] - ==> Parameters: 
2019-06-02 13:33:11.732 [ http-nio-8088-exec-2 ] - [ DEBUG ] [ z.c.mapper.PostMapper.selectAllPost_COUNT : 159 ] - <==      Total: 1
2019-06-02 13:33:11.732 [ http-nio-8088-exec-2 ] - [ DEBUG ] [ z.campuscommunity.mapper.PostMapper.selectAllPost : 159 ] - ==>  Preparing: select * from post LIMIT ? 
2019-06-02 13:33:11.733 [ http-nio-8088-exec-2 ] - [ DEBUG ] [ z.campuscommunity.mapper.PostMapper.selectAllPost : 159 ] - ==> Parameters: 7(Integer)
2019-06-02 13:33:11.735 [ http-nio-8088-exec-2 ] - [ DEBUG ] [ z.campuscommunity.mapper.PostMapper.selectAllPost : 159 ] - <==      Total: 7
2019-06-02 13:40:25.678 [ http-nio-8088-exec-4 ] - [ DEBUG ] [ z.c.mapper.UserMapper.getAllUser_COUNT : 159 ] - ==>  Preparing: SELECT count(0) FROM user 
2019-06-02 13:40:25.679 [ http-nio-8088-exec-4 ] - [ DEBUG ] [ z.c.mapper.UserMapper.getAllUser_COUNT : 159 ] - ==> Parameters: 
2019-06-02 13:40:25.682 [ http-nio-8088-exec-4 ] - [ DEBUG ] [ z.c.mapper.UserMapper.getAllUser_COUNT : 159 ] - <==      Total: 1
2019-06-02 13:40:25.684 [ http-nio-8088-exec-4 ] - [ DEBUG ] [ zyy.campuscommunity.mapper.UserMapper.getAllUser : 159 ] - ==>  Preparing: select * from user LIMIT ? 
2019-06-02 13:40:25.684 [ http-nio-8088-exec-4 ] - [ DEBUG ] [ zyy.campuscommunity.mapper.UserMapper.getAllUser : 159 ] - ==> Parameters: 6(Integer)
2019-06-02 13:40:25.694 [ http-nio-8088-exec-4 ] - [ DEBUG ] [ zyy.campuscommunity.mapper.UserMapper.getAllUser : 159 ] - <==      Total: 5
2019-06-02 13:40:26.934 [ http-nio-8088-exec-5 ] - [ DEBUG ] [ z.c.mapper.TabMapper.selectAllTabs_COUNT : 159 ] - ==>  Preparing: SELECT count(0) FROM tab 
2019-06-02 13:40:26.936 [ http-nio-8088-exec-5 ] - [ DEBUG ] [ z.c.mapper.TabMapper.selectAllTabs_COUNT : 159 ] - ==> Parameters: 
2019-06-02 13:40:26.971 [ http-nio-8088-exec-5 ] - [ DEBUG ] [ z.c.mapper.TabMapper.selectAllTabs_COUNT : 159 ] - <==      Total: 1
2019-06-02 13:40:26.974 [ http-nio-8088-exec-5 ] - [ DEBUG ] [ zyy.campuscommunity.mapper.TabMapper.selectAllTabs : 159 ] - ==>  Preparing: select id, tab_name, parent_id, tab_describe from tab LIMIT ? 
2019-06-02 13:40:26.975 [ http-nio-8088-exec-5 ] - [ DEBUG ] [ zyy.campuscommunity.mapper.TabMapper.selectAllTabs : 159 ] - ==> Parameters: 15(Integer)
2019-06-02 13:40:26.979 [ http-nio-8088-exec-5 ] - [ DEBUG ] [ zyy.campuscommunity.mapper.TabMapper.selectAllTabs : 159 ] - <==      Total: 15
2019-06-02 13:40:27.645 [ http-nio-8088-exec-6 ] - [ DEBUG ] [ z.c.mapper.PostMapper.selectAllPost_COUNT : 159 ] - ==>  Preparing: SELECT count(0) FROM post 
2019-06-02 13:40:27.645 [ http-nio-8088-exec-6 ] - [ DEBUG ] [ z.c.mapper.PostMapper.selectAllPost_COUNT : 159 ] - ==> Parameters: 
2019-06-02 13:40:27.647 [ http-nio-8088-exec-6 ] - [ DEBUG ] [ z.c.mapper.PostMapper.selectAllPost_COUNT : 159 ] - <==      Total: 1
2019-06-02 13:40:27.647 [ http-nio-8088-exec-6 ] - [ DEBUG ] [ z.campuscommunity.mapper.PostMapper.selectAllPost : 159 ] - ==>  Preparing: select * from post LIMIT ? 
2019-06-02 13:40:27.648 [ http-nio-8088-exec-6 ] - [ DEBUG ] [ z.campuscommunity.mapper.PostMapper.selectAllPost : 159 ] - ==> Parameters: 7(Integer)
2019-06-02 13:40:27.650 [ http-nio-8088-exec-6 ] - [ DEBUG ] [ z.campuscommunity.mapper.PostMapper.selectAllPost : 159 ] - <==      Total: 7
2019-06-02 13:46:23.799 [ http-nio-8088-exec-9 ] - [ DEBUG ] [ z.c.mapper.UserMapper.selectByExample : 159 ] - ==>  Preparing: select id, user_role, user_id, user_name, user_pwd, user_phone, user_college, problem_id, problem_answer, user_sex, user_img, unread_message, post_collection_num, focus_number from user WHERE ( user_name = ? ) 
2019-06-02 13:46:23.801 [ http-nio-8088-exec-9 ] - [ DEBUG ] [ z.c.mapper.UserMapper.selectByExample : 159 ] - ==> Parameters: root(String)
2019-06-02 13:46:23.803 [ http-nio-8088-exec-9 ] - [ DEBUG ] [ z.c.mapper.UserMapper.selectByExample : 159 ] - <==      Total: 1
2019-06-02 13:46:24.113 [ http-nio-8088-exec-10 ] - [ DEBUG ] [ z.c.mapper.PostMapper.selectAllPost_COUNT : 159 ] - ==>  Preparing: SELECT count(0) FROM post 
2019-06-02 13:46:24.114 [ http-nio-8088-exec-10 ] - [ DEBUG ] [ z.c.mapper.PostMapper.selectAllPost_COUNT : 159 ] - ==> Parameters: 
2019-06-02 13:46:24.116 [ http-nio-8088-exec-10 ] - [ DEBUG ] [ z.c.mapper.PostMapper.selectAllPost_COUNT : 159 ] - <==      Total: 1
2019-06-02 13:46:24.116 [ http-nio-8088-exec-10 ] - [ DEBUG ] [ z.campuscommunity.mapper.PostMapper.selectAllPost : 159 ] - ==>  Preparing: select * from post LIMIT ? 
2019-06-02 13:46:24.116 [ http-nio-8088-exec-10 ] - [ DEBUG ] [ z.campuscommunity.mapper.PostMapper.selectAllPost : 159 ] - ==> Parameters: 7(Integer)
2019-06-02 13:46:24.125 [ http-nio-8088-exec-10 ] - [ DEBUG ] [ z.campuscommunity.mapper.PostMapper.selectAllPost : 159 ] - <==      Total: 7
2019-06-02 13:46:29.423 [ http-nio-8088-exec-1 ] - [ DEBUG ] [ z.c.mapper.UserMapper.getAllUser_COUNT : 159 ] - ==>  Preparing: SELECT count(0) FROM user 
2019-06-02 13:46:29.423 [ http-nio-8088-exec-1 ] - [ DEBUG ] [ z.c.mapper.UserMapper.getAllUser_COUNT : 159 ] - ==> Parameters: 
2019-06-02 13:46:29.425 [ http-nio-8088-exec-1 ] - [ DEBUG ] [ z.c.mapper.UserMapper.getAllUser_COUNT : 159 ] - <==      Total: 1
2019-06-02 13:46:29.425 [ http-nio-8088-exec-1 ] - [ DEBUG ] [ zyy.campuscommunity.mapper.UserMapper.getAllUser : 159 ] - ==>  Preparing: select * from user LIMIT ? 
2019-06-02 13:46:29.425 [ http-nio-8088-exec-1 ] - [ DEBUG ] [ zyy.campuscommunity.mapper.UserMapper.getAllUser : 159 ] - ==> Parameters: 6(Integer)
2019-06-02 13:46:29.427 [ http-nio-8088-exec-1 ] - [ DEBUG ] [ zyy.campuscommunity.mapper.UserMapper.getAllUser : 159 ] - <==      Total: 5
2019-06-02 13:46:30.507 [ http-nio-8088-exec-2 ] - [ DEBUG ] [ z.c.mapper.TabMapper.selectAllTabs_COUNT : 159 ] - ==>  Preparing: SELECT count(0) FROM tab 
2019-06-02 13:46:30.508 [ http-nio-8088-exec-2 ] - [ DEBUG ] [ z.c.mapper.TabMapper.selectAllTabs_COUNT : 159 ] - ==> Parameters: 
2019-06-02 13:46:30.510 [ http-nio-8088-exec-2 ] - [ DEBUG ] [ z.c.mapper.TabMapper.selectAllTabs_COUNT : 159 ] - <==      Total: 1
2019-06-02 13:46:30.511 [ http-nio-8088-exec-2 ] - [ DEBUG ] [ zyy.campuscommunity.mapper.TabMapper.selectAllTabs : 159 ] - ==>  Preparing: select id, tab_name, parent_id, tab_describe from tab LIMIT ? 
2019-06-02 13:46:30.511 [ http-nio-8088-exec-2 ] - [ DEBUG ] [ zyy.campuscommunity.mapper.TabMapper.selectAllTabs : 159 ] - ==> Parameters: 15(Integer)
2019-06-02 13:46:30.514 [ http-nio-8088-exec-2 ] - [ DEBUG ] [ zyy.campuscommunity.mapper.TabMapper.selectAllTabs : 159 ] - <==      Total: 15
2019-06-02 13:46:31.086 [ http-nio-8088-exec-3 ] - [ DEBUG ] [ z.c.mapper.PostMapper.selectAllPost_COUNT : 159 ] - ==>  Preparing: SELECT count(0) FROM post 
2019-06-02 13:46:31.086 [ http-nio-8088-exec-3 ] - [ DEBUG ] [ z.c.mapper.PostMapper.selectAllPost_COUNT : 159 ] - ==> Parameters: 
2019-06-02 13:46:31.087 [ http-nio-8088-exec-3 ] - [ DEBUG ] [ z.c.mapper.PostMapper.selectAllPost_COUNT : 159 ] - <==      Total: 1
2019-06-02 13:46:31.088 [ http-nio-8088-exec-3 ] - [ DEBUG ] [ z.campuscommunity.mapper.PostMapper.selectAllPost : 159 ] - ==>  Preparing: select * from post LIMIT ? 
2019-06-02 13:46:31.088 [ http-nio-8088-exec-3 ] - [ DEBUG ] [ z.campuscommunity.mapper.PostMapper.selectAllPost : 159 ] - ==> Parameters: 7(Integer)
2019-06-02 13:46:31.090 [ http-nio-8088-exec-3 ] - [ DEBUG ] [ z.campuscommunity.mapper.PostMapper.selectAllPost : 159 ] - <==      Total: 7
2019-06-02 13:47:31.779 [ http-nio-8088-exec-5 ] - [ DEBUG ] [ z.c.mapper.PostMapper.selectAllPost_COUNT : 159 ] - ==>  Preparing: SELECT count(0) FROM post 
2019-06-02 13:47:31.780 [ http-nio-8088-exec-5 ] - [ DEBUG ] [ z.c.mapper.PostMapper.selectAllPost_COUNT : 159 ] - ==> Parameters: 
2019-06-02 13:47:31.782 [ http-nio-8088-exec-5 ] - [ DEBUG ] [ z.c.mapper.PostMapper.selectAllPost_COUNT : 159 ] - <==      Total: 1
2019-06-02 13:47:31.783 [ http-nio-8088-exec-5 ] - [ DEBUG ] [ z.campuscommunity.mapper.PostMapper.selectAllPost : 159 ] - ==>  Preparing: select * from post LIMIT ? 
2019-06-02 13:47:31.783 [ http-nio-8088-exec-5 ] - [ DEBUG ] [ z.campuscommunity.mapper.PostMapper.selectAllPost : 159 ] - ==> Parameters: 7(Integer)
2019-06-02 13:47:31.786 [ http-nio-8088-exec-5 ] - [ DEBUG ] [ z.campuscommunity.mapper.PostMapper.selectAllPost : 159 ] - <==      Total: 7
2019-06-02 13:48:37.576 [ http-nio-8088-exec-7 ] - [ DEBUG ] [ z.c.mapper.PostMapper.selectAllPost_COUNT : 159 ] - ==>  Preparing: SELECT count(0) FROM post 
2019-06-02 13:48:37.577 [ http-nio-8088-exec-7 ] - [ DEBUG ] [ z.c.mapper.PostMapper.selectAllPost_COUNT : 159 ] - ==> Parameters: 
2019-06-02 13:48:37.578 [ http-nio-8088-exec-7 ] - [ DEBUG ] [ z.c.mapper.PostMapper.selectAllPost_COUNT : 159 ] - <==      Total: 1
2019-06-02 13:48:37.579 [ http-nio-8088-exec-7 ] - [ DEBUG ] [ z.campuscommunity.mapper.PostMapper.selectAllPost : 159 ] - ==>  Preparing: select * from post LIMIT ? 
2019-06-02 13:48:37.580 [ http-nio-8088-exec-7 ] - [ DEBUG ] [ z.campuscommunity.mapper.PostMapper.selectAllPost : 159 ] - ==> Parameters: 7(Integer)
2019-06-02 13:48:37.587 [ http-nio-8088-exec-7 ] - [ DEBUG ] [ z.campuscommunity.mapper.PostMapper.selectAllPost : 159 ] - <==      Total: 7
2019-06-02 13:48:38.096 [ http-nio-8088-exec-8 ] - [ DEBUG ] [ z.c.mapper.PostMapper.selectAllPost_COUNT : 159 ] - ==>  Preparing: SELECT count(0) FROM post 
2019-06-02 13:48:38.097 [ http-nio-8088-exec-8 ] - [ DEBUG ] [ z.c.mapper.PostMapper.selectAllPost_COUNT : 159 ] - ==> Parameters: 
2019-06-02 13:48:38.098 [ http-nio-8088-exec-8 ] - [ DEBUG ] [ z.c.mapper.PostMapper.selectAllPost_COUNT : 159 ] - <==      Total: 1
2019-06-02 13:48:38.098 [ http-nio-8088-exec-8 ] - [ DEBUG ] [ z.campuscommunity.mapper.PostMapper.selectAllPost : 159 ] - ==>  Preparing: select * from post LIMIT ? 
2019-06-02 13:48:38.099 [ http-nio-8088-exec-8 ] - [ DEBUG ] [ z.campuscommunity.mapper.PostMapper.selectAllPost : 159 ] - ==> Parameters: 7(Integer)
2019-06-02 13:48:38.101 [ http-nio-8088-exec-8 ] - [ DEBUG ] [ z.campuscommunity.mapper.PostMapper.selectAllPost : 159 ] - <==      Total: 7
2019-06-02 13:48:51.237 [ http-nio-8088-exec-10 ] - [ DEBUG ] [ z.c.mapper.UserMapper.selectByExample : 159 ] - ==>  Preparing: select id, user_role, user_id, user_name, user_pwd, user_phone, user_college, problem_id, problem_answer, user_sex, user_img, unread_message, post_collection_num, focus_number from user WHERE ( user_name = ? ) 
2019-06-02 13:48:51.238 [ http-nio-8088-exec-10 ] - [ DEBUG ] [ z.c.mapper.UserMapper.selectByExample : 159 ] - ==> Parameters: root(String)
2019-06-02 13:48:51.239 [ http-nio-8088-exec-10 ] - [ DEBUG ] [ z.c.mapper.UserMapper.selectByExample : 159 ] - <==      Total: 1
2019-06-02 13:48:51.609 [ http-nio-8088-exec-1 ] - [ DEBUG ] [ z.c.mapper.PostMapper.selectAllPost_COUNT : 159 ] - ==>  Preparing: SELECT count(0) FROM post 
2019-06-02 13:48:51.609 [ http-nio-8088-exec-1 ] - [ DEBUG ] [ z.c.mapper.PostMapper.selectAllPost_COUNT : 159 ] - ==> Parameters: 
2019-06-02 13:48:51.611 [ http-nio-8088-exec-1 ] - [ DEBUG ] [ z.c.mapper.PostMapper.selectAllPost_COUNT : 159 ] - <==      Total: 1
2019-06-02 13:48:51.612 [ http-nio-8088-exec-1 ] - [ DEBUG ] [ z.campuscommunity.mapper.PostMapper.selectAllPost : 159 ] - ==>  Preparing: select * from post LIMIT ? 
2019-06-02 13:48:51.613 [ http-nio-8088-exec-1 ] - [ DEBUG ] [ z.campuscommunity.mapper.PostMapper.selectAllPost : 159 ] - ==> Parameters: 7(Integer)
2019-06-02 13:48:51.616 [ http-nio-8088-exec-1 ] - [ DEBUG ] [ z.campuscommunity.mapper.PostMapper.selectAllPost : 159 ] - <==      Total: 7
2019-06-02 13:51:34.048 [ http-nio-8088-exec-3 ] - [ DEBUG ] [ z.c.mapper.PostMapper.selectAllPost_COUNT : 159 ] - ==>  Preparing: SELECT count(0) FROM post 
2019-06-02 13:51:34.048 [ http-nio-8088-exec-3 ] - [ DEBUG ] [ z.c.mapper.PostMapper.selectAllPost_COUNT : 159 ] - ==> Parameters: 
2019-06-02 13:51:34.049 [ http-nio-8088-exec-3 ] - [ DEBUG ] [ z.c.mapper.PostMapper.selectAllPost_COUNT : 159 ] - <==      Total: 1
2019-06-02 13:51:34.050 [ http-nio-8088-exec-3 ] - [ DEBUG ] [ z.campuscommunity.mapper.PostMapper.selectAllPost : 159 ] - ==>  Preparing: select * from post LIMIT ? 
2019-06-02 13:51:34.051 [ http-nio-8088-exec-3 ] - [ DEBUG ] [ z.campuscommunity.mapper.PostMapper.selectAllPost : 159 ] - ==> Parameters: 7(Integer)
2019-06-02 13:51:34.052 [ http-nio-8088-exec-3 ] - [ DEBUG ] [ z.campuscommunity.mapper.PostMapper.selectAllPost : 159 ] - <==      Total: 7
2019-06-02 13:51:34.072 [ http-nio-8088-exec-4 ] - [ DEBUG ] [ z.c.mapper.PostMapper.selectAllPost_COUNT : 159 ] - ==>  Preparing: SELECT count(0) FROM post 
2019-06-02 13:51:34.073 [ http-nio-8088-exec-4 ] - [ DEBUG ] [ z.c.mapper.PostMapper.selectAllPost_COUNT : 159 ] - ==> Parameters: 
2019-06-02 13:51:34.075 [ http-nio-8088-exec-4 ] - [ DEBUG ] [ z.c.mapper.PostMapper.selectAllPost_COUNT : 159 ] - <==      Total: 1
2019-06-02 13:51:34.075 [ http-nio-8088-exec-4 ] - [ DEBUG ] [ z.campuscommunity.mapper.PostMapper.selectAllPost : 159 ] - ==>  Preparing: select * from post LIMIT ? 
2019-06-02 13:51:34.075 [ http-nio-8088-exec-4 ] - [ DEBUG ] [ z.campuscommunity.mapper.PostMapper.selectAllPost : 159 ] - ==> Parameters: 7(Integer)
2019-06-02 13:51:34.077 [ http-nio-8088-exec-4 ] - [ DEBUG ] [ z.campuscommunity.mapper.PostMapper.selectAllPost : 159 ] - <==      Total: 7
2019-06-02 13:52:48.144 [ http-nio-8088-exec-6 ] - [ DEBUG ] [ z.c.mapper.PostMapper.selectAllPost_COUNT : 159 ] - ==>  Preparing: SELECT count(0) FROM post 
2019-06-02 13:52:48.145 [ http-nio-8088-exec-6 ] - [ DEBUG ] [ z.c.mapper.PostMapper.selectAllPost_COUNT : 159 ] - ==> Parameters: 
2019-06-02 13:52:48.146 [ http-nio-8088-exec-6 ] - [ DEBUG ] [ z.c.mapper.PostMapper.selectAllPost_COUNT : 159 ] - <==      Total: 1
2019-06-02 13:52:48.147 [ http-nio-8088-exec-6 ] - [ DEBUG ] [ z.campuscommunity.mapper.PostMapper.selectAllPost : 159 ] - ==>  Preparing: select * from post LIMIT ? 
2019-06-02 13:52:48.147 [ http-nio-8088-exec-6 ] - [ DEBUG ] [ z.campuscommunity.mapper.PostMapper.selectAllPost : 159 ] - ==> Parameters: 7(Integer)
2019-06-02 13:52:48.149 [ http-nio-8088-exec-6 ] - [ DEBUG ] [ z.campuscommunity.mapper.PostMapper.selectAllPost : 159 ] - <==      Total: 7
2019-06-02 13:52:49.892 [ http-nio-8088-exec-8 ] - [ DEBUG ] [ z.c.mapper.PostMapper.selectAllPost_COUNT : 159 ] - ==>  Preparing: SELECT count(0) FROM post 
2019-06-02 13:52:49.893 [ http-nio-8088-exec-8 ] - [ DEBUG ] [ z.c.mapper.PostMapper.selectAllPost_COUNT : 159 ] - ==> Parameters: 
2019-06-02 13:52:49.894 [ http-nio-8088-exec-8 ] - [ DEBUG ] [ z.c.mapper.PostMapper.selectAllPost_COUNT : 159 ] - <==      Total: 1
2019-06-02 13:52:49.896 [ http-nio-8088-exec-8 ] - [ DEBUG ] [ z.campuscommunity.mapper.PostMapper.selectAllPost : 159 ] - ==>  Preparing: select * from post LIMIT ? 
2019-06-02 13:52:49.898 [ http-nio-8088-exec-8 ] - [ DEBUG ] [ z.campuscommunity.mapper.PostMapper.selectAllPost : 159 ] - ==> Parameters: 7(Integer)
2019-06-02 13:52:49.904 [ http-nio-8088-exec-8 ] - [ DEBUG ] [ z.campuscommunity.mapper.PostMapper.selectAllPost : 159 ] - <==      Total: 7
2019-06-02 13:53:03.670 [ http-nio-8088-exec-9 ] - [ DEBUG ] [ z.c.mapper.UserMapper.selectByExample : 159 ] - ==>  Preparing: select id, user_role, user_id, user_name, user_pwd, user_phone, user_college, problem_id, problem_answer, user_sex, user_img, unread_message, post_collection_num, focus_number from user WHERE ( user_name = ? ) 
2019-06-02 13:53:03.670 [ http-nio-8088-exec-9 ] - [ DEBUG ] [ z.c.mapper.UserMapper.selectByExample : 159 ] - ==> Parameters: root(String)
2019-06-02 13:53:03.673 [ http-nio-8088-exec-9 ] - [ DEBUG ] [ z.c.mapper.UserMapper.selectByExample : 159 ] - <==      Total: 1
2019-06-02 13:53:03.870 [ http-nio-8088-exec-10 ] - [ DEBUG ] [ z.c.mapper.PostMapper.selectAllPost_COUNT : 159 ] - ==>  Preparing: SELECT count(0) FROM post 
2019-06-02 13:53:03.870 [ http-nio-8088-exec-10 ] - [ DEBUG ] [ z.c.mapper.PostMapper.selectAllPost_COUNT : 159 ] - ==> Parameters: 
2019-06-02 13:53:03.871 [ http-nio-8088-exec-10 ] - [ DEBUG ] [ z.c.mapper.PostMapper.selectAllPost_COUNT : 159 ] - <==      Total: 1
2019-06-02 13:53:03.872 [ http-nio-8088-exec-10 ] - [ DEBUG ] [ z.campuscommunity.mapper.PostMapper.selectAllPost : 159 ] - ==>  Preparing: select * from post LIMIT ? 
2019-06-02 13:53:03.873 [ http-nio-8088-exec-10 ] - [ DEBUG ] [ z.campuscommunity.mapper.PostMapper.selectAllPost : 159 ] - ==> Parameters: 7(Integer)
2019-06-02 13:53:03.875 [ http-nio-8088-exec-10 ] - [ DEBUG ] [ z.campuscommunity.mapper.PostMapper.selectAllPost : 159 ] - <==      Total: 7
2019-06-02 13:55:28.213 [ http-nio-8088-exec-2 ] - [ DEBUG ] [ z.c.mapper.UserMapper.selectByExample : 159 ] - ==>  Preparing: select id, user_role, user_id, user_name, user_pwd, user_phone, user_college, problem_id, problem_answer, user_sex, user_img, unread_message, post_collection_num, focus_number from user WHERE ( user_name = ? ) 
2019-06-02 13:55:28.215 [ http-nio-8088-exec-2 ] - [ DEBUG ] [ z.c.mapper.UserMapper.selectByExample : 159 ] - ==> Parameters: root(String)
2019-06-02 13:55:28.216 [ http-nio-8088-exec-2 ] - [ DEBUG ] [ z.c.mapper.UserMapper.selectByExample : 159 ] - <==      Total: 1
2019-06-02 13:55:28.546 [ http-nio-8088-exec-3 ] - [ DEBUG ] [ z.c.mapper.PostMapper.selectAllPost_COUNT : 159 ] - ==>  Preparing: SELECT count(0) FROM post 
2019-06-02 13:55:28.546 [ http-nio-8088-exec-3 ] - [ DEBUG ] [ z.c.mapper.PostMapper.selectAllPost_COUNT : 159 ] - ==> Parameters: 
2019-06-02 13:55:28.548 [ http-nio-8088-exec-3 ] - [ DEBUG ] [ z.c.mapper.PostMapper.selectAllPost_COUNT : 159 ] - <==      Total: 1
2019-06-02 13:55:28.548 [ http-nio-8088-exec-3 ] - [ DEBUG ] [ z.campuscommunity.mapper.PostMapper.selectAllPost : 159 ] - ==>  Preparing: select * from post LIMIT ? 
2019-06-02 13:55:28.548 [ http-nio-8088-exec-3 ] - [ DEBUG ] [ z.campuscommunity.mapper.PostMapper.selectAllPost : 159 ] - ==> Parameters: 7(Integer)
2019-06-02 13:55:28.550 [ http-nio-8088-exec-3 ] - [ DEBUG ] [ z.campuscommunity.mapper.PostMapper.selectAllPost : 159 ] - <==      Total: 7
2019-06-02 13:55:28.616 [ http-nio-8088-exec-4 ] - [ DEBUG ] [ z.c.mapper.PostMapper.selectAllPost_COUNT : 159 ] - ==>  Preparing: SELECT count(0) FROM post 
2019-06-02 13:55:28.617 [ http-nio-8088-exec-4 ] - [ DEBUG ] [ z.c.mapper.PostMapper.selectAllPost_COUNT : 159 ] - ==> Parameters: 
2019-06-02 13:55:28.618 [ http-nio-8088-exec-4 ] - [ DEBUG ] [ z.c.mapper.PostMapper.selectAllPost_COUNT : 159 ] - <==      Total: 1
2019-06-02 13:55:28.618 [ http-nio-8088-exec-4 ] - [ DEBUG ] [ z.campuscommunity.mapper.PostMapper.selectAllPost : 159 ] - ==>  Preparing: select * from post LIMIT ? 
2019-06-02 13:55:28.622 [ http-nio-8088-exec-4 ] - [ DEBUG ] [ z.campuscommunity.mapper.PostMapper.selectAllPost : 159 ] - ==> Parameters: 7(Integer)
2019-06-02 13:55:28.623 [ http-nio-8088-exec-4 ] - [ DEBUG ] [ z.campuscommunity.mapper.PostMapper.selectAllPost : 159 ] - <==      Total: 7
2019-06-02 13:56:00.819 [ http-nio-8088-exec-5 ] - [ DEBUG ] [ z.c.mapper.PostMapper.selectAllPost_COUNT : 159 ] - ==>  Preparing: SELECT count(0) FROM post 
2019-06-02 13:56:00.820 [ http-nio-8088-exec-5 ] - [ DEBUG ] [ z.c.mapper.PostMapper.selectAllPost_COUNT : 159 ] - ==> Parameters: 
2019-06-02 13:56:00.821 [ http-nio-8088-exec-5 ] - [ DEBUG ] [ z.c.mapper.PostMapper.selectAllPost_COUNT : 159 ] - <==      Total: 1
2019-06-02 13:56:00.822 [ http-nio-8088-exec-5 ] - [ DEBUG ] [ z.campuscommunity.mapper.PostMapper.selectAllPost : 159 ] - ==>  Preparing: select * from post LIMIT ? 
2019-06-02 13:56:00.822 [ http-nio-8088-exec-5 ] - [ DEBUG ] [ z.campuscommunity.mapper.PostMapper.selectAllPost : 159 ] - ==> Parameters: 7(Integer)
2019-06-02 13:56:00.825 [ http-nio-8088-exec-5 ] - [ DEBUG ] [ z.campuscommunity.mapper.PostMapper.selectAllPost : 159 ] - <==      Total: 7
2019-06-02 13:56:12.645 [ http-nio-8088-exec-6 ] - [ DEBUG ] [ z.c.mapper.PostMapper.selectAllPost_COUNT : 159 ] - ==>  Preparing: SELECT count(0) FROM post 
2019-06-02 13:56:12.647 [ http-nio-8088-exec-6 ] - [ DEBUG ] [ z.c.mapper.PostMapper.selectAllPost_COUNT : 159 ] - ==> Parameters: 
2019-06-02 13:56:12.649 [ http-nio-8088-exec-6 ] - [ DEBUG ] [ z.c.mapper.PostMapper.selectAllPost_COUNT : 159 ] - <==      Total: 1
2019-06-02 13:56:12.650 [ http-nio-8088-exec-6 ] - [ DEBUG ] [ z.campuscommunity.mapper.PostMapper.selectAllPost : 159 ] - ==>  Preparing: select * from post LIMIT ? 
2019-06-02 13:56:12.651 [ http-nio-8088-exec-6 ] - [ DEBUG ] [ z.campuscommunity.mapper.PostMapper.selectAllPost : 159 ] - ==> Parameters: 7(Integer)
2019-06-02 13:56:12.652 [ http-nio-8088-exec-6 ] - [ DEBUG ] [ z.campuscommunity.mapper.PostMapper.selectAllPost : 159 ] - <==      Total: 7
2019-06-02 13:59:07.892 [ http-nio-8088-exec-9 ] - [ DEBUG ] [ z.c.mapper.PostMapper.selectAllPost_COUNT : 159 ] - ==>  Preparing: SELECT count(0) FROM post 
2019-06-02 13:59:07.892 [ http-nio-8088-exec-9 ] - [ DEBUG ] [ z.c.mapper.PostMapper.selectAllPost_COUNT : 159 ] - ==> Parameters: 
2019-06-02 13:59:07.893 [ http-nio-8088-exec-9 ] - [ DEBUG ] [ z.c.mapper.PostMapper.selectAllPost_COUNT : 159 ] - <==      Total: 1
2019-06-02 13:59:07.894 [ http-nio-8088-exec-9 ] - [ DEBUG ] [ z.campuscommunity.mapper.PostMapper.selectAllPost : 159 ] - ==>  Preparing: select * from post LIMIT ? 
2019-06-02 13:59:07.895 [ http-nio-8088-exec-9 ] - [ DEBUG ] [ z.campuscommunity.mapper.PostMapper.selectAllPost : 159 ] - ==> Parameters: 7(Integer)
2019-06-02 13:59:07.896 [ http-nio-8088-exec-9 ] - [ DEBUG ] [ z.campuscommunity.mapper.PostMapper.selectAllPost : 159 ] - <==      Total: 7
2019-06-02 14:00:12.728 [ http-nio-8088-exec-1 ] - [ DEBUG ] [ z.c.mapper.UserMapper.selectByExample : 159 ] - ==>  Preparing: select id, user_role, user_id, user_name, user_pwd, user_phone, user_college, problem_id, problem_answer, user_sex, user_img, unread_message, post_collection_num, focus_number from user WHERE ( user_name = ? ) 
2019-06-02 14:00:12.729 [ http-nio-8088-exec-1 ] - [ DEBUG ] [ z.c.mapper.UserMapper.selectByExample : 159 ] - ==> Parameters: 吹不散眉弯弯(String)
2019-06-02 14:00:12.730 [ http-nio-8088-exec-1 ] - [ DEBUG ] [ z.c.mapper.UserMapper.selectByExample : 159 ] - <==      Total: 0
2019-06-02 14:00:17.585 [ http-nio-8088-exec-2 ] - [ DEBUG ] [ z.c.mapper.UserMapper.selectByExample : 159 ] - ==>  Preparing: select id, user_role, user_id, user_name, user_pwd, user_phone, user_college, problem_id, problem_answer, user_sex, user_img, unread_message, post_collection_num, focus_number from user WHERE ( user_name = ? ) 
2019-06-02 14:00:17.586 [ http-nio-8088-exec-2 ] - [ DEBUG ] [ z.c.mapper.UserMapper.selectByExample : 159 ] - ==> Parameters: 吹不散眉弯(String)
2019-06-02 14:00:17.594 [ http-nio-8088-exec-2 ] - [ DEBUG ] [ z.c.mapper.UserMapper.selectByExample : 159 ] - <==      Total: 1
2019-06-02 14:00:24.598 [ http-nio-8088-exec-3 ] - [ DEBUG ] [ z.c.mapper.UserMapper.selectByExample : 159 ] - ==>  Preparing: select id, user_role, user_id, user_name, user_pwd, user_phone, user_college, problem_id, problem_answer, user_sex, user_img, unread_message, post_collection_num, focus_number from user WHERE ( user_name = ? ) 
2019-06-02 14:00:24.599 [ http-nio-8088-exec-3 ] - [ DEBUG ] [ z.c.mapper.UserMapper.selectByExample : 159 ] - ==> Parameters: 吹不散眉弯(String)
2019-06-02 14:00:24.600 [ http-nio-8088-exec-3 ] - [ DEBUG ] [ z.c.mapper.UserMapper.selectByExample : 159 ] - <==      Total: 1
2019-06-02 14:00:30.332 [ http-nio-8088-exec-4 ] - [ DEBUG ] [ z.c.mapper.UserMapper.selectByExample : 159 ] - ==>  Preparing: select id, user_role, user_id, user_name, user_pwd, user_phone, user_college, problem_id, problem_answer, user_sex, user_img, unread_message, post_collection_num, focus_number from user WHERE ( user_name = ? ) 
2019-06-02 14:00:30.333 [ http-nio-8088-exec-4 ] - [ DEBUG ] [ z.c.mapper.UserMapper.selectByExample : 159 ] - ==> Parameters: root(String)
2019-06-02 14:00:30.334 [ http-nio-8088-exec-4 ] - [ DEBUG ] [ z.c.mapper.UserMapper.selectByExample : 159 ] - <==      Total: 1
2019-06-02 14:00:30.607 [ http-nio-8088-exec-5 ] - [ DEBUG ] [ z.c.mapper.PostMapper.selectAllPost_COUNT : 159 ] - ==>  Preparing: SELECT count(0) FROM post 
2019-06-02 14:00:30.607 [ http-nio-8088-exec-5 ] - [ DEBUG ] [ z.c.mapper.PostMapper.selectAllPost_COUNT : 159 ] - ==> Parameters: 
2019-06-02 14:00:30.609 [ http-nio-8088-exec-5 ] - [ DEBUG ] [ z.c.mapper.PostMapper.selectAllPost_COUNT : 159 ] - <==      Total: 1
2019-06-02 14:00:30.609 [ http-nio-8088-exec-5 ] - [ DEBUG ] [ z.campuscommunity.mapper.PostMapper.selectAllPost : 159 ] - ==>  Preparing: select * from post LIMIT ? 
2019-06-02 14:00:30.609 [ http-nio-8088-exec-5 ] - [ DEBUG ] [ z.campuscommunity.mapper.PostMapper.selectAllPost : 159 ] - ==> Parameters: 7(Integer)
2019-06-02 14:00:30.620 [ http-nio-8088-exec-5 ] - [ DEBUG ] [ z.campuscommunity.mapper.PostMapper.selectAllPost : 159 ] - <==      Total: 7
2019-06-02 14:00:39.255 [ http-nio-8088-exec-6 ] - [ DEBUG ] [ z.c.mapper.UserMapper.selectByExample : 159 ] - ==>  Preparing: select id, user_role, user_id, user_name, user_pwd, user_phone, user_college, problem_id, problem_answer, user_sex, user_img, unread_message, post_collection_num, focus_number from user WHERE ( user_name = ? ) 
2019-06-02 14:00:39.256 [ http-nio-8088-exec-6 ] - [ DEBUG ] [ z.c.mapper.UserMapper.selectByExample : 159 ] - ==> Parameters: root(String)
2019-06-02 14:00:39.257 [ http-nio-8088-exec-6 ] - [ DEBUG ] [ z.c.mapper.UserMapper.selectByExample : 159 ] - <==      Total: 1
2019-06-02 14:00:39.404 [ http-nio-8088-exec-7 ] - [ DEBUG ] [ z.c.mapper.PostMapper.selectAllPost_COUNT : 159 ] - ==>  Preparing: SELECT count(0) FROM post 
2019-06-02 14:00:39.405 [ http-nio-8088-exec-7 ] - [ DEBUG ] [ z.c.mapper.PostMapper.selectAllPost_COUNT : 159 ] - ==> Parameters: 
2019-06-02 14:00:39.406 [ http-nio-8088-exec-7 ] - [ DEBUG ] [ z.c.mapper.PostMapper.selectAllPost_COUNT : 159 ] - <==      Total: 1
2019-06-02 14:00:39.406 [ http-nio-8088-exec-7 ] - [ DEBUG ] [ z.campuscommunity.mapper.PostMapper.selectAllPost : 159 ] - ==>  Preparing: select * from post LIMIT ? 
2019-06-02 14:00:39.407 [ http-nio-8088-exec-7 ] - [ DEBUG ] [ z.campuscommunity.mapper.PostMapper.selectAllPost : 159 ] - ==> Parameters: 7(Integer)
2019-06-02 14:00:39.408 [ http-nio-8088-exec-7 ] - [ DEBUG ] [ z.campuscommunity.mapper.PostMapper.selectAllPost : 159 ] - <==      Total: 7
2019-06-02 14:00:41.328 [ http-nio-8088-exec-8 ] - [ DEBUG ] [ z.c.mapper.TabMapper.selectAllTabs_COUNT : 159 ] - ==>  Preparing: SELECT count(0) FROM tab 
2019-06-02 14:00:41.330 [ http-nio-8088-exec-8 ] - [ DEBUG ] [ z.c.mapper.TabMapper.selectAllTabs_COUNT : 159 ] - ==> Parameters: 
2019-06-02 14:00:41.331 [ http-nio-8088-exec-8 ] - [ DEBUG ] [ z.c.mapper.TabMapper.selectAllTabs_COUNT : 159 ] - <==      Total: 1
2019-06-02 14:00:41.332 [ http-nio-8088-exec-8 ] - [ DEBUG ] [ zyy.campuscommunity.mapper.TabMapper.selectAllTabs : 159 ] - ==>  Preparing: select id, tab_name, parent_id, tab_describe from tab LIMIT ? 
2019-06-02 14:00:41.332 [ http-nio-8088-exec-8 ] - [ DEBUG ] [ zyy.campuscommunity.mapper.TabMapper.selectAllTabs : 159 ] - ==> Parameters: 15(Integer)
2019-06-02 14:00:41.334 [ http-nio-8088-exec-8 ] - [ DEBUG ] [ zyy.campuscommunity.mapper.TabMapper.selectAllTabs : 159 ] - <==      Total: 15
2019-06-02 14:05:38.676 [ http-nio-8088-exec-10 ] - [ DEBUG ] [ z.c.mapper.TabMapper.selectAllTabs_COUNT : 159 ] - ==>  Preparing: SELECT count(0) FROM tab 
2019-06-02 14:05:38.678 [ http-nio-8088-exec-10 ] - [ DEBUG ] [ z.c.mapper.TabMapper.selectAllTabs_COUNT : 159 ] - ==> Parameters: 
2019-06-02 14:05:38.680 [ http-nio-8088-exec-10 ] - [ DEBUG ] [ z.c.mapper.TabMapper.selectAllTabs_COUNT : 159 ] - <==      Total: 1
2019-06-02 14:05:38.680 [ http-nio-8088-exec-10 ] - [ DEBUG ] [ zyy.campuscommunity.mapper.TabMapper.selectAllTabs : 159 ] - ==>  Preparing: select id, tab_name, parent_id, tab_describe from tab LIMIT ? 
2019-06-02 14:05:38.682 [ http-nio-8088-exec-10 ] - [ DEBUG ] [ zyy.campuscommunity.mapper.TabMapper.selectAllTabs : 159 ] - ==> Parameters: 15(Integer)
2019-06-02 14:05:38.684 [ http-nio-8088-exec-10 ] - [ DEBUG ] [ zyy.campuscommunity.mapper.TabMapper.selectAllTabs : 159 ] - <==      Total: 15
2019-06-02 14:06:33.295 [ http-nio-8088-exec-1 ] - [ DEBUG ] [ z.c.mapper.TabMapper.selectAllTabs_COUNT : 159 ] - ==>  Preparing: SELECT count(0) FROM tab 
2019-06-02 14:06:33.295 [ http-nio-8088-exec-1 ] - [ DEBUG ] [ z.c.mapper.TabMapper.selectAllTabs_COUNT : 159 ] - ==> Parameters: 
2019-06-02 14:06:33.297 [ http-nio-8088-exec-1 ] - [ DEBUG ] [ z.c.mapper.TabMapper.selectAllTabs_COUNT : 159 ] - <==      Total: 1
2019-06-02 14:06:33.302 [ http-nio-8088-exec-1 ] - [ DEBUG ] [ zyy.campuscommunity.mapper.TabMapper.selectAllTabs : 159 ] - ==>  Preparing: select id, tab_name, parent_id, tab_describe from tab LIMIT ?, ? 
2019-06-02 14:06:33.302 [ http-nio-8088-exec-1 ] - [ DEBUG ] [ zyy.campuscommunity.mapper.TabMapper.selectAllTabs : 159 ] - ==> Parameters: 15(Integer), 15(Integer)
2019-06-02 14:06:33.304 [ http-nio-8088-exec-1 ] - [ DEBUG ] [ zyy.campuscommunity.mapper.TabMapper.selectAllTabs : 159 ] - <==      Total: 15
2019-06-02 14:06:33.878 [ http-nio-8088-exec-2 ] - [ DEBUG ] [ z.c.mapper.TabMapper.selectAllTabs_COUNT : 159 ] - ==>  Preparing: SELECT count(0) FROM tab 
2019-06-02 14:06:33.878 [ http-nio-8088-exec-2 ] - [ DEBUG ] [ z.c.mapper.TabMapper.selectAllTabs_COUNT : 159 ] - ==> Parameters: 
2019-06-02 14:06:33.879 [ http-nio-8088-exec-2 ] - [ DEBUG ] [ z.c.mapper.TabMapper.selectAllTabs_COUNT : 159 ] - <==      Total: 1
2019-06-02 14:06:33.880 [ http-nio-8088-exec-2 ] - [ DEBUG ] [ zyy.campuscommunity.mapper.TabMapper.selectAllTabs : 159 ] - ==>  Preparing: select id, tab_name, parent_id, tab_describe from tab LIMIT ?, ? 
2019-06-02 14:06:33.880 [ http-nio-8088-exec-2 ] - [ DEBUG ] [ zyy.campuscommunity.mapper.TabMapper.selectAllTabs : 159 ] - ==> Parameters: 30(Integer), 15(Integer)
2019-06-02 14:06:33.882 [ http-nio-8088-exec-2 ] - [ DEBUG ] [ zyy.campuscommunity.mapper.TabMapper.selectAllTabs : 159 ] - <==      Total: 15
2019-06-02 14:06:34.433 [ http-nio-8088-exec-3 ] - [ DEBUG ] [ z.c.mapper.TabMapper.selectAllTabs_COUNT : 159 ] - ==>  Preparing: SELECT count(0) FROM tab 
2019-06-02 14:06:34.433 [ http-nio-8088-exec-3 ] - [ DEBUG ] [ z.c.mapper.TabMapper.selectAllTabs_COUNT : 159 ] - ==> Parameters: 
2019-06-02 14:06:34.435 [ http-nio-8088-exec-3 ] - [ DEBUG ] [ z.c.mapper.TabMapper.selectAllTabs_COUNT : 159 ] - <==      Total: 1
2019-06-02 14:06:34.435 [ http-nio-8088-exec-3 ] - [ DEBUG ] [ zyy.campuscommunity.mapper.TabMapper.selectAllTabs : 159 ] - ==>  Preparing: select id, tab_name, parent_id, tab_describe from tab LIMIT ?, ? 
2019-06-02 14:06:34.436 [ http-nio-8088-exec-3 ] - [ DEBUG ] [ zyy.campuscommunity.mapper.TabMapper.selectAllTabs : 159 ] - ==> Parameters: 45(Integer), 15(Integer)
2019-06-02 14:06:34.438 [ http-nio-8088-exec-3 ] - [ DEBUG ] [ zyy.campuscommunity.mapper.TabMapper.selectAllTabs : 159 ] - <==      Total: 15
2019-06-02 14:06:34.865 [ http-nio-8088-exec-4 ] - [ DEBUG ] [ z.c.mapper.TabMapper.selectAllTabs_COUNT : 159 ] - ==>  Preparing: SELECT count(0) FROM tab 
2019-06-02 14:06:34.865 [ http-nio-8088-exec-4 ] - [ DEBUG ] [ z.c.mapper.TabMapper.selectAllTabs_COUNT : 159 ] - ==> Parameters: 
2019-06-02 14:06:34.867 [ http-nio-8088-exec-4 ] - [ DEBUG ] [ z.c.mapper.TabMapper.selectAllTabs_COUNT : 159 ] - <==      Total: 1
2019-06-02 14:06:34.869 [ http-nio-8088-exec-4 ] - [ DEBUG ] [ zyy.campuscommunity.mapper.TabMapper.selectAllTabs : 159 ] - ==>  Preparing: select id, tab_name, parent_id, tab_describe from tab LIMIT ?, ? 
2019-06-02 14:06:34.869 [ http-nio-8088-exec-4 ] - [ DEBUG ] [ zyy.campuscommunity.mapper.TabMapper.selectAllTabs : 159 ] - ==> Parameters: 60(Integer), 15(Integer)
2019-06-02 14:06:34.871 [ http-nio-8088-exec-4 ] - [ DEBUG ] [ zyy.campuscommunity.mapper.TabMapper.selectAllTabs : 159 ] - <==      Total: 4
2019-06-02 14:06:36.743 [ http-nio-8088-exec-5 ] - [ DEBUG ] [ z.c.mapper.TabMapper.selectByPrimaryKey : 159 ] - ==>  Preparing: select id, tab_name, parent_id, tab_describe from tab where id = ? 
2019-06-02 14:06:36.744 [ http-nio-8088-exec-5 ] - [ DEBUG ] [ z.c.mapper.TabMapper.selectByPrimaryKey : 159 ] - ==> Parameters: 63(Integer)
2019-06-02 14:06:36.746 [ http-nio-8088-exec-5 ] - [ DEBUG ] [ z.c.mapper.TabMapper.selectByPrimaryKey : 159 ] - <==      Total: 1
2019-06-02 14:06:51.002 [ http-nio-8088-exec-6 ] - [ DEBUG ] [ z.c.mapper.TabMapper.selectByPrimaryKey : 159 ] - ==>  Preparing: select id, tab_name, parent_id, tab_describe from tab where id = ? 
2019-06-02 14:06:51.005 [ http-nio-8088-exec-6 ] - [ DEBUG ] [ z.c.mapper.TabMapper.selectByPrimaryKey : 159 ] - ==> Parameters: 67(Integer)
2019-06-02 14:06:51.006 [ http-nio-8088-exec-6 ] - [ DEBUG ] [ z.c.mapper.TabMapper.selectByPrimaryKey : 159 ] - <==      Total: 1
2019-06-02 14:09:29.180 [ http-nio-8088-exec-8 ] - [ DEBUG ] [ z.c.mapper.TabMapper.selectAllTabs_COUNT : 159 ] - ==>  Preparing: SELECT count(0) FROM tab 
2019-06-02 14:09:29.181 [ http-nio-8088-exec-8 ] - [ DEBUG ] [ z.c.mapper.TabMapper.selectAllTabs_COUNT : 159 ] - ==> Parameters: 
2019-06-02 14:09:29.182 [ http-nio-8088-exec-8 ] - [ DEBUG ] [ z.c.mapper.TabMapper.selectAllTabs_COUNT : 159 ] - <==      Total: 1
2019-06-02 14:09:29.183 [ http-nio-8088-exec-8 ] - [ DEBUG ] [ zyy.campuscommunity.mapper.TabMapper.selectAllTabs : 159 ] - ==>  Preparing: select id, tab_name, parent_id, tab_describe from tab LIMIT ? 
2019-06-02 14:09:29.183 [ http-nio-8088-exec-8 ] - [ DEBUG ] [ zyy.campuscommunity.mapper.TabMapper.selectAllTabs : 159 ] - ==> Parameters: 15(Integer)
2019-06-02 14:09:29.185 [ http-nio-8088-exec-8 ] - [ DEBUG ] [ zyy.campuscommunity.mapper.TabMapper.selectAllTabs : 159 ] - <==      Total: 15
2019-06-02 14:28:25.258 [ http-nio-8088-exec-10 ] - [ DEBUG ] [ z.c.mapper.TabMapper.selectAllTabs_COUNT : 159 ] - ==>  Preparing: SELECT count(0) FROM tab 
2019-06-02 14:28:25.259 [ http-nio-8088-exec-10 ] - [ DEBUG ] [ z.c.mapper.TabMapper.selectAllTabs_COUNT : 159 ] - ==> Parameters: 
2019-06-02 14:28:25.261 [ http-nio-8088-exec-10 ] - [ DEBUG ] [ z.c.mapper.TabMapper.selectAllTabs_COUNT : 159 ] - <==      Total: 1
2019-06-02 14:28:25.262 [ http-nio-8088-exec-10 ] - [ DEBUG ] [ zyy.campuscommunity.mapper.TabMapper.selectAllTabs : 159 ] - ==>  Preparing: select id, tab_name, parent_id, tab_describe from tab LIMIT ? 
2019-06-02 14:28:25.264 [ http-nio-8088-exec-10 ] - [ DEBUG ] [ zyy.campuscommunity.mapper.TabMapper.selectAllTabs : 159 ] - ==> Parameters: 15(Integer)
2019-06-02 14:28:25.265 [ http-nio-8088-exec-10 ] - [ DEBUG ] [ zyy.campuscommunity.mapper.TabMapper.selectAllTabs : 159 ] - <==      Total: 15
2019-06-02 14:41:35.207 [ http-nio-8088-exec-2 ] - [ DEBUG ] [ z.c.mapper.TabMapper.selectAllTabs_COUNT : 159 ] - ==>  Preparing: SELECT count(0) FROM tab 
2019-06-02 14:41:35.208 [ http-nio-8088-exec-2 ] - [ DEBUG ] [ z.c.mapper.TabMapper.selectAllTabs_COUNT : 159 ] - ==> Parameters: 
2019-06-02 14:41:35.209 [ http-nio-8088-exec-2 ] - [ DEBUG ] [ z.c.mapper.TabMapper.selectAllTabs_COUNT : 159 ] - <==      Total: 1
2019-06-02 14:41:35.210 [ http-nio-8088-exec-2 ] - [ DEBUG ] [ zyy.campuscommunity.mapper.TabMapper.selectAllTabs : 159 ] - ==>  Preparing: select id, tab_name, parent_id, tab_describe from tab LIMIT ? 
2019-06-02 14:41:35.211 [ http-nio-8088-exec-2 ] - [ DEBUG ] [ zyy.campuscommunity.mapper.TabMapper.selectAllTabs : 159 ] - ==> Parameters: 15(Integer)
2019-06-02 14:41:35.215 [ http-nio-8088-exec-2 ] - [ DEBUG ] [ zyy.campuscommunity.mapper.TabMapper.selectAllTabs : 159 ] - <==      Total: 15
2019-06-02 14:42:00.381 [ http-nio-8088-exec-4 ] - [ DEBUG ] [ z.c.mapper.PostMapper.selectAllPost_COUNT : 159 ] - ==>  Preparing: SELECT count(0) FROM post 
2019-06-02 14:42:00.382 [ http-nio-8088-exec-4 ] - [ DEBUG ] [ z.c.mapper.PostMapper.selectAllPost_COUNT : 159 ] - ==> Parameters: 
2019-06-02 14:42:00.385 [ http-nio-8088-exec-4 ] - [ DEBUG ] [ z.c.mapper.PostMapper.selectAllPost_COUNT : 159 ] - <==      Total: 1
2019-06-02 14:42:00.386 [ http-nio-8088-exec-4 ] - [ DEBUG ] [ z.campuscommunity.mapper.PostMapper.selectAllPost : 159 ] - ==>  Preparing: select * from post LIMIT ? 
2019-06-02 14:42:00.386 [ http-nio-8088-exec-4 ] - [ DEBUG ] [ z.campuscommunity.mapper.PostMapper.selectAllPost : 159 ] - ==> Parameters: 7(Integer)
2019-06-02 14:42:00.387 [ http-nio-8088-exec-4 ] - [ DEBUG ] [ z.campuscommunity.mapper.PostMapper.selectAllPost : 159 ] - <==      Total: 7
2019-06-02 14:42:01.455 [ http-nio-8088-exec-5 ] - [ DEBUG ] [ z.c.mapper.TabMapper.selectAllTabs_COUNT : 159 ] - ==>  Preparing: SELECT count(0) FROM tab 
2019-06-02 14:42:01.455 [ http-nio-8088-exec-5 ] - [ DEBUG ] [ z.c.mapper.TabMapper.selectAllTabs_COUNT : 159 ] - ==> Parameters: 
2019-06-02 14:42:01.459 [ http-nio-8088-exec-5 ] - [ DEBUG ] [ z.c.mapper.TabMapper.selectAllTabs_COUNT : 159 ] - <==      Total: 1
2019-06-02 14:42:01.459 [ http-nio-8088-exec-5 ] - [ DEBUG ] [ zyy.campuscommunity.mapper.TabMapper.selectAllTabs : 159 ] - ==>  Preparing: select id, tab_name, parent_id, tab_describe from tab LIMIT ? 
2019-06-02 14:42:01.460 [ http-nio-8088-exec-5 ] - [ DEBUG ] [ zyy.campuscommunity.mapper.TabMapper.selectAllTabs : 159 ] - ==> Parameters: 15(Integer)
2019-06-02 14:42:01.470 [ http-nio-8088-exec-5 ] - [ DEBUG ] [ zyy.campuscommunity.mapper.TabMapper.selectAllTabs : 159 ] - <==      Total: 15
