2019-04-10 09:19:46.572 [ main ] - [ INFO  ] [ zyy.campuscommunity.CampuscommunityApplication : 50 ] - Starting CampuscommunityApplication on zhaoyuyang with PID 8848 (D:\workplace\java_eclipse\campuscommunity\target\classes started by zhaoyuyang in D:\workplace\java_eclipse\campuscommunity)
2019-04-10 09:19:46.572 [ main ] - [ DEBUG ] [ zyy.campuscommunity.CampuscommunityApplication : 53 ] - Running with Spring Boot v2.1.3.RELEASE, Spring v5.1.5.RELEASE
2019-04-10 09:19:46.572 [ main ] - [ INFO  ] [ zyy.campuscommunity.CampuscommunityApplication : 679 ] - The following profiles are active: dev
2019-04-10 09:20:03.711 [ main ] - [ INFO  ] [ org.apache.coyote.http11.Http11NioProtocol : 173 ] - Initializing ProtocolHandler ["http-nio-8081"]
2019-04-10 09:20:03.758 [ main ] - [ INFO  ] [ org.apache.catalina.core.StandardService : 173 ] - Starting service [Tomcat]
2019-04-10 09:20:03.758 [ main ] - [ INFO  ] [ org.apache.catalina.core.StandardEngine : 173 ] - Starting Servlet engine: [Apache Tomcat/9.0.16]
2019-04-10 09:20:03.804 [ main ] - [ INFO  ] [ org.apache.catalina.core.AprLifecycleListener : 173 ] - The APR based Apache Tomcat Native library which allows optimal performance in production environments was not found on the java.library.path: [C:\Program Files\Java\jdk1.8.0_201\bin;C:\Windows\Sun\Java\bin;C:\Windows\system32;C:\Windows;C:\Program Files (x86)\Common Files\Oracle\Java\javapath;C:\Windows\system32;C:\Windows;C:\Windows\System32\Wbem;C:\Windows\System32\WindowsPowerShell\v1.0\;C:\Program Files (x86)\Common Files\NSEC\;C:\Program Files\Java\jdk1.8.0_201\bin;C:\Program Files\Java\jdk1.8.0_201\jre\bin;1\lib;1\bin;D:\tools\maven\apache-maven-3.6.0\bin;D:\tools\svn\bin;D:\tools\git\Git\cmd;;D:\tools\vs code\Microsoft VS Code\bin;.]
2019-04-10 09:20:04.649 [ main ] - [ INFO  ] [ o.a.c.core.ContainerBase.[Tomcat].[localhost].[/] : 173 ] - Initializing Spring embedded WebApplicationContext
2019-04-10 09:20:15.943 [ main ] - [ INFO  ] [ org.apache.coyote.http11.Http11NioProtocol : 173 ] - Starting ProtocolHandler ["http-nio-8081"]
2019-04-10 09:20:16.053 [ main ] - [ INFO  ] [ zyy.campuscommunity.CampuscommunityApplication : 59 ] - Started CampuscommunityApplication in 34.213 seconds (JVM running for 39.853)
2019-04-10 09:20:54.007 [ http-nio-8081-exec-1 ] - [ INFO  ] [ o.a.c.core.ContainerBase.[Tomcat].[localhost].[/] : 173 ] - Initializing Spring DispatcherServlet 'dispatcherServlet'
2019-04-10 09:21:01.329 [ http-nio-8081-exec-6 ] - [ INFO  ] [ com.zaxxer.hikari.HikariDataSource : 110 ] - HikariPool-1 - Starting...
2019-04-10 09:21:02.307 [ http-nio-8081-exec-6 ] - [ INFO  ] [ com.zaxxer.hikari.HikariDataSource : 123 ] - HikariPool-1 - Start completed.
2019-04-10 09:21:02.337 [ http-nio-8081-exec-6 ] - [ DEBUG ] [ z.campuscommunity.mapper.TabMapper.selectByExample : 159 ] - ==>  Preparing: select id, tab_name, parent_id, tab_describe from tab WHERE ( parent_id = ? ) 
2019-04-10 09:21:02.369 [ http-nio-8081-exec-6 ] - [ DEBUG ] [ z.campuscommunity.mapper.TabMapper.selectByExample : 159 ] - ==> Parameters: 0(Integer)
2019-04-10 09:21:02.542 [ http-nio-8081-exec-6 ] - [ DEBUG ] [ z.campuscommunity.mapper.TabMapper.selectByExample : 159 ] - <==      Total: 8
2019-04-10 09:21:02.552 [ http-nio-8081-exec-6 ] - [ DEBUG ] [ z.c.mapper.PostMapper.selectByExample : 159 ] - ==>  Preparing: select id, post_user_name, post_title, post_tab_id, post_tab_name, tab_parentid, post_content, post_time, post_content_img, post_user_icon, post_click_count, post_reply_count, post_last_reply, post_last_reply_time, post_last_reply_time_simple from post WHERE ( tab_parentid = ? ) 
2019-04-10 09:21:02.553 [ http-nio-8081-exec-6 ] - [ DEBUG ] [ z.c.mapper.PostMapper.selectByExample : 159 ] - ==> Parameters: 1(Integer)
2019-04-10 09:21:02.665 [ http-nio-8081-exec-6 ] - [ DEBUG ] [ z.c.mapper.PostMapper.selectByExample : 159 ] - <==      Total: 5
2019-04-10 09:21:02.666 [ http-nio-8081-exec-6 ] - [ DEBUG ] [ z.c.mapper.PostMapper.updateByPrimaryKey : 159 ] - ==>  Preparing: update post set post_user_name = ?, post_title = ?, post_tab_id = ?, post_tab_name = ?, tab_parentid = ?, post_content = ?, post_time = ?, post_content_img = ?, post_user_icon = ?, post_click_count = ?, post_reply_count = ?, post_last_reply = ?, post_last_reply_time = ?, post_last_reply_time_simple = ? where id = ? 
2019-04-10 09:21:02.667 [ http-nio-8081-exec-6 ] - [ DEBUG ] [ z.c.mapper.PostMapper.updateByPrimaryKey : 159 ] - ==> Parameters: 吹不散眉弯(String), 今天学到了一点新的东西，跟同学们分享一下(String), 9(Integer), 工学(String), 1(Integer), 今天学习了设计模式，发现里面很多东西都非常值得思考，今天刚刚学习了策略模式，感觉非常不错，希望大家都可以学习一下，(String), 2019-03-29 10:38:08(String), 51d89138-372b-42e7-91c9-78afef1c52a3.PNG(String), (String), 243(Integer), 6(Integer), root(String), 2019-04-09 09:55:55(String), 23小时25分钟之前(String), 2(Integer)
2019-04-10 09:21:02.833 [ http-nio-8081-exec-6 ] - [ DEBUG ] [ z.c.mapper.PostMapper.updateByPrimaryKey : 159 ] - <==    Updates: 1
2019-04-10 09:21:02.834 [ http-nio-8081-exec-6 ] - [ DEBUG ] [ z.c.mapper.PostMapper.updateByPrimaryKey : 159 ] - ==>  Preparing: update post set post_user_name = ?, post_title = ?, post_tab_id = ?, post_tab_name = ?, tab_parentid = ?, post_content = ?, post_time = ?, post_content_img = ?, post_user_icon = ?, post_click_count = ?, post_reply_count = ?, post_last_reply = ?, post_last_reply_time = ?, post_last_reply_time_simple = ? where id = ? 
2019-04-10 09:21:02.835 [ http-nio-8081-exec-6 ] - [ DEBUG ] [ z.c.mapper.PostMapper.updateByPrimaryKey : 159 ] - ==> Parameters: 吹不散眉弯(String), 谈谈今天的一些感受吧(String), 9(Integer), 工学(String), 1(Integer), 今天温度挺低的，本来就穿的不厚，结果感觉今天脑子更疼， 不知道大家有没有啥推荐的网站听听音乐啥的吗,http://www.baidu.com(String), 2019-04-01 09:07:44(String), ab35664c-3d1d-4046-98de-5e3de09ce992.PNG(String), (String), 45(Integer), 2(Integer), 一首歌从深情唱(String), 2019-04-08 18:06:20(String), 1天15小时14分钟之前(String), 3(Integer)
2019-04-10 09:21:02.938 [ http-nio-8081-exec-6 ] - [ DEBUG ] [ z.c.mapper.PostMapper.updateByPrimaryKey : 159 ] - <==    Updates: 1
2019-04-10 09:21:02.939 [ http-nio-8081-exec-6 ] - [ DEBUG ] [ z.c.mapper.PostMapper.updateByPrimaryKey : 159 ] - ==>  Preparing: update post set post_user_name = ?, post_title = ?, post_tab_id = ?, post_tab_name = ?, tab_parentid = ?, post_content = ?, post_time = ?, post_content_img = ?, post_user_icon = ?, post_click_count = ?, post_reply_count = ?, post_last_reply = ?, post_last_reply_time = ?, post_last_reply_time_simple = ? where id = ? 
2019-04-10 09:21:02.940 [ http-nio-8081-exec-6 ] - [ DEBUG ] [ z.c.mapper.PostMapper.updateByPrimaryKey : 159 ] - ==> Parameters: root(String), B 站的同学，你们能不能不要在移动端主页投毒了？(String), 10(Integer), 理学(String), 1(Integer), 每次手机重装系统之后去 B 站主页( https://m.bilibili.com/index.html) 下客户端，都会下到国际版。只能安装客户端后去问客服要国内的客户端，再重新装一次。​为什么移动端首页不能改成国内的？国际版的没有免流服务，我要它何用？(String), 2019-04-01 09:09:08(String), (String), (String), 35(Integer), 2(Integer), 吹不散眉弯(String), 2019-04-09 09:08:22(String), 1天0小时12分钟之前(String), 4(Integer)
2019-04-10 09:21:03.028 [ http-nio-8081-exec-6 ] - [ DEBUG ] [ z.c.mapper.PostMapper.updateByPrimaryKey : 159 ] - <==    Updates: 1
2019-04-10 09:21:03.029 [ http-nio-8081-exec-6 ] - [ DEBUG ] [ z.c.mapper.PostMapper.updateByPrimaryKey : 159 ] - ==>  Preparing: update post set post_user_name = ?, post_title = ?, post_tab_id = ?, post_tab_name = ?, tab_parentid = ?, post_content = ?, post_time = ?, post_content_img = ?, post_user_icon = ?, post_click_count = ?, post_reply_count = ?, post_last_reply = ?, post_last_reply_time = ?, post_last_reply_time_simple = ? where id = ? 
2019-04-10 09:21:03.030 [ http-nio-8081-exec-6 ] - [ DEBUG ] [ z.c.mapper.PostMapper.updateByPrimaryKey : 159 ] - ==> Parameters: 吹不散眉弯(String), 测试下管理学代码(String), 12(Integer), 管理学(String), 1(Integer), 如果管理学代码测试成功！，那么今天就完成了很大的一部分工作！加油 2019/4/1(String), 2019-04-01 11:27:28(String), (String), null, 101(Integer), 1(Integer), 一首歌从深情唱(String), 2019-04-04 14:27:28(String), 5天18小时53分钟之前(String), 5(Integer)
2019-04-10 09:21:03.142 [ http-nio-8081-exec-6 ] - [ DEBUG ] [ z.c.mapper.PostMapper.updateByPrimaryKey : 159 ] - <==    Updates: 1
2019-04-10 09:21:03.143 [ http-nio-8081-exec-6 ] - [ DEBUG ] [ z.c.mapper.PostMapper.updateByPrimaryKey : 159 ] - ==>  Preparing: update post set post_user_name = ?, post_title = ?, post_tab_id = ?, post_tab_name = ?, tab_parentid = ?, post_content = ?, post_time = ?, post_content_img = ?, post_user_icon = ?, post_click_count = ?, post_reply_count = ?, post_last_reply = ?, post_last_reply_time = ?, post_last_reply_time_simple = ? where id = ? 
2019-04-10 09:21:03.144 [ http-nio-8081-exec-6 ] - [ DEBUG ] [ z.c.mapper.PostMapper.updateByPrimaryKey : 159 ] - ==> Parameters: 吹不散眉弯(String), 理学的二次测试(String), 10(Integer), 理学(String), 1(Integer), 如果这次理学测试成功，那么真的一二级标题联动就正式写完了！(String), 2019-04-01 16:09:43(String), (String), null, 51(Integer), 5(Integer), root(String), 2019-04-08 16:09:43(String), 1天17小时11分钟之前(String), 6(Integer)
2019-04-10 09:21:03.273 [ http-nio-8081-exec-6 ] - [ DEBUG ] [ z.c.mapper.PostMapper.updateByPrimaryKey : 159 ] - <==    Updates: 1
2019-04-10 09:21:03.274 [ http-nio-8081-exec-6 ] - [ DEBUG ] [ z.campuscommunity.mapper.TabMapper.selectByExample : 159 ] - ==>  Preparing: select id, tab_name, parent_id, tab_describe from tab WHERE ( parent_id = ? ) 
2019-04-10 09:21:03.274 [ http-nio-8081-exec-6 ] - [ DEBUG ] [ z.campuscommunity.mapper.TabMapper.selectByExample : 159 ] - ==> Parameters: 1(Integer)
2019-04-10 09:21:03.278 [ http-nio-8081-exec-6 ] - [ DEBUG ] [ z.campuscommunity.mapper.TabMapper.selectByExample : 159 ] - <==      Total: 9
2019-04-10 09:21:03.282 [ http-nio-8081-exec-6 ] - [ DEBUG ] [ z.c.mapper.UserMapper.selectByExample : 159 ] - ==>  Preparing: select id, user_role, user_id, user_name, user_pwd, user_phone, user_college, problem_id, problem_answer, user_sex, user_img from user WHERE ( user_name = ? ) 
2019-04-10 09:21:03.283 [ http-nio-8081-exec-6 ] - [ DEBUG ] [ z.c.mapper.UserMapper.selectByExample : 159 ] - ==> Parameters: 吹不散眉弯(String)
2019-04-10 09:21:03.335 [ http-nio-8081-exec-6 ] - [ DEBUG ] [ z.c.mapper.UserMapper.selectByExample : 159 ] - <==      Total: 1
2019-04-10 09:21:06.292 [ http-nio-8081-exec-3 ] - [ DEBUG ] [ zyy.campuscommunity.mapper.TabMapper.selectAllTabs : 159 ] - ==>  Preparing: select id, tab_name, parent_id, tab_describe from tab 
2019-04-10 09:21:06.293 [ http-nio-8081-exec-3 ] - [ DEBUG ] [ zyy.campuscommunity.mapper.TabMapper.selectAllTabs : 159 ] - ==> Parameters: 
2019-04-10 09:21:06.305 [ http-nio-8081-exec-3 ] - [ DEBUG ] [ zyy.campuscommunity.mapper.TabMapper.selectAllTabs : 159 ] - <==      Total: 63
2019-04-10 09:21:06.307 [ http-nio-8081-exec-3 ] - [ DEBUG ] [ z.c.mapper.TabMapper.selectByPrimaryKey : 159 ] - ==>  Preparing: select id, tab_name, parent_id, tab_describe from tab where id = ? 
2019-04-10 09:21:06.308 [ http-nio-8081-exec-3 ] - [ DEBUG ] [ z.c.mapper.TabMapper.selectByPrimaryKey : 159 ] - ==> Parameters: 1(Integer)
2019-04-10 09:21:06.310 [ http-nio-8081-exec-3 ] - [ DEBUG ] [ z.c.mapper.TabMapper.selectByPrimaryKey : 159 ] - <==      Total: 1
2019-04-10 09:21:06.311 [ http-nio-8081-exec-3 ] - [ DEBUG ] [ z.c.mapper.TabMapper.selectByPrimaryKey : 159 ] - ==>  Preparing: select id, tab_name, parent_id, tab_describe from tab where id = ? 
2019-04-10 09:21:06.312 [ http-nio-8081-exec-3 ] - [ DEBUG ] [ z.c.mapper.TabMapper.selectByPrimaryKey : 159 ] - ==> Parameters: 1(Integer)
2019-04-10 09:21:06.315 [ http-nio-8081-exec-3 ] - [ DEBUG ] [ z.c.mapper.TabMapper.selectByPrimaryKey : 159 ] - <==      Total: 1
2019-04-10 09:21:06.316 [ http-nio-8081-exec-3 ] - [ DEBUG ] [ z.c.mapper.TabMapper.selectByPrimaryKey : 159 ] - ==>  Preparing: select id, tab_name, parent_id, tab_describe from tab where id = ? 
2019-04-10 09:21:06.317 [ http-nio-8081-exec-3 ] - [ DEBUG ] [ z.c.mapper.TabMapper.selectByPrimaryKey : 159 ] - ==> Parameters: 1(Integer)
2019-04-10 09:21:06.318 [ http-nio-8081-exec-3 ] - [ DEBUG ] [ z.c.mapper.TabMapper.selectByPrimaryKey : 159 ] - <==      Total: 1
2019-04-10 09:21:06.319 [ http-nio-8081-exec-3 ] - [ DEBUG ] [ z.c.mapper.TabMapper.selectByPrimaryKey : 159 ] - ==>  Preparing: select id, tab_name, parent_id, tab_describe from tab where id = ? 
2019-04-10 09:21:06.320 [ http-nio-8081-exec-3 ] - [ DEBUG ] [ z.c.mapper.TabMapper.selectByPrimaryKey : 159 ] - ==> Parameters: 2(Integer)
2019-04-10 09:21:06.322 [ http-nio-8081-exec-3 ] - [ DEBUG ] [ z.c.mapper.TabMapper.selectByPrimaryKey : 159 ] - <==      Total: 1
2019-04-10 09:21:06.324 [ http-nio-8081-exec-3 ] - [ DEBUG ] [ z.c.mapper.TabMapper.selectByPrimaryKey : 159 ] - ==>  Preparing: select id, tab_name, parent_id, tab_describe from tab where id = ? 
2019-04-10 09:21:06.324 [ http-nio-8081-exec-3 ] - [ DEBUG ] [ z.c.mapper.TabMapper.selectByPrimaryKey : 159 ] - ==> Parameters: 2(Integer)
2019-04-10 09:21:06.327 [ http-nio-8081-exec-3 ] - [ DEBUG ] [ z.c.mapper.TabMapper.selectByPrimaryKey : 159 ] - <==      Total: 1
2019-04-10 09:21:06.328 [ http-nio-8081-exec-3 ] - [ DEBUG ] [ z.c.mapper.TabMapper.selectByPrimaryKey : 159 ] - ==>  Preparing: select id, tab_name, parent_id, tab_describe from tab where id = ? 
2019-04-10 09:21:06.329 [ http-nio-8081-exec-3 ] - [ DEBUG ] [ z.c.mapper.TabMapper.selectByPrimaryKey : 159 ] - ==> Parameters: 2(Integer)
2019-04-10 09:21:06.333 [ http-nio-8081-exec-3 ] - [ DEBUG ] [ z.c.mapper.TabMapper.selectByPrimaryKey : 159 ] - <==      Total: 1
2019-04-10 09:21:06.334 [ http-nio-8081-exec-3 ] - [ DEBUG ] [ z.c.mapper.TabMapper.selectByPrimaryKey : 159 ] - ==>  Preparing: select id, tab_name, parent_id, tab_describe from tab where id = ? 
2019-04-10 09:21:06.335 [ http-nio-8081-exec-3 ] - [ DEBUG ] [ z.c.mapper.TabMapper.selectByPrimaryKey : 159 ] - ==> Parameters: 4(Integer)
2019-04-10 09:21:06.338 [ http-nio-8081-exec-3 ] - [ DEBUG ] [ z.c.mapper.TabMapper.selectByPrimaryKey : 159 ] - <==      Total: 1
2019-04-10 09:21:06.340 [ http-nio-8081-exec-3 ] - [ DEBUG ] [ z.c.mapper.TabMapper.selectByPrimaryKey : 159 ] - ==>  Preparing: select id, tab_name, parent_id, tab_describe from tab where id = ? 
2019-04-10 09:21:06.341 [ http-nio-8081-exec-3 ] - [ DEBUG ] [ z.c.mapper.TabMapper.selectByPrimaryKey : 159 ] - ==> Parameters: 1(Integer)
2019-04-10 09:21:06.345 [ http-nio-8081-exec-3 ] - [ DEBUG ] [ z.c.mapper.TabMapper.selectByPrimaryKey : 159 ] - <==      Total: 1
2019-04-10 09:21:06.346 [ http-nio-8081-exec-3 ] - [ DEBUG ] [ z.c.mapper.TabMapper.selectByPrimaryKey : 159 ] - ==>  Preparing: select id, tab_name, parent_id, tab_describe from tab where id = ? 
2019-04-10 09:21:06.346 [ http-nio-8081-exec-3 ] - [ DEBUG ] [ z.c.mapper.TabMapper.selectByPrimaryKey : 159 ] - ==> Parameters: 1(Integer)
2019-04-10 09:21:06.348 [ http-nio-8081-exec-3 ] - [ DEBUG ] [ z.c.mapper.TabMapper.selectByPrimaryKey : 159 ] - <==      Total: 1
2019-04-10 09:21:06.349 [ http-nio-8081-exec-3 ] - [ DEBUG ] [ z.c.mapper.TabMapper.selectByPrimaryKey : 159 ] - ==>  Preparing: select id, tab_name, parent_id, tab_describe from tab where id = ? 
2019-04-10 09:21:06.349 [ http-nio-8081-exec-3 ] - [ DEBUG ] [ z.c.mapper.TabMapper.selectByPrimaryKey : 159 ] - ==> Parameters: 1(Integer)
2019-04-10 09:21:06.350 [ http-nio-8081-exec-3 ] - [ DEBUG ] [ z.c.mapper.TabMapper.selectByPrimaryKey : 159 ] - <==      Total: 1
2019-04-10 09:21:06.351 [ http-nio-8081-exec-3 ] - [ DEBUG ] [ z.c.mapper.TabMapper.selectByPrimaryKey : 159 ] - ==>  Preparing: select id, tab_name, parent_id, tab_describe from tab where id = ? 
2019-04-10 09:21:06.352 [ http-nio-8081-exec-3 ] - [ DEBUG ] [ z.c.mapper.TabMapper.selectByPrimaryKey : 159 ] - ==> Parameters: 1(Integer)
2019-04-10 09:21:06.365 [ http-nio-8081-exec-3 ] - [ DEBUG ] [ z.c.mapper.TabMapper.selectByPrimaryKey : 159 ] - <==      Total: 1
2019-04-10 09:21:06.367 [ http-nio-8081-exec-3 ] - [ DEBUG ] [ z.c.mapper.TabMapper.selectByPrimaryKey : 159 ] - ==>  Preparing: select id, tab_name, parent_id, tab_describe from tab where id = ? 
2019-04-10 09:21:06.368 [ http-nio-8081-exec-3 ] - [ DEBUG ] [ z.c.mapper.TabMapper.selectByPrimaryKey : 159 ] - ==> Parameters: 1(Integer)
2019-04-10 09:21:06.371 [ http-nio-8081-exec-3 ] - [ DEBUG ] [ z.c.mapper.TabMapper.selectByPrimaryKey : 159 ] - <==      Total: 1
2019-04-10 09:21:06.372 [ http-nio-8081-exec-3 ] - [ DEBUG ] [ z.c.mapper.TabMapper.selectByPrimaryKey : 159 ] - ==>  Preparing: select id, tab_name, parent_id, tab_describe from tab where id = ? 
2019-04-10 09:21:06.372 [ http-nio-8081-exec-3 ] - [ DEBUG ] [ z.c.mapper.TabMapper.selectByPrimaryKey : 159 ] - ==> Parameters: 4(Integer)
2019-04-10 09:21:06.374 [ http-nio-8081-exec-3 ] - [ DEBUG ] [ z.c.mapper.TabMapper.selectByPrimaryKey : 159 ] - <==      Total: 1
2019-04-10 09:21:06.375 [ http-nio-8081-exec-3 ] - [ DEBUG ] [ z.c.mapper.TabMapper.selectByPrimaryKey : 159 ] - ==>  Preparing: select id, tab_name, parent_id, tab_describe from tab where id = ? 
2019-04-10 09:21:06.375 [ http-nio-8081-exec-3 ] - [ DEBUG ] [ z.c.mapper.TabMapper.selectByPrimaryKey : 159 ] - ==> Parameters: 4(Integer)
2019-04-10 09:21:06.377 [ http-nio-8081-exec-3 ] - [ DEBUG ] [ z.c.mapper.TabMapper.selectByPrimaryKey : 159 ] - <==      Total: 1
2019-04-10 09:21:06.378 [ http-nio-8081-exec-3 ] - [ DEBUG ] [ z.c.mapper.TabMapper.selectByPrimaryKey : 159 ] - ==>  Preparing: select id, tab_name, parent_id, tab_describe from tab where id = ? 
2019-04-10 09:21:06.378 [ http-nio-8081-exec-3 ] - [ DEBUG ] [ z.c.mapper.TabMapper.selectByPrimaryKey : 159 ] - ==> Parameters: 7(Integer)
2019-04-10 09:21:06.380 [ http-nio-8081-exec-3 ] - [ DEBUG ] [ z.c.mapper.TabMapper.selectByPrimaryKey : 159 ] - <==      Total: 1
2019-04-10 09:21:06.381 [ http-nio-8081-exec-3 ] - [ DEBUG ] [ z.c.mapper.TabMapper.selectByPrimaryKey : 159 ] - ==>  Preparing: select id, tab_name, parent_id, tab_describe from tab where id = ? 
2019-04-10 09:21:06.382 [ http-nio-8081-exec-3 ] - [ DEBUG ] [ z.c.mapper.TabMapper.selectByPrimaryKey : 159 ] - ==> Parameters: 7(Integer)
2019-04-10 09:21:06.384 [ http-nio-8081-exec-3 ] - [ DEBUG ] [ z.c.mapper.TabMapper.selectByPrimaryKey : 159 ] - <==      Total: 1
2019-04-10 09:21:06.385 [ http-nio-8081-exec-3 ] - [ DEBUG ] [ z.c.mapper.TabMapper.selectByPrimaryKey : 159 ] - ==>  Preparing: select id, tab_name, parent_id, tab_describe from tab where id = ? 
2019-04-10 09:21:06.386 [ http-nio-8081-exec-3 ] - [ DEBUG ] [ z.c.mapper.TabMapper.selectByPrimaryKey : 159 ] - ==> Parameters: 1(Integer)
2019-04-10 09:21:06.388 [ http-nio-8081-exec-3 ] - [ DEBUG ] [ z.c.mapper.TabMapper.selectByPrimaryKey : 159 ] - <==      Total: 1
2019-04-10 09:21:06.389 [ http-nio-8081-exec-3 ] - [ DEBUG ] [ z.c.mapper.TabMapper.selectByPrimaryKey : 159 ] - ==>  Preparing: select id, tab_name, parent_id, tab_describe from tab where id = ? 
2019-04-10 09:21:06.389 [ http-nio-8081-exec-3 ] - [ DEBUG ] [ z.c.mapper.TabMapper.selectByPrimaryKey : 159 ] - ==> Parameters: 3(Integer)
2019-04-10 09:21:06.391 [ http-nio-8081-exec-3 ] - [ DEBUG ] [ z.c.mapper.TabMapper.selectByPrimaryKey : 159 ] - <==      Total: 1
2019-04-10 09:21:06.392 [ http-nio-8081-exec-3 ] - [ DEBUG ] [ z.c.mapper.TabMapper.selectByPrimaryKey : 159 ] - ==>  Preparing: select id, tab_name, parent_id, tab_describe from tab where id = ? 
2019-04-10 09:21:06.393 [ http-nio-8081-exec-3 ] - [ DEBUG ] [ z.c.mapper.TabMapper.selectByPrimaryKey : 159 ] - ==> Parameters: 3(Integer)
2019-04-10 09:21:06.394 [ http-nio-8081-exec-3 ] - [ DEBUG ] [ z.c.mapper.TabMapper.selectByPrimaryKey : 159 ] - <==      Total: 1
2019-04-10 09:21:06.395 [ http-nio-8081-exec-3 ] - [ DEBUG ] [ z.c.mapper.TabMapper.selectByPrimaryKey : 159 ] - ==>  Preparing: select id, tab_name, parent_id, tab_describe from tab where id = ? 
2019-04-10 09:21:06.396 [ http-nio-8081-exec-3 ] - [ DEBUG ] [ z.c.mapper.TabMapper.selectByPrimaryKey : 159 ] - ==> Parameters: 3(Integer)
2019-04-10 09:21:06.398 [ http-nio-8081-exec-3 ] - [ DEBUG ] [ z.c.mapper.TabMapper.selectByPrimaryKey : 159 ] - <==      Total: 1
2019-04-10 09:21:06.399 [ http-nio-8081-exec-3 ] - [ DEBUG ] [ z.c.mapper.TabMapper.selectByPrimaryKey : 159 ] - ==>  Preparing: select id, tab_name, parent_id, tab_describe from tab where id = ? 
2019-04-10 09:21:06.400 [ http-nio-8081-exec-3 ] - [ DEBUG ] [ z.c.mapper.TabMapper.selectByPrimaryKey : 159 ] - ==> Parameters: 3(Integer)
2019-04-10 09:21:06.402 [ http-nio-8081-exec-3 ] - [ DEBUG ] [ z.c.mapper.TabMapper.selectByPrimaryKey : 159 ] - <==      Total: 1
2019-04-10 09:21:06.403 [ http-nio-8081-exec-3 ] - [ DEBUG ] [ z.c.mapper.TabMapper.selectByPrimaryKey : 159 ] - ==>  Preparing: select id, tab_name, parent_id, tab_describe from tab where id = ? 
2019-04-10 09:21:06.404 [ http-nio-8081-exec-3 ] - [ DEBUG ] [ z.c.mapper.TabMapper.selectByPrimaryKey : 159 ] - ==> Parameters: 3(Integer)
2019-04-10 09:21:06.407 [ http-nio-8081-exec-3 ] - [ DEBUG ] [ z.c.mapper.TabMapper.selectByPrimaryKey : 159 ] - <==      Total: 1
2019-04-10 09:21:06.407 [ http-nio-8081-exec-3 ] - [ DEBUG ] [ z.c.mapper.TabMapper.selectByPrimaryKey : 159 ] - ==>  Preparing: select id, tab_name, parent_id, tab_describe from tab where id = ? 
2019-04-10 09:21:06.408 [ http-nio-8081-exec-3 ] - [ DEBUG ] [ z.c.mapper.TabMapper.selectByPrimaryKey : 159 ] - ==> Parameters: 3(Integer)
2019-04-10 09:21:06.412 [ http-nio-8081-exec-3 ] - [ DEBUG ] [ z.c.mapper.TabMapper.selectByPrimaryKey : 159 ] - <==      Total: 1
2019-04-10 09:21:06.413 [ http-nio-8081-exec-3 ] - [ DEBUG ] [ z.c.mapper.TabMapper.selectByPrimaryKey : 159 ] - ==>  Preparing: select id, tab_name, parent_id, tab_describe from tab where id = ? 
2019-04-10 09:21:06.413 [ http-nio-8081-exec-3 ] - [ DEBUG ] [ z.c.mapper.TabMapper.selectByPrimaryKey : 159 ] - ==> Parameters: 3(Integer)
2019-04-10 09:21:06.416 [ http-nio-8081-exec-3 ] - [ DEBUG ] [ z.c.mapper.TabMapper.selectByPrimaryKey : 159 ] - <==      Total: 1
2019-04-10 09:21:06.417 [ http-nio-8081-exec-3 ] - [ DEBUG ] [ z.c.mapper.TabMapper.selectByPrimaryKey : 159 ] - ==>  Preparing: select id, tab_name, parent_id, tab_describe from tab where id = ? 
2019-04-10 09:21:06.417 [ http-nio-8081-exec-3 ] - [ DEBUG ] [ z.c.mapper.TabMapper.selectByPrimaryKey : 159 ] - ==> Parameters: 4(Integer)
2019-04-10 09:21:06.419 [ http-nio-8081-exec-3 ] - [ DEBUG ] [ z.c.mapper.TabMapper.selectByPrimaryKey : 159 ] - <==      Total: 1
2019-04-10 09:21:06.420 [ http-nio-8081-exec-3 ] - [ DEBUG ] [ z.c.mapper.TabMapper.selectByPrimaryKey : 159 ] - ==>  Preparing: select id, tab_name, parent_id, tab_describe from tab where id = ? 
2019-04-10 09:21:06.421 [ http-nio-8081-exec-3 ] - [ DEBUG ] [ z.c.mapper.TabMapper.selectByPrimaryKey : 159 ] - ==> Parameters: 4(Integer)
2019-04-10 09:21:06.424 [ http-nio-8081-exec-3 ] - [ DEBUG ] [ z.c.mapper.TabMapper.selectByPrimaryKey : 159 ] - <==      Total: 1
2019-04-10 09:21:06.425 [ http-nio-8081-exec-3 ] - [ DEBUG ] [ z.c.mapper.TabMapper.selectByPrimaryKey : 159 ] - ==>  Preparing: select id, tab_name, parent_id, tab_describe from tab where id = ? 
2019-04-10 09:21:06.426 [ http-nio-8081-exec-3 ] - [ DEBUG ] [ z.c.mapper.TabMapper.selectByPrimaryKey : 159 ] - ==> Parameters: 5(Integer)
2019-04-10 09:21:06.427 [ http-nio-8081-exec-3 ] - [ DEBUG ] [ z.c.mapper.TabMapper.selectByPrimaryKey : 159 ] - <==      Total: 1
2019-04-10 09:21:06.428 [ http-nio-8081-exec-3 ] - [ DEBUG ] [ z.c.mapper.TabMapper.selectByPrimaryKey : 159 ] - ==>  Preparing: select id, tab_name, parent_id, tab_describe from tab where id = ? 
2019-04-10 09:21:06.429 [ http-nio-8081-exec-3 ] - [ DEBUG ] [ z.c.mapper.TabMapper.selectByPrimaryKey : 159 ] - ==> Parameters: 5(Integer)
2019-04-10 09:21:06.431 [ http-nio-8081-exec-3 ] - [ DEBUG ] [ z.c.mapper.TabMapper.selectByPrimaryKey : 159 ] - <==      Total: 1
2019-04-10 09:21:06.432 [ http-nio-8081-exec-3 ] - [ DEBUG ] [ z.c.mapper.TabMapper.selectByPrimaryKey : 159 ] - ==>  Preparing: select id, tab_name, parent_id, tab_describe from tab where id = ? 
2019-04-10 09:21:06.433 [ http-nio-8081-exec-3 ] - [ DEBUG ] [ z.c.mapper.TabMapper.selectByPrimaryKey : 159 ] - ==> Parameters: 5(Integer)
2019-04-10 09:21:06.435 [ http-nio-8081-exec-3 ] - [ DEBUG ] [ z.c.mapper.TabMapper.selectByPrimaryKey : 159 ] - <==      Total: 1
2019-04-10 09:21:06.435 [ http-nio-8081-exec-3 ] - [ DEBUG ] [ z.c.mapper.TabMapper.selectByPrimaryKey : 159 ] - ==>  Preparing: select id, tab_name, parent_id, tab_describe from tab where id = ? 
2019-04-10 09:21:06.436 [ http-nio-8081-exec-3 ] - [ DEBUG ] [ z.c.mapper.TabMapper.selectByPrimaryKey : 159 ] - ==> Parameters: 5(Integer)
2019-04-10 09:21:06.438 [ http-nio-8081-exec-3 ] - [ DEBUG ] [ z.c.mapper.TabMapper.selectByPrimaryKey : 159 ] - <==      Total: 1
2019-04-10 09:21:06.439 [ http-nio-8081-exec-3 ] - [ DEBUG ] [ z.c.mapper.TabMapper.selectByPrimaryKey : 159 ] - ==>  Preparing: select id, tab_name, parent_id, tab_describe from tab where id = ? 
2019-04-10 09:21:06.440 [ http-nio-8081-exec-3 ] - [ DEBUG ] [ z.c.mapper.TabMapper.selectByPrimaryKey : 159 ] - ==> Parameters: 5(Integer)
2019-04-10 09:21:06.441 [ http-nio-8081-exec-3 ] - [ DEBUG ] [ z.c.mapper.TabMapper.selectByPrimaryKey : 159 ] - <==      Total: 1
2019-04-10 09:21:06.442 [ http-nio-8081-exec-3 ] - [ DEBUG ] [ z.c.mapper.TabMapper.selectByPrimaryKey : 159 ] - ==>  Preparing: select id, tab_name, parent_id, tab_describe from tab where id = ? 
2019-04-10 09:21:06.443 [ http-nio-8081-exec-3 ] - [ DEBUG ] [ z.c.mapper.TabMapper.selectByPrimaryKey : 159 ] - ==> Parameters: 5(Integer)
2019-04-10 09:21:06.445 [ http-nio-8081-exec-3 ] - [ DEBUG ] [ z.c.mapper.TabMapper.selectByPrimaryKey : 159 ] - <==      Total: 1
2019-04-10 09:21:06.446 [ http-nio-8081-exec-3 ] - [ DEBUG ] [ z.c.mapper.TabMapper.selectByPrimaryKey : 159 ] - ==>  Preparing: select id, tab_name, parent_id, tab_describe from tab where id = ? 
2019-04-10 09:21:06.446 [ http-nio-8081-exec-3 ] - [ DEBUG ] [ z.c.mapper.TabMapper.selectByPrimaryKey : 159 ] - ==> Parameters: 5(Integer)
2019-04-10 09:21:06.448 [ http-nio-8081-exec-3 ] - [ DEBUG ] [ z.c.mapper.TabMapper.selectByPrimaryKey : 159 ] - <==      Total: 1
2019-04-10 09:21:06.449 [ http-nio-8081-exec-3 ] - [ DEBUG ] [ z.c.mapper.TabMapper.selectByPrimaryKey : 159 ] - ==>  Preparing: select id, tab_name, parent_id, tab_describe from tab where id = ? 
2019-04-10 09:21:06.449 [ http-nio-8081-exec-3 ] - [ DEBUG ] [ z.c.mapper.TabMapper.selectByPrimaryKey : 159 ] - ==> Parameters: 6(Integer)
2019-04-10 09:21:06.450 [ http-nio-8081-exec-3 ] - [ DEBUG ] [ z.c.mapper.TabMapper.selectByPrimaryKey : 159 ] - <==      Total: 1
2019-04-10 09:21:06.451 [ http-nio-8081-exec-3 ] - [ DEBUG ] [ z.c.mapper.TabMapper.selectByPrimaryKey : 159 ] - ==>  Preparing: select id, tab_name, parent_id, tab_describe from tab where id = ? 
2019-04-10 09:21:06.452 [ http-nio-8081-exec-3 ] - [ DEBUG ] [ z.c.mapper.TabMapper.selectByPrimaryKey : 159 ] - ==> Parameters: 6(Integer)
2019-04-10 09:21:06.453 [ http-nio-8081-exec-3 ] - [ DEBUG ] [ z.c.mapper.TabMapper.selectByPrimaryKey : 159 ] - <==      Total: 1
2019-04-10 09:21:06.454 [ http-nio-8081-exec-3 ] - [ DEBUG ] [ z.c.mapper.TabMapper.selectByPrimaryKey : 159 ] - ==>  Preparing: select id, tab_name, parent_id, tab_describe from tab where id = ? 
2019-04-10 09:21:06.454 [ http-nio-8081-exec-3 ] - [ DEBUG ] [ z.c.mapper.TabMapper.selectByPrimaryKey : 159 ] - ==> Parameters: 8(Integer)
2019-04-10 09:21:06.457 [ http-nio-8081-exec-3 ] - [ DEBUG ] [ z.c.mapper.TabMapper.selectByPrimaryKey : 159 ] - <==      Total: 1
2019-04-10 09:21:06.458 [ http-nio-8081-exec-3 ] - [ DEBUG ] [ z.c.mapper.TabMapper.selectByPrimaryKey : 159 ] - ==>  Preparing: select id, tab_name, parent_id, tab_describe from tab where id = ? 
2019-04-10 09:21:06.458 [ http-nio-8081-exec-3 ] - [ DEBUG ] [ z.c.mapper.TabMapper.selectByPrimaryKey : 159 ] - ==> Parameters: 8(Integer)
2019-04-10 09:21:06.460 [ http-nio-8081-exec-3 ] - [ DEBUG ] [ z.c.mapper.TabMapper.selectByPrimaryKey : 159 ] - <==      Total: 1
2019-04-10 09:21:06.460 [ http-nio-8081-exec-3 ] - [ DEBUG ] [ z.c.mapper.TabMapper.selectByPrimaryKey : 159 ] - ==>  Preparing: select id, tab_name, parent_id, tab_describe from tab where id = ? 
2019-04-10 09:21:06.461 [ http-nio-8081-exec-3 ] - [ DEBUG ] [ z.c.mapper.TabMapper.selectByPrimaryKey : 159 ] - ==> Parameters: 8(Integer)
2019-04-10 09:21:06.462 [ http-nio-8081-exec-3 ] - [ DEBUG ] [ z.c.mapper.TabMapper.selectByPrimaryKey : 159 ] - <==      Total: 1
2019-04-10 09:21:06.463 [ http-nio-8081-exec-3 ] - [ DEBUG ] [ z.c.mapper.TabMapper.selectByPrimaryKey : 159 ] - ==>  Preparing: select id, tab_name, parent_id, tab_describe from tab where id = ? 
2019-04-10 09:21:06.464 [ http-nio-8081-exec-3 ] - [ DEBUG ] [ z.c.mapper.TabMapper.selectByPrimaryKey : 159 ] - ==> Parameters: 4(Integer)
2019-04-10 09:21:06.465 [ http-nio-8081-exec-3 ] - [ DEBUG ] [ z.c.mapper.TabMapper.selectByPrimaryKey : 159 ] - <==      Total: 1
2019-04-10 09:21:06.465 [ http-nio-8081-exec-3 ] - [ DEBUG ] [ z.c.mapper.TabMapper.selectByPrimaryKey : 159 ] - ==>  Preparing: select id, tab_name, parent_id, tab_describe from tab where id = ? 
2019-04-10 09:21:06.466 [ http-nio-8081-exec-3 ] - [ DEBUG ] [ z.c.mapper.TabMapper.selectByPrimaryKey : 159 ] - ==> Parameters: 8(Integer)
2019-04-10 09:21:06.468 [ http-nio-8081-exec-3 ] - [ DEBUG ] [ z.c.mapper.TabMapper.selectByPrimaryKey : 159 ] - <==      Total: 1
2019-04-10 09:21:06.468 [ http-nio-8081-exec-3 ] - [ DEBUG ] [ z.c.mapper.TabMapper.selectByPrimaryKey : 159 ] - ==>  Preparing: select id, tab_name, parent_id, tab_describe from tab where id = ? 
2019-04-10 09:21:06.468 [ http-nio-8081-exec-3 ] - [ DEBUG ] [ z.c.mapper.TabMapper.selectByPrimaryKey : 159 ] - ==> Parameters: 8(Integer)
2019-04-10 09:21:06.470 [ http-nio-8081-exec-3 ] - [ DEBUG ] [ z.c.mapper.TabMapper.selectByPrimaryKey : 159 ] - <==      Total: 1
2019-04-10 09:21:06.470 [ http-nio-8081-exec-3 ] - [ DEBUG ] [ z.c.mapper.TabMapper.selectByPrimaryKey : 159 ] - ==>  Preparing: select id, tab_name, parent_id, tab_describe from tab where id = ? 
2019-04-10 09:21:06.470 [ http-nio-8081-exec-3 ] - [ DEBUG ] [ z.c.mapper.TabMapper.selectByPrimaryKey : 159 ] - ==> Parameters: 8(Integer)
2019-04-10 09:21:06.472 [ http-nio-8081-exec-3 ] - [ DEBUG ] [ z.c.mapper.TabMapper.selectByPrimaryKey : 159 ] - <==      Total: 1
2019-04-10 09:21:06.472 [ http-nio-8081-exec-3 ] - [ DEBUG ] [ z.c.mapper.TabMapper.selectByPrimaryKey : 159 ] - ==>  Preparing: select id, tab_name, parent_id, tab_describe from tab where id = ? 
2019-04-10 09:21:06.473 [ http-nio-8081-exec-3 ] - [ DEBUG ] [ z.c.mapper.TabMapper.selectByPrimaryKey : 159 ] - ==> Parameters: 8(Integer)
2019-04-10 09:21:06.474 [ http-nio-8081-exec-3 ] - [ DEBUG ] [ z.c.mapper.TabMapper.selectByPrimaryKey : 159 ] - <==      Total: 1
2019-04-10 09:21:06.474 [ http-nio-8081-exec-3 ] - [ DEBUG ] [ z.c.mapper.TabMapper.selectByPrimaryKey : 159 ] - ==>  Preparing: select id, tab_name, parent_id, tab_describe from tab where id = ? 
2019-04-10 09:21:06.475 [ http-nio-8081-exec-3 ] - [ DEBUG ] [ z.c.mapper.TabMapper.selectByPrimaryKey : 159 ] - ==> Parameters: 8(Integer)
2019-04-10 09:21:06.476 [ http-nio-8081-exec-3 ] - [ DEBUG ] [ z.c.mapper.TabMapper.selectByPrimaryKey : 159 ] - <==      Total: 1
2019-04-10 09:21:06.476 [ http-nio-8081-exec-3 ] - [ DEBUG ] [ z.c.mapper.TabMapper.selectByPrimaryKey : 159 ] - ==>  Preparing: select id, tab_name, parent_id, tab_describe from tab where id = ? 
2019-04-10 09:21:06.477 [ http-nio-8081-exec-3 ] - [ DEBUG ] [ z.c.mapper.TabMapper.selectByPrimaryKey : 159 ] - ==> Parameters: 8(Integer)
2019-04-10 09:21:06.478 [ http-nio-8081-exec-3 ] - [ DEBUG ] [ z.c.mapper.TabMapper.selectByPrimaryKey : 159 ] - <==      Total: 1
2019-04-10 09:21:06.478 [ http-nio-8081-exec-3 ] - [ DEBUG ] [ z.c.mapper.TabMapper.selectByPrimaryKey : 159 ] - ==>  Preparing: select id, tab_name, parent_id, tab_describe from tab where id = ? 
2019-04-10 09:21:06.479 [ http-nio-8081-exec-3 ] - [ DEBUG ] [ z.c.mapper.TabMapper.selectByPrimaryKey : 159 ] - ==> Parameters: 8(Integer)
2019-04-10 09:21:06.480 [ http-nio-8081-exec-3 ] - [ DEBUG ] [ z.c.mapper.TabMapper.selectByPrimaryKey : 159 ] - <==      Total: 1
2019-04-10 09:21:06.481 [ http-nio-8081-exec-3 ] - [ DEBUG ] [ z.c.mapper.TabMapper.selectByPrimaryKey : 159 ] - ==>  Preparing: select id, tab_name, parent_id, tab_describe from tab where id = ? 
2019-04-10 09:21:06.482 [ http-nio-8081-exec-3 ] - [ DEBUG ] [ z.c.mapper.TabMapper.selectByPrimaryKey : 159 ] - ==> Parameters: 8(Integer)
2019-04-10 09:21:06.484 [ http-nio-8081-exec-3 ] - [ DEBUG ] [ z.c.mapper.TabMapper.selectByPrimaryKey : 159 ] - <==      Total: 1
2019-04-10 09:21:06.484 [ http-nio-8081-exec-3 ] - [ DEBUG ] [ z.c.mapper.TabMapper.selectByPrimaryKey : 159 ] - ==>  Preparing: select id, tab_name, parent_id, tab_describe from tab where id = ? 
2019-04-10 09:21:06.485 [ http-nio-8081-exec-3 ] - [ DEBUG ] [ z.c.mapper.TabMapper.selectByPrimaryKey : 159 ] - ==> Parameters: 8(Integer)
2019-04-10 09:21:06.486 [ http-nio-8081-exec-3 ] - [ DEBUG ] [ z.c.mapper.TabMapper.selectByPrimaryKey : 159 ] - <==      Total: 1
2019-04-10 09:21:06.487 [ http-nio-8081-exec-3 ] - [ DEBUG ] [ z.c.mapper.TabMapper.selectByPrimaryKey : 159 ] - ==>  Preparing: select id, tab_name, parent_id, tab_describe from tab where id = ? 
2019-04-10 09:21:06.488 [ http-nio-8081-exec-3 ] - [ DEBUG ] [ z.c.mapper.TabMapper.selectByPrimaryKey : 159 ] - ==> Parameters: 8(Integer)
2019-04-10 09:21:06.489 [ http-nio-8081-exec-3 ] - [ DEBUG ] [ z.c.mapper.TabMapper.selectByPrimaryKey : 159 ] - <==      Total: 1
2019-04-10 09:21:06.490 [ http-nio-8081-exec-3 ] - [ DEBUG ] [ z.c.mapper.TabMapper.selectByPrimaryKey : 159 ] - ==>  Preparing: select id, tab_name, parent_id, tab_describe from tab where id = ? 
2019-04-10 09:21:06.491 [ http-nio-8081-exec-3 ] - [ DEBUG ] [ z.c.mapper.TabMapper.selectByPrimaryKey : 159 ] - ==> Parameters: 8(Integer)
2019-04-10 09:21:06.492 [ http-nio-8081-exec-3 ] - [ DEBUG ] [ z.c.mapper.TabMapper.selectByPrimaryKey : 159 ] - <==      Total: 1
2019-04-10 09:21:06.493 [ http-nio-8081-exec-3 ] - [ DEBUG ] [ z.c.mapper.TabMapper.selectByPrimaryKey : 159 ] - ==>  Preparing: select id, tab_name, parent_id, tab_describe from tab where id = ? 
2019-04-10 09:21:06.494 [ http-nio-8081-exec-3 ] - [ DEBUG ] [ z.c.mapper.TabMapper.selectByPrimaryKey : 159 ] - ==> Parameters: 8(Integer)
2019-04-10 09:21:06.495 [ http-nio-8081-exec-3 ] - [ DEBUG ] [ z.c.mapper.TabMapper.selectByPrimaryKey : 159 ] - <==      Total: 1
2019-04-10 09:21:06.496 [ http-nio-8081-exec-3 ] - [ DEBUG ] [ z.c.mapper.TabMapper.selectByPrimaryKey : 159 ] - ==>  Preparing: select id, tab_name, parent_id, tab_describe from tab where id = ? 
2019-04-10 09:21:06.497 [ http-nio-8081-exec-3 ] - [ DEBUG ] [ z.c.mapper.TabMapper.selectByPrimaryKey : 159 ] - ==> Parameters: 8(Integer)
2019-04-10 09:21:06.498 [ http-nio-8081-exec-3 ] - [ DEBUG ] [ z.c.mapper.TabMapper.selectByPrimaryKey : 159 ] - <==      Total: 1
2019-04-10 09:21:06.499 [ http-nio-8081-exec-3 ] - [ DEBUG ] [ z.c.mapper.TabMapper.selectByPrimaryKey : 159 ] - ==>  Preparing: select id, tab_name, parent_id, tab_describe from tab where id = ? 
2019-04-10 09:21:06.500 [ http-nio-8081-exec-3 ] - [ DEBUG ] [ z.c.mapper.TabMapper.selectByPrimaryKey : 159 ] - ==> Parameters: 8(Integer)
2019-04-10 09:21:06.501 [ http-nio-8081-exec-3 ] - [ DEBUG ] [ z.c.mapper.TabMapper.selectByPrimaryKey : 159 ] - <==      Total: 1
2019-04-10 09:21:06.502 [ http-nio-8081-exec-3 ] - [ DEBUG ] [ z.c.mapper.TabMapper.selectByPrimaryKey : 159 ] - ==>  Preparing: select id, tab_name, parent_id, tab_describe from tab where id = ? 
2019-04-10 09:21:06.506 [ http-nio-8081-exec-3 ] - [ DEBUG ] [ z.c.mapper.TabMapper.selectByPrimaryKey : 159 ] - ==> Parameters: 8(Integer)
2019-04-10 09:21:06.513 [ http-nio-8081-exec-3 ] - [ DEBUG ] [ z.c.mapper.TabMapper.selectByPrimaryKey : 159 ] - <==      Total: 1
2019-04-10 09:21:06.513 [ http-nio-8081-exec-3 ] - [ DEBUG ] [ z.c.mapper.TabMapper.selectByPrimaryKey : 159 ] - ==>  Preparing: select id, tab_name, parent_id, tab_describe from tab where id = ? 
2019-04-10 09:21:06.513 [ http-nio-8081-exec-3 ] - [ DEBUG ] [ z.c.mapper.TabMapper.selectByPrimaryKey : 159 ] - ==> Parameters: 8(Integer)
2019-04-10 09:21:06.513 [ http-nio-8081-exec-3 ] - [ DEBUG ] [ z.c.mapper.TabMapper.selectByPrimaryKey : 159 ] - <==      Total: 1
2019-04-10 09:21:18.033 [ http-nio-8081-exec-9 ] - [ DEBUG ] [ z.campuscommunity.mapper.TabMapper.selectByExample : 159 ] - ==>  Preparing: select id, tab_name, parent_id, tab_describe from tab WHERE ( parent_id = ? ) 
2019-04-10 09:21:18.034 [ http-nio-8081-exec-9 ] - [ DEBUG ] [ z.campuscommunity.mapper.TabMapper.selectByExample : 159 ] - ==> Parameters: 2(Integer)
2019-04-10 09:21:18.035 [ http-nio-8081-exec-9 ] - [ DEBUG ] [ z.campuscommunity.mapper.TabMapper.selectByExample : 159 ] - <==      Total: 3
2019-04-10 09:21:18.037 [ http-nio-8081-exec-9 ] - [ DEBUG ] [ z.c.mapper.PostMapper.selectByExample : 159 ] - ==>  Preparing: select id, post_user_name, post_title, post_tab_id, post_tab_name, tab_parentid, post_content, post_time, post_content_img, post_user_icon, post_click_count, post_reply_count, post_last_reply, post_last_reply_time, post_last_reply_time_simple from post WHERE ( tab_parentid = ? ) 
2019-04-10 09:21:18.038 [ http-nio-8081-exec-9 ] - [ DEBUG ] [ z.c.mapper.PostMapper.selectByExample : 159 ] - ==> Parameters: 2(Integer)
2019-04-10 09:21:18.039 [ http-nio-8081-exec-9 ] - [ DEBUG ] [ z.c.mapper.PostMapper.selectByExample : 159 ] - <==      Total: 2
2019-04-10 09:22:09.111 [ main ] - [ INFO  ] [ zyy.campuscommunity.CampuscommunityApplication : 50 ] - Starting CampuscommunityApplication on zhaoyuyang with PID 7684 (D:\workplace\java_eclipse\campuscommunity\target\classes started by zhaoyuyang in D:\workplace\java_eclipse\campuscommunity)
2019-04-10 09:22:09.111 [ main ] - [ DEBUG ] [ zyy.campuscommunity.CampuscommunityApplication : 53 ] - Running with Spring Boot v2.1.3.RELEASE, Spring v5.1.5.RELEASE
2019-04-10 09:22:09.111 [ main ] - [ INFO  ] [ zyy.campuscommunity.CampuscommunityApplication : 679 ] - The following profiles are active: dev
2019-04-10 09:22:11.283 [ main ] - [ INFO  ] [ org.apache.coyote.http11.Http11NioProtocol : 173 ] - Initializing ProtocolHandler ["http-nio-8081"]
2019-04-10 09:22:11.314 [ main ] - [ INFO  ] [ org.apache.catalina.core.StandardService : 173 ] - Starting service [Tomcat]
2019-04-10 09:22:11.314 [ main ] - [ INFO  ] [ org.apache.catalina.core.StandardEngine : 173 ] - Starting Servlet engine: [Apache Tomcat/9.0.16]
2019-04-10 09:22:11.330 [ main ] - [ INFO  ] [ org.apache.catalina.core.AprLifecycleListener : 173 ] - The APR based Apache Tomcat Native library which allows optimal performance in production environments was not found on the java.library.path: [C:\Program Files\Java\jdk1.8.0_201\bin;C:\Windows\Sun\Java\bin;C:\Windows\system32;C:\Windows;C:\Program Files (x86)\Common Files\Oracle\Java\javapath;C:\Windows\system32;C:\Windows;C:\Windows\System32\Wbem;C:\Windows\System32\WindowsPowerShell\v1.0\;C:\Program Files (x86)\Common Files\NSEC\;C:\Program Files\Java\jdk1.8.0_201\bin;C:\Program Files\Java\jdk1.8.0_201\jre\bin;1\lib;1\bin;D:\tools\maven\apache-maven-3.6.0\bin;D:\tools\svn\bin;D:\tools\git\Git\cmd;;D:\tools\vs code\Microsoft VS Code\bin;.]
2019-04-10 09:22:11.564 [ main ] - [ INFO  ] [ o.a.c.core.ContainerBase.[Tomcat].[localhost].[/] : 173 ] - Initializing Spring embedded WebApplicationContext
2019-04-10 09:22:13.033 [ main ] - [ INFO  ] [ org.apache.coyote.http11.Http11NioProtocol : 173 ] - Starting ProtocolHandler ["http-nio-8081"]
2019-04-10 09:22:13.065 [ main ] - [ INFO  ] [ zyy.campuscommunity.CampuscommunityApplication : 59 ] - Started CampuscommunityApplication in 4.38 seconds (JVM running for 5.303)
2019-04-10 09:23:52.672 [ http-nio-8081-exec-1 ] - [ INFO  ] [ o.a.c.core.ContainerBase.[Tomcat].[localhost].[/] : 173 ] - Initializing Spring DispatcherServlet 'dispatcherServlet'
2019-04-10 09:23:57.783 [ http-nio-8081-exec-2 ] - [ INFO  ] [ com.zaxxer.hikari.HikariDataSource : 110 ] - HikariPool-1 - Starting...
2019-04-10 09:23:57.905 [ http-nio-8081-exec-2 ] - [ INFO  ] [ com.zaxxer.hikari.HikariDataSource : 123 ] - HikariPool-1 - Start completed.
2019-04-10 09:23:57.913 [ http-nio-8081-exec-2 ] - [ DEBUG ] [ z.campuscommunity.mapper.TabMapper.selectByExample : 159 ] - ==>  Preparing: select id, tab_name, parent_id, tab_describe from tab WHERE ( parent_id = ? ) 
2019-04-10 09:23:57.942 [ http-nio-8081-exec-2 ] - [ DEBUG ] [ z.campuscommunity.mapper.TabMapper.selectByExample : 159 ] - ==> Parameters: 0(Integer)
2019-04-10 09:23:57.970 [ http-nio-8081-exec-2 ] - [ DEBUG ] [ z.campuscommunity.mapper.TabMapper.selectByExample : 159 ] - <==      Total: 8
2019-04-10 09:23:57.980 [ http-nio-8081-exec-2 ] - [ DEBUG ] [ z.c.mapper.PostMapper.selectByExample : 159 ] - ==>  Preparing: select id, post_user_name, post_title, post_tab_id, post_tab_name, tab_parentid, post_content, post_time, post_content_img, post_user_icon, post_click_count, post_reply_count, post_last_reply, post_last_reply_time, post_last_reply_time_simple from post WHERE ( tab_parentid = ? ) 
2019-04-10 09:23:57.980 [ http-nio-8081-exec-2 ] - [ DEBUG ] [ z.c.mapper.PostMapper.selectByExample : 159 ] - ==> Parameters: 1(Integer)
2019-04-10 09:23:57.986 [ http-nio-8081-exec-2 ] - [ DEBUG ] [ z.c.mapper.PostMapper.selectByExample : 159 ] - <==      Total: 5
2019-04-10 09:23:57.988 [ http-nio-8081-exec-2 ] - [ DEBUG ] [ z.c.mapper.PostMapper.updateByPrimaryKey : 159 ] - ==>  Preparing: update post set post_user_name = ?, post_title = ?, post_tab_id = ?, post_tab_name = ?, tab_parentid = ?, post_content = ?, post_time = ?, post_content_img = ?, post_user_icon = ?, post_click_count = ?, post_reply_count = ?, post_last_reply = ?, post_last_reply_time = ?, post_last_reply_time_simple = ? where id = ? 
2019-04-10 09:23:57.990 [ http-nio-8081-exec-2 ] - [ DEBUG ] [ z.c.mapper.PostMapper.updateByPrimaryKey : 159 ] - ==> Parameters: 吹不散眉弯(String), 今天学到了一点新的东西，跟同学们分享一下(String), 9(Integer), 工学(String), 1(Integer), 今天学习了设计模式，发现里面很多东西都非常值得思考，今天刚刚学习了策略模式，感觉非常不错，希望大家都可以学习一下，(String), 2019-03-29 10:38:08(String), 51d89138-372b-42e7-91c9-78afef1c52a3.PNG(String), (String), 243(Integer), 6(Integer), root(String), 2019-04-09 09:55:55(String), 23小时28分钟之前(String), 2(Integer)
2019-04-10 09:23:58.043 [ http-nio-8081-exec-2 ] - [ DEBUG ] [ z.c.mapper.PostMapper.updateByPrimaryKey : 159 ] - <==    Updates: 1
2019-04-10 09:23:58.044 [ http-nio-8081-exec-2 ] - [ DEBUG ] [ z.c.mapper.PostMapper.updateByPrimaryKey : 159 ] - ==>  Preparing: update post set post_user_name = ?, post_title = ?, post_tab_id = ?, post_tab_name = ?, tab_parentid = ?, post_content = ?, post_time = ?, post_content_img = ?, post_user_icon = ?, post_click_count = ?, post_reply_count = ?, post_last_reply = ?, post_last_reply_time = ?, post_last_reply_time_simple = ? where id = ? 
2019-04-10 09:23:58.046 [ http-nio-8081-exec-2 ] - [ DEBUG ] [ z.c.mapper.PostMapper.updateByPrimaryKey : 159 ] - ==> Parameters: 吹不散眉弯(String), 谈谈今天的一些感受吧(String), 9(Integer), 工学(String), 1(Integer), 今天温度挺低的，本来就穿的不厚，结果感觉今天脑子更疼， 不知道大家有没有啥推荐的网站听听音乐啥的吗,http://www.baidu.com(String), 2019-04-01 09:07:44(String), ab35664c-3d1d-4046-98de-5e3de09ce992.PNG(String), (String), 45(Integer), 2(Integer), 一首歌从深情唱(String), 2019-04-08 18:06:20(String), 1天15小时17分钟之前(String), 3(Integer)
2019-04-10 09:23:58.089 [ http-nio-8081-exec-2 ] - [ DEBUG ] [ z.c.mapper.PostMapper.updateByPrimaryKey : 159 ] - <==    Updates: 1
2019-04-10 09:23:58.090 [ http-nio-8081-exec-2 ] - [ DEBUG ] [ z.c.mapper.PostMapper.updateByPrimaryKey : 159 ] - ==>  Preparing: update post set post_user_name = ?, post_title = ?, post_tab_id = ?, post_tab_name = ?, tab_parentid = ?, post_content = ?, post_time = ?, post_content_img = ?, post_user_icon = ?, post_click_count = ?, post_reply_count = ?, post_last_reply = ?, post_last_reply_time = ?, post_last_reply_time_simple = ? where id = ? 
2019-04-10 09:23:58.092 [ http-nio-8081-exec-2 ] - [ DEBUG ] [ z.c.mapper.PostMapper.updateByPrimaryKey : 159 ] - ==> Parameters: root(String), B 站的同学，你们能不能不要在移动端主页投毒了？(String), 10(Integer), 理学(String), 1(Integer), 每次手机重装系统之后去 B 站主页( https://m.bilibili.com/index.html) 下客户端，都会下到国际版。只能安装客户端后去问客服要国内的客户端，再重新装一次。​为什么移动端首页不能改成国内的？国际版的没有免流服务，我要它何用？(String), 2019-04-01 09:09:08(String), (String), (String), 35(Integer), 2(Integer), 吹不散眉弯(String), 2019-04-09 09:08:22(String), 1天0小时15分钟之前(String), 4(Integer)
2019-04-10 09:23:58.478 [ http-nio-8081-exec-2 ] - [ DEBUG ] [ z.c.mapper.PostMapper.updateByPrimaryKey : 159 ] - <==    Updates: 1
2019-04-10 09:23:58.479 [ http-nio-8081-exec-2 ] - [ DEBUG ] [ z.c.mapper.PostMapper.updateByPrimaryKey : 159 ] - ==>  Preparing: update post set post_user_name = ?, post_title = ?, post_tab_id = ?, post_tab_name = ?, tab_parentid = ?, post_content = ?, post_time = ?, post_content_img = ?, post_user_icon = ?, post_click_count = ?, post_reply_count = ?, post_last_reply = ?, post_last_reply_time = ?, post_last_reply_time_simple = ? where id = ? 
2019-04-10 09:23:58.480 [ http-nio-8081-exec-2 ] - [ DEBUG ] [ z.c.mapper.PostMapper.updateByPrimaryKey : 159 ] - ==> Parameters: 吹不散眉弯(String), 测试下管理学代码(String), 12(Integer), 管理学(String), 1(Integer), 如果管理学代码测试成功！，那么今天就完成了很大的一部分工作！加油 2019/4/1(String), 2019-04-01 11:27:28(String), (String), null, 101(Integer), 1(Integer), 一首歌从深情唱(String), 2019-04-04 14:27:28(String), 5天18小时56分钟之前(String), 5(Integer)
2019-04-10 09:23:58.518 [ http-nio-8081-exec-2 ] - [ DEBUG ] [ z.c.mapper.PostMapper.updateByPrimaryKey : 159 ] - <==    Updates: 1
2019-04-10 09:23:58.519 [ http-nio-8081-exec-2 ] - [ DEBUG ] [ z.c.mapper.PostMapper.updateByPrimaryKey : 159 ] - ==>  Preparing: update post set post_user_name = ?, post_title = ?, post_tab_id = ?, post_tab_name = ?, tab_parentid = ?, post_content = ?, post_time = ?, post_content_img = ?, post_user_icon = ?, post_click_count = ?, post_reply_count = ?, post_last_reply = ?, post_last_reply_time = ?, post_last_reply_time_simple = ? where id = ? 
2019-04-10 09:23:58.520 [ http-nio-8081-exec-2 ] - [ DEBUG ] [ z.c.mapper.PostMapper.updateByPrimaryKey : 159 ] - ==> Parameters: 吹不散眉弯(String), 理学的二次测试(String), 10(Integer), 理学(String), 1(Integer), 如果这次理学测试成功，那么真的一二级标题联动就正式写完了！(String), 2019-04-01 16:09:43(String), (String), null, 51(Integer), 5(Integer), root(String), 2019-04-08 16:09:43(String), 1天17小时14分钟之前(String), 6(Integer)
2019-04-10 09:23:58.584 [ http-nio-8081-exec-2 ] - [ DEBUG ] [ z.c.mapper.PostMapper.updateByPrimaryKey : 159 ] - <==    Updates: 1
2019-04-10 09:23:58.586 [ http-nio-8081-exec-2 ] - [ DEBUG ] [ z.campuscommunity.mapper.TabMapper.selectByExample : 159 ] - ==>  Preparing: select id, tab_name, parent_id, tab_describe from tab WHERE ( parent_id = ? ) 
2019-04-10 09:23:58.587 [ http-nio-8081-exec-2 ] - [ DEBUG ] [ z.campuscommunity.mapper.TabMapper.selectByExample : 159 ] - ==> Parameters: 1(Integer)
2019-04-10 09:23:58.591 [ http-nio-8081-exec-2 ] - [ DEBUG ] [ z.campuscommunity.mapper.TabMapper.selectByExample : 159 ] - <==      Total: 9
2019-04-10 09:23:58.595 [ http-nio-8081-exec-2 ] - [ DEBUG ] [ z.c.mapper.UserMapper.selectByExample : 159 ] - ==>  Preparing: select id, user_role, user_id, user_name, user_pwd, user_phone, user_college, problem_id, problem_answer, user_sex, user_img from user WHERE ( user_name = ? ) 
2019-04-10 09:23:58.595 [ http-nio-8081-exec-2 ] - [ DEBUG ] [ z.c.mapper.UserMapper.selectByExample : 159 ] - ==> Parameters: 一首歌从深情唱(String)
2019-04-10 09:23:58.600 [ http-nio-8081-exec-2 ] - [ DEBUG ] [ z.c.mapper.UserMapper.selectByExample : 159 ] - <==      Total: 1
2019-04-10 09:23:58.808 [ http-nio-8081-exec-3 ] - [ DEBUG ] [ zyy.campuscommunity.mapper.TabMapper.selectAllTabs : 159 ] - ==>  Preparing: select id, tab_name, parent_id, tab_describe from tab 
2019-04-10 09:23:58.809 [ http-nio-8081-exec-3 ] - [ DEBUG ] [ zyy.campuscommunity.mapper.TabMapper.selectAllTabs : 159 ] - ==> Parameters: 
2019-04-10 09:23:58.823 [ http-nio-8081-exec-3 ] - [ DEBUG ] [ zyy.campuscommunity.mapper.TabMapper.selectAllTabs : 159 ] - <==      Total: 63
2019-04-10 09:23:58.826 [ http-nio-8081-exec-3 ] - [ DEBUG ] [ z.c.mapper.TabMapper.selectByPrimaryKey : 159 ] - ==>  Preparing: select id, tab_name, parent_id, tab_describe from tab where id = ? 
2019-04-10 09:23:58.827 [ http-nio-8081-exec-3 ] - [ DEBUG ] [ z.c.mapper.TabMapper.selectByPrimaryKey : 159 ] - ==> Parameters: 1(Integer)
2019-04-10 09:23:58.829 [ http-nio-8081-exec-3 ] - [ DEBUG ] [ z.c.mapper.TabMapper.selectByPrimaryKey : 159 ] - <==      Total: 1
2019-04-10 09:23:58.831 [ http-nio-8081-exec-3 ] - [ DEBUG ] [ z.c.mapper.TabMapper.selectByPrimaryKey : 159 ] - ==>  Preparing: select id, tab_name, parent_id, tab_describe from tab where id = ? 
2019-04-10 09:23:58.832 [ http-nio-8081-exec-3 ] - [ DEBUG ] [ z.c.mapper.TabMapper.selectByPrimaryKey : 159 ] - ==> Parameters: 1(Integer)
2019-04-10 09:23:58.834 [ http-nio-8081-exec-3 ] - [ DEBUG ] [ z.c.mapper.TabMapper.selectByPrimaryKey : 159 ] - <==      Total: 1
2019-04-10 09:23:58.837 [ http-nio-8081-exec-3 ] - [ DEBUG ] [ z.c.mapper.TabMapper.selectByPrimaryKey : 159 ] - ==>  Preparing: select id, tab_name, parent_id, tab_describe from tab where id = ? 
2019-04-10 09:23:58.838 [ http-nio-8081-exec-3 ] - [ DEBUG ] [ z.c.mapper.TabMapper.selectByPrimaryKey : 159 ] - ==> Parameters: 1(Integer)
2019-04-10 09:23:58.841 [ http-nio-8081-exec-3 ] - [ DEBUG ] [ z.c.mapper.TabMapper.selectByPrimaryKey : 159 ] - <==      Total: 1
2019-04-10 09:23:58.842 [ http-nio-8081-exec-3 ] - [ DEBUG ] [ z.c.mapper.TabMapper.selectByPrimaryKey : 159 ] - ==>  Preparing: select id, tab_name, parent_id, tab_describe from tab where id = ? 
2019-04-10 09:23:58.843 [ http-nio-8081-exec-3 ] - [ DEBUG ] [ z.c.mapper.TabMapper.selectByPrimaryKey : 159 ] - ==> Parameters: 2(Integer)
2019-04-10 09:23:58.851 [ http-nio-8081-exec-3 ] - [ DEBUG ] [ z.c.mapper.TabMapper.selectByPrimaryKey : 159 ] - <==      Total: 1
2019-04-10 09:23:58.852 [ http-nio-8081-exec-3 ] - [ DEBUG ] [ z.c.mapper.TabMapper.selectByPrimaryKey : 159 ] - ==>  Preparing: select id, tab_name, parent_id, tab_describe from tab where id = ? 
2019-04-10 09:23:58.853 [ http-nio-8081-exec-3 ] - [ DEBUG ] [ z.c.mapper.TabMapper.selectByPrimaryKey : 159 ] - ==> Parameters: 2(Integer)
2019-04-10 09:23:58.869 [ http-nio-8081-exec-3 ] - [ DEBUG ] [ z.c.mapper.TabMapper.selectByPrimaryKey : 159 ] - <==      Total: 1
2019-04-10 09:23:58.871 [ http-nio-8081-exec-3 ] - [ DEBUG ] [ z.c.mapper.TabMapper.selectByPrimaryKey : 159 ] - ==>  Preparing: select id, tab_name, parent_id, tab_describe from tab where id = ? 
2019-04-10 09:23:58.872 [ http-nio-8081-exec-3 ] - [ DEBUG ] [ z.c.mapper.TabMapper.selectByPrimaryKey : 159 ] - ==> Parameters: 2(Integer)
2019-04-10 09:23:58.875 [ http-nio-8081-exec-3 ] - [ DEBUG ] [ z.c.mapper.TabMapper.selectByPrimaryKey : 159 ] - <==      Total: 1
2019-04-10 09:23:58.878 [ http-nio-8081-exec-3 ] - [ DEBUG ] [ z.c.mapper.TabMapper.selectByPrimaryKey : 159 ] - ==>  Preparing: select id, tab_name, parent_id, tab_describe from tab where id = ? 
2019-04-10 09:23:58.879 [ http-nio-8081-exec-3 ] - [ DEBUG ] [ z.c.mapper.TabMapper.selectByPrimaryKey : 159 ] - ==> Parameters: 4(Integer)
2019-04-10 09:23:58.885 [ http-nio-8081-exec-3 ] - [ DEBUG ] [ z.c.mapper.TabMapper.selectByPrimaryKey : 159 ] - <==      Total: 1
2019-04-10 09:23:58.887 [ http-nio-8081-exec-3 ] - [ DEBUG ] [ z.c.mapper.TabMapper.selectByPrimaryKey : 159 ] - ==>  Preparing: select id, tab_name, parent_id, tab_describe from tab where id = ? 
2019-04-10 09:23:58.888 [ http-nio-8081-exec-3 ] - [ DEBUG ] [ z.c.mapper.TabMapper.selectByPrimaryKey : 159 ] - ==> Parameters: 1(Integer)
2019-04-10 09:23:58.893 [ http-nio-8081-exec-3 ] - [ DEBUG ] [ z.c.mapper.TabMapper.selectByPrimaryKey : 159 ] - <==      Total: 1
2019-04-10 09:23:58.895 [ http-nio-8081-exec-3 ] - [ DEBUG ] [ z.c.mapper.TabMapper.selectByPrimaryKey : 159 ] - ==>  Preparing: select id, tab_name, parent_id, tab_describe from tab where id = ? 
2019-04-10 09:23:58.895 [ http-nio-8081-exec-3 ] - [ DEBUG ] [ z.c.mapper.TabMapper.selectByPrimaryKey : 159 ] - ==> Parameters: 1(Integer)
2019-04-10 09:23:58.901 [ http-nio-8081-exec-3 ] - [ DEBUG ] [ z.c.mapper.TabMapper.selectByPrimaryKey : 159 ] - <==      Total: 1
2019-04-10 09:23:58.903 [ http-nio-8081-exec-3 ] - [ DEBUG ] [ z.c.mapper.TabMapper.selectByPrimaryKey : 159 ] - ==>  Preparing: select id, tab_name, parent_id, tab_describe from tab where id = ? 
2019-04-10 09:23:58.904 [ http-nio-8081-exec-3 ] - [ DEBUG ] [ z.c.mapper.TabMapper.selectByPrimaryKey : 159 ] - ==> Parameters: 1(Integer)
2019-04-10 09:23:58.908 [ http-nio-8081-exec-3 ] - [ DEBUG ] [ z.c.mapper.TabMapper.selectByPrimaryKey : 159 ] - <==      Total: 1
2019-04-10 09:23:58.909 [ http-nio-8081-exec-3 ] - [ DEBUG ] [ z.c.mapper.TabMapper.selectByPrimaryKey : 159 ] - ==>  Preparing: select id, tab_name, parent_id, tab_describe from tab where id = ? 
2019-04-10 09:23:58.910 [ http-nio-8081-exec-3 ] - [ DEBUG ] [ z.c.mapper.TabMapper.selectByPrimaryKey : 159 ] - ==> Parameters: 1(Integer)
2019-04-10 09:23:58.913 [ http-nio-8081-exec-3 ] - [ DEBUG ] [ z.c.mapper.TabMapper.selectByPrimaryKey : 159 ] - <==      Total: 1
2019-04-10 09:23:58.914 [ http-nio-8081-exec-3 ] - [ DEBUG ] [ z.c.mapper.TabMapper.selectByPrimaryKey : 159 ] - ==>  Preparing: select id, tab_name, parent_id, tab_describe from tab where id = ? 
2019-04-10 09:23:58.915 [ http-nio-8081-exec-3 ] - [ DEBUG ] [ z.c.mapper.TabMapper.selectByPrimaryKey : 159 ] - ==> Parameters: 1(Integer)
2019-04-10 09:23:58.919 [ http-nio-8081-exec-3 ] - [ DEBUG ] [ z.c.mapper.TabMapper.selectByPrimaryKey : 159 ] - <==      Total: 1
2019-04-10 09:23:58.920 [ http-nio-8081-exec-3 ] - [ DEBUG ] [ z.c.mapper.TabMapper.selectByPrimaryKey : 159 ] - ==>  Preparing: select id, tab_name, parent_id, tab_describe from tab where id = ? 
2019-04-10 09:23:58.921 [ http-nio-8081-exec-3 ] - [ DEBUG ] [ z.c.mapper.TabMapper.selectByPrimaryKey : 159 ] - ==> Parameters: 4(Integer)
2019-04-10 09:23:58.923 [ http-nio-8081-exec-3 ] - [ DEBUG ] [ z.c.mapper.TabMapper.selectByPrimaryKey : 159 ] - <==      Total: 1
2019-04-10 09:23:58.924 [ http-nio-8081-exec-3 ] - [ DEBUG ] [ z.c.mapper.TabMapper.selectByPrimaryKey : 159 ] - ==>  Preparing: select id, tab_name, parent_id, tab_describe from tab where id = ? 
2019-04-10 09:23:58.925 [ http-nio-8081-exec-3 ] - [ DEBUG ] [ z.c.mapper.TabMapper.selectByPrimaryKey : 159 ] - ==> Parameters: 4(Integer)
2019-04-10 09:23:58.926 [ http-nio-8081-exec-3 ] - [ DEBUG ] [ z.c.mapper.TabMapper.selectByPrimaryKey : 159 ] - <==      Total: 1
2019-04-10 09:23:58.927 [ http-nio-8081-exec-3 ] - [ DEBUG ] [ z.c.mapper.TabMapper.selectByPrimaryKey : 159 ] - ==>  Preparing: select id, tab_name, parent_id, tab_describe from tab where id = ? 
2019-04-10 09:23:58.927 [ http-nio-8081-exec-3 ] - [ DEBUG ] [ z.c.mapper.TabMapper.selectByPrimaryKey : 159 ] - ==> Parameters: 7(Integer)
2019-04-10 09:23:58.929 [ http-nio-8081-exec-3 ] - [ DEBUG ] [ z.c.mapper.TabMapper.selectByPrimaryKey : 159 ] - <==      Total: 1
2019-04-10 09:23:58.931 [ http-nio-8081-exec-3 ] - [ DEBUG ] [ z.c.mapper.TabMapper.selectByPrimaryKey : 159 ] - ==>  Preparing: select id, tab_name, parent_id, tab_describe from tab where id = ? 
2019-04-10 09:23:58.931 [ http-nio-8081-exec-3 ] - [ DEBUG ] [ z.c.mapper.TabMapper.selectByPrimaryKey : 159 ] - ==> Parameters: 7(Integer)
2019-04-10 09:23:58.933 [ http-nio-8081-exec-3 ] - [ DEBUG ] [ z.c.mapper.TabMapper.selectByPrimaryKey : 159 ] - <==      Total: 1
2019-04-10 09:23:58.933 [ http-nio-8081-exec-3 ] - [ DEBUG ] [ z.c.mapper.TabMapper.selectByPrimaryKey : 159 ] - ==>  Preparing: select id, tab_name, parent_id, tab_describe from tab where id = ? 
2019-04-10 09:23:58.934 [ http-nio-8081-exec-3 ] - [ DEBUG ] [ z.c.mapper.TabMapper.selectByPrimaryKey : 159 ] - ==> Parameters: 1(Integer)
2019-04-10 09:23:58.935 [ http-nio-8081-exec-3 ] - [ DEBUG ] [ z.c.mapper.TabMapper.selectByPrimaryKey : 159 ] - <==      Total: 1
2019-04-10 09:23:58.937 [ http-nio-8081-exec-3 ] - [ DEBUG ] [ z.c.mapper.TabMapper.selectByPrimaryKey : 159 ] - ==>  Preparing: select id, tab_name, parent_id, tab_describe from tab where id = ? 
2019-04-10 09:23:58.938 [ http-nio-8081-exec-3 ] - [ DEBUG ] [ z.c.mapper.TabMapper.selectByPrimaryKey : 159 ] - ==> Parameters: 3(Integer)
2019-04-10 09:23:58.940 [ http-nio-8081-exec-3 ] - [ DEBUG ] [ z.c.mapper.TabMapper.selectByPrimaryKey : 159 ] - <==      Total: 1
2019-04-10 09:23:58.941 [ http-nio-8081-exec-3 ] - [ DEBUG ] [ z.c.mapper.TabMapper.selectByPrimaryKey : 159 ] - ==>  Preparing: select id, tab_name, parent_id, tab_describe from tab where id = ? 
2019-04-10 09:23:58.942 [ http-nio-8081-exec-3 ] - [ DEBUG ] [ z.c.mapper.TabMapper.selectByPrimaryKey : 159 ] - ==> Parameters: 3(Integer)
2019-04-10 09:23:58.943 [ http-nio-8081-exec-3 ] - [ DEBUG ] [ z.c.mapper.TabMapper.selectByPrimaryKey : 159 ] - <==      Total: 1
2019-04-10 09:23:58.944 [ http-nio-8081-exec-3 ] - [ DEBUG ] [ z.c.mapper.TabMapper.selectByPrimaryKey : 159 ] - ==>  Preparing: select id, tab_name, parent_id, tab_describe from tab where id = ? 
2019-04-10 09:23:58.945 [ http-nio-8081-exec-3 ] - [ DEBUG ] [ z.c.mapper.TabMapper.selectByPrimaryKey : 159 ] - ==> Parameters: 3(Integer)
2019-04-10 09:23:58.947 [ http-nio-8081-exec-3 ] - [ DEBUG ] [ z.c.mapper.TabMapper.selectByPrimaryKey : 159 ] - <==      Total: 1
2019-04-10 09:23:58.947 [ http-nio-8081-exec-3 ] - [ DEBUG ] [ z.c.mapper.TabMapper.selectByPrimaryKey : 159 ] - ==>  Preparing: select id, tab_name, parent_id, tab_describe from tab where id = ? 
2019-04-10 09:23:58.948 [ http-nio-8081-exec-3 ] - [ DEBUG ] [ z.c.mapper.TabMapper.selectByPrimaryKey : 159 ] - ==> Parameters: 3(Integer)
2019-04-10 09:23:58.949 [ http-nio-8081-exec-3 ] - [ DEBUG ] [ z.c.mapper.TabMapper.selectByPrimaryKey : 159 ] - <==      Total: 1
2019-04-10 09:23:58.950 [ http-nio-8081-exec-3 ] - [ DEBUG ] [ z.c.mapper.TabMapper.selectByPrimaryKey : 159 ] - ==>  Preparing: select id, tab_name, parent_id, tab_describe from tab where id = ? 
2019-04-10 09:23:58.950 [ http-nio-8081-exec-3 ] - [ DEBUG ] [ z.c.mapper.TabMapper.selectByPrimaryKey : 159 ] - ==> Parameters: 3(Integer)
2019-04-10 09:23:58.952 [ http-nio-8081-exec-3 ] - [ DEBUG ] [ z.c.mapper.TabMapper.selectByPrimaryKey : 159 ] - <==      Total: 1
2019-04-10 09:23:58.953 [ http-nio-8081-exec-3 ] - [ DEBUG ] [ z.c.mapper.TabMapper.selectByPrimaryKey : 159 ] - ==>  Preparing: select id, tab_name, parent_id, tab_describe from tab where id = ? 
2019-04-10 09:23:58.954 [ http-nio-8081-exec-3 ] - [ DEBUG ] [ z.c.mapper.TabMapper.selectByPrimaryKey : 159 ] - ==> Parameters: 3(Integer)
2019-04-10 09:23:58.957 [ http-nio-8081-exec-3 ] - [ DEBUG ] [ z.c.mapper.TabMapper.selectByPrimaryKey : 159 ] - <==      Total: 1
2019-04-10 09:23:58.958 [ http-nio-8081-exec-3 ] - [ DEBUG ] [ z.c.mapper.TabMapper.selectByPrimaryKey : 159 ] - ==>  Preparing: select id, tab_name, parent_id, tab_describe from tab where id = ? 
2019-04-10 09:23:58.959 [ http-nio-8081-exec-3 ] - [ DEBUG ] [ z.c.mapper.TabMapper.selectByPrimaryKey : 159 ] - ==> Parameters: 3(Integer)
2019-04-10 09:23:58.961 [ http-nio-8081-exec-3 ] - [ DEBUG ] [ z.c.mapper.TabMapper.selectByPrimaryKey : 159 ] - <==      Total: 1
2019-04-10 09:23:58.962 [ http-nio-8081-exec-3 ] - [ DEBUG ] [ z.c.mapper.TabMapper.selectByPrimaryKey : 159 ] - ==>  Preparing: select id, tab_name, parent_id, tab_describe from tab where id = ? 
2019-04-10 09:23:58.962 [ http-nio-8081-exec-3 ] - [ DEBUG ] [ z.c.mapper.TabMapper.selectByPrimaryKey : 159 ] - ==> Parameters: 4(Integer)
2019-04-10 09:23:58.964 [ http-nio-8081-exec-3 ] - [ DEBUG ] [ z.c.mapper.TabMapper.selectByPrimaryKey : 159 ] - <==      Total: 1
2019-04-10 09:23:58.965 [ http-nio-8081-exec-3 ] - [ DEBUG ] [ z.c.mapper.TabMapper.selectByPrimaryKey : 159 ] - ==>  Preparing: select id, tab_name, parent_id, tab_describe from tab where id = ? 
2019-04-10 09:23:58.966 [ http-nio-8081-exec-3 ] - [ DEBUG ] [ z.c.mapper.TabMapper.selectByPrimaryKey : 159 ] - ==> Parameters: 4(Integer)
2019-04-10 09:23:58.967 [ http-nio-8081-exec-3 ] - [ DEBUG ] [ z.c.mapper.TabMapper.selectByPrimaryKey : 159 ] - <==      Total: 1
2019-04-10 09:23:58.969 [ http-nio-8081-exec-3 ] - [ DEBUG ] [ z.c.mapper.TabMapper.selectByPrimaryKey : 159 ] - ==>  Preparing: select id, tab_name, parent_id, tab_describe from tab where id = ? 
2019-04-10 09:23:58.969 [ http-nio-8081-exec-3 ] - [ DEBUG ] [ z.c.mapper.TabMapper.selectByPrimaryKey : 159 ] - ==> Parameters: 5(Integer)
2019-04-10 09:23:58.972 [ http-nio-8081-exec-3 ] - [ DEBUG ] [ z.c.mapper.TabMapper.selectByPrimaryKey : 159 ] - <==      Total: 1
2019-04-10 09:23:58.973 [ http-nio-8081-exec-3 ] - [ DEBUG ] [ z.c.mapper.TabMapper.selectByPrimaryKey : 159 ] - ==>  Preparing: select id, tab_name, parent_id, tab_describe from tab where id = ? 
2019-04-10 09:23:58.974 [ http-nio-8081-exec-3 ] - [ DEBUG ] [ z.c.mapper.TabMapper.selectByPrimaryKey : 159 ] - ==> Parameters: 5(Integer)
2019-04-10 09:23:58.976 [ http-nio-8081-exec-3 ] - [ DEBUG ] [ z.c.mapper.TabMapper.selectByPrimaryKey : 159 ] - <==      Total: 1
2019-04-10 09:23:58.977 [ http-nio-8081-exec-3 ] - [ DEBUG ] [ z.c.mapper.TabMapper.selectByPrimaryKey : 159 ] - ==>  Preparing: select id, tab_name, parent_id, tab_describe from tab where id = ? 
2019-04-10 09:23:58.978 [ http-nio-8081-exec-3 ] - [ DEBUG ] [ z.c.mapper.TabMapper.selectByPrimaryKey : 159 ] - ==> Parameters: 5(Integer)
2019-04-10 09:23:58.980 [ http-nio-8081-exec-3 ] - [ DEBUG ] [ z.c.mapper.TabMapper.selectByPrimaryKey : 159 ] - <==      Total: 1
2019-04-10 09:23:58.980 [ http-nio-8081-exec-3 ] - [ DEBUG ] [ z.c.mapper.TabMapper.selectByPrimaryKey : 159 ] - ==>  Preparing: select id, tab_name, parent_id, tab_describe from tab where id = ? 
2019-04-10 09:23:58.981 [ http-nio-8081-exec-3 ] - [ DEBUG ] [ z.c.mapper.TabMapper.selectByPrimaryKey : 159 ] - ==> Parameters: 5(Integer)
2019-04-10 09:23:58.983 [ http-nio-8081-exec-3 ] - [ DEBUG ] [ z.c.mapper.TabMapper.selectByPrimaryKey : 159 ] - <==      Total: 1
2019-04-10 09:23:58.983 [ http-nio-8081-exec-3 ] - [ DEBUG ] [ z.c.mapper.TabMapper.selectByPrimaryKey : 159 ] - ==>  Preparing: select id, tab_name, parent_id, tab_describe from tab where id = ? 
2019-04-10 09:23:58.984 [ http-nio-8081-exec-3 ] - [ DEBUG ] [ z.c.mapper.TabMapper.selectByPrimaryKey : 159 ] - ==> Parameters: 5(Integer)
2019-04-10 09:23:58.986 [ http-nio-8081-exec-3 ] - [ DEBUG ] [ z.c.mapper.TabMapper.selectByPrimaryKey : 159 ] - <==      Total: 1
2019-04-10 09:23:58.987 [ http-nio-8081-exec-3 ] - [ DEBUG ] [ z.c.mapper.TabMapper.selectByPrimaryKey : 159 ] - ==>  Preparing: select id, tab_name, parent_id, tab_describe from tab where id = ? 
2019-04-10 09:23:58.987 [ http-nio-8081-exec-3 ] - [ DEBUG ] [ z.c.mapper.TabMapper.selectByPrimaryKey : 159 ] - ==> Parameters: 5(Integer)
2019-04-10 09:23:58.989 [ http-nio-8081-exec-3 ] - [ DEBUG ] [ z.c.mapper.TabMapper.selectByPrimaryKey : 159 ] - <==      Total: 1
2019-04-10 09:23:58.990 [ http-nio-8081-exec-3 ] - [ DEBUG ] [ z.c.mapper.TabMapper.selectByPrimaryKey : 159 ] - ==>  Preparing: select id, tab_name, parent_id, tab_describe from tab where id = ? 
2019-04-10 09:23:58.990 [ http-nio-8081-exec-3 ] - [ DEBUG ] [ z.c.mapper.TabMapper.selectByPrimaryKey : 159 ] - ==> Parameters: 5(Integer)
2019-04-10 09:23:58.992 [ http-nio-8081-exec-3 ] - [ DEBUG ] [ z.c.mapper.TabMapper.selectByPrimaryKey : 159 ] - <==      Total: 1
2019-04-10 09:23:58.993 [ http-nio-8081-exec-3 ] - [ DEBUG ] [ z.c.mapper.TabMapper.selectByPrimaryKey : 159 ] - ==>  Preparing: select id, tab_name, parent_id, tab_describe from tab where id = ? 
2019-04-10 09:23:58.993 [ http-nio-8081-exec-3 ] - [ DEBUG ] [ z.c.mapper.TabMapper.selectByPrimaryKey : 159 ] - ==> Parameters: 6(Integer)
2019-04-10 09:23:58.995 [ http-nio-8081-exec-3 ] - [ DEBUG ] [ z.c.mapper.TabMapper.selectByPrimaryKey : 159 ] - <==      Total: 1
2019-04-10 09:23:58.996 [ http-nio-8081-exec-3 ] - [ DEBUG ] [ z.c.mapper.TabMapper.selectByPrimaryKey : 159 ] - ==>  Preparing: select id, tab_name, parent_id, tab_describe from tab where id = ? 
2019-04-10 09:23:58.997 [ http-nio-8081-exec-3 ] - [ DEBUG ] [ z.c.mapper.TabMapper.selectByPrimaryKey : 159 ] - ==> Parameters: 6(Integer)
2019-04-10 09:23:58.998 [ http-nio-8081-exec-3 ] - [ DEBUG ] [ z.c.mapper.TabMapper.selectByPrimaryKey : 159 ] - <==      Total: 1
2019-04-10 09:23:58.998 [ http-nio-8081-exec-3 ] - [ DEBUG ] [ z.c.mapper.TabMapper.selectByPrimaryKey : 159 ] - ==>  Preparing: select id, tab_name, parent_id, tab_describe from tab where id = ? 
2019-04-10 09:23:58.998 [ http-nio-8081-exec-3 ] - [ DEBUG ] [ z.c.mapper.TabMapper.selectByPrimaryKey : 159 ] - ==> Parameters: 8(Integer)
2019-04-10 09:23:58.998 [ http-nio-8081-exec-3 ] - [ DEBUG ] [ z.c.mapper.TabMapper.selectByPrimaryKey : 159 ] - <==      Total: 1
2019-04-10 09:23:58.998 [ http-nio-8081-exec-3 ] - [ DEBUG ] [ z.c.mapper.TabMapper.selectByPrimaryKey : 159 ] - ==>  Preparing: select id, tab_name, parent_id, tab_describe from tab where id = ? 
2019-04-10 09:23:58.998 [ http-nio-8081-exec-3 ] - [ DEBUG ] [ z.c.mapper.TabMapper.selectByPrimaryKey : 159 ] - ==> Parameters: 8(Integer)
2019-04-10 09:23:58.998 [ http-nio-8081-exec-3 ] - [ DEBUG ] [ z.c.mapper.TabMapper.selectByPrimaryKey : 159 ] - <==      Total: 1
2019-04-10 09:23:58.998 [ http-nio-8081-exec-3 ] - [ DEBUG ] [ z.c.mapper.TabMapper.selectByPrimaryKey : 159 ] - ==>  Preparing: select id, tab_name, parent_id, tab_describe from tab where id = ? 
2019-04-10 09:23:58.998 [ http-nio-8081-exec-3 ] - [ DEBUG ] [ z.c.mapper.TabMapper.selectByPrimaryKey : 159 ] - ==> Parameters: 8(Integer)
2019-04-10 09:23:58.998 [ http-nio-8081-exec-3 ] - [ DEBUG ] [ z.c.mapper.TabMapper.selectByPrimaryKey : 159 ] - <==      Total: 1
2019-04-10 09:23:58.998 [ http-nio-8081-exec-3 ] - [ DEBUG ] [ z.c.mapper.TabMapper.selectByPrimaryKey : 159 ] - ==>  Preparing: select id, tab_name, parent_id, tab_describe from tab where id = ? 
2019-04-10 09:23:58.998 [ http-nio-8081-exec-3 ] - [ DEBUG ] [ z.c.mapper.TabMapper.selectByPrimaryKey : 159 ] - ==> Parameters: 4(Integer)
2019-04-10 09:23:58.998 [ http-nio-8081-exec-3 ] - [ DEBUG ] [ z.c.mapper.TabMapper.selectByPrimaryKey : 159 ] - <==      Total: 1
2019-04-10 09:23:58.998 [ http-nio-8081-exec-3 ] - [ DEBUG ] [ z.c.mapper.TabMapper.selectByPrimaryKey : 159 ] - ==>  Preparing: select id, tab_name, parent_id, tab_describe from tab where id = ? 
2019-04-10 09:23:58.998 [ http-nio-8081-exec-3 ] - [ DEBUG ] [ z.c.mapper.TabMapper.selectByPrimaryKey : 159 ] - ==> Parameters: 8(Integer)
2019-04-10 09:23:58.998 [ http-nio-8081-exec-3 ] - [ DEBUG ] [ z.c.mapper.TabMapper.selectByPrimaryKey : 159 ] - <==      Total: 1
2019-04-10 09:23:58.998 [ http-nio-8081-exec-3 ] - [ DEBUG ] [ z.c.mapper.TabMapper.selectByPrimaryKey : 159 ] - ==>  Preparing: select id, tab_name, parent_id, tab_describe from tab where id = ? 
2019-04-10 09:23:58.998 [ http-nio-8081-exec-3 ] - [ DEBUG ] [ z.c.mapper.TabMapper.selectByPrimaryKey : 159 ] - ==> Parameters: 8(Integer)
2019-04-10 09:23:58.998 [ http-nio-8081-exec-3 ] - [ DEBUG ] [ z.c.mapper.TabMapper.selectByPrimaryKey : 159 ] - <==      Total: 1
2019-04-10 09:23:59.014 [ http-nio-8081-exec-3 ] - [ DEBUG ] [ z.c.mapper.TabMapper.selectByPrimaryKey : 159 ] - ==>  Preparing: select id, tab_name, parent_id, tab_describe from tab where id = ? 
2019-04-10 09:23:59.014 [ http-nio-8081-exec-3 ] - [ DEBUG ] [ z.c.mapper.TabMapper.selectByPrimaryKey : 159 ] - ==> Parameters: 8(Integer)
2019-04-10 09:23:59.014 [ http-nio-8081-exec-3 ] - [ DEBUG ] [ z.c.mapper.TabMapper.selectByPrimaryKey : 159 ] - <==      Total: 1
2019-04-10 09:23:59.014 [ http-nio-8081-exec-3 ] - [ DEBUG ] [ z.c.mapper.TabMapper.selectByPrimaryKey : 159 ] - ==>  Preparing: select id, tab_name, parent_id, tab_describe from tab where id = ? 
2019-04-10 09:23:59.014 [ http-nio-8081-exec-3 ] - [ DEBUG ] [ z.c.mapper.TabMapper.selectByPrimaryKey : 159 ] - ==> Parameters: 8(Integer)
2019-04-10 09:23:59.014 [ http-nio-8081-exec-3 ] - [ DEBUG ] [ z.c.mapper.TabMapper.selectByPrimaryKey : 159 ] - <==      Total: 1
2019-04-10 09:23:59.014 [ http-nio-8081-exec-3 ] - [ DEBUG ] [ z.c.mapper.TabMapper.selectByPrimaryKey : 159 ] - ==>  Preparing: select id, tab_name, parent_id, tab_describe from tab where id = ? 
2019-04-10 09:23:59.014 [ http-nio-8081-exec-3 ] - [ DEBUG ] [ z.c.mapper.TabMapper.selectByPrimaryKey : 159 ] - ==> Parameters: 8(Integer)
2019-04-10 09:23:59.014 [ http-nio-8081-exec-3 ] - [ DEBUG ] [ z.c.mapper.TabMapper.selectByPrimaryKey : 159 ] - <==      Total: 1
2019-04-10 09:23:59.014 [ http-nio-8081-exec-3 ] - [ DEBUG ] [ z.c.mapper.TabMapper.selectByPrimaryKey : 159 ] - ==>  Preparing: select id, tab_name, parent_id, tab_describe from tab where id = ? 
2019-04-10 09:23:59.014 [ http-nio-8081-exec-3 ] - [ DEBUG ] [ z.c.mapper.TabMapper.selectByPrimaryKey : 159 ] - ==> Parameters: 8(Integer)
2019-04-10 09:23:59.030 [ http-nio-8081-exec-3 ] - [ DEBUG ] [ z.c.mapper.TabMapper.selectByPrimaryKey : 159 ] - <==      Total: 1
2019-04-10 09:23:59.030 [ http-nio-8081-exec-3 ] - [ DEBUG ] [ z.c.mapper.TabMapper.selectByPrimaryKey : 159 ] - ==>  Preparing: select id, tab_name, parent_id, tab_describe from tab where id = ? 
2019-04-10 09:23:59.030 [ http-nio-8081-exec-3 ] - [ DEBUG ] [ z.c.mapper.TabMapper.selectByPrimaryKey : 159 ] - ==> Parameters: 8(Integer)
2019-04-10 09:23:59.030 [ http-nio-8081-exec-3 ] - [ DEBUG ] [ z.c.mapper.TabMapper.selectByPrimaryKey : 159 ] - <==      Total: 1
2019-04-10 09:23:59.030 [ http-nio-8081-exec-3 ] - [ DEBUG ] [ z.c.mapper.TabMapper.selectByPrimaryKey : 159 ] - ==>  Preparing: select id, tab_name, parent_id, tab_describe from tab where id = ? 
2019-04-10 09:23:59.030 [ http-nio-8081-exec-3 ] - [ DEBUG ] [ z.c.mapper.TabMapper.selectByPrimaryKey : 159 ] - ==> Parameters: 8(Integer)
2019-04-10 09:23:59.030 [ http-nio-8081-exec-3 ] - [ DEBUG ] [ z.c.mapper.TabMapper.selectByPrimaryKey : 159 ] - <==      Total: 1
2019-04-10 09:23:59.030 [ http-nio-8081-exec-3 ] - [ DEBUG ] [ z.c.mapper.TabMapper.selectByPrimaryKey : 159 ] - ==>  Preparing: select id, tab_name, parent_id, tab_describe from tab where id = ? 
2019-04-10 09:23:59.030 [ http-nio-8081-exec-3 ] - [ DEBUG ] [ z.c.mapper.TabMapper.selectByPrimaryKey : 159 ] - ==> Parameters: 8(Integer)
2019-04-10 09:23:59.030 [ http-nio-8081-exec-3 ] - [ DEBUG ] [ z.c.mapper.TabMapper.selectByPrimaryKey : 159 ] - <==      Total: 1
2019-04-10 09:23:59.030 [ http-nio-8081-exec-3 ] - [ DEBUG ] [ z.c.mapper.TabMapper.selectByPrimaryKey : 159 ] - ==>  Preparing: select id, tab_name, parent_id, tab_describe from tab where id = ? 
2019-04-10 09:23:59.030 [ http-nio-8081-exec-3 ] - [ DEBUG ] [ z.c.mapper.TabMapper.selectByPrimaryKey : 159 ] - ==> Parameters: 8(Integer)
2019-04-10 09:23:59.030 [ http-nio-8081-exec-3 ] - [ DEBUG ] [ z.c.mapper.TabMapper.selectByPrimaryKey : 159 ] - <==      Total: 1
2019-04-10 09:23:59.030 [ http-nio-8081-exec-3 ] - [ DEBUG ] [ z.c.mapper.TabMapper.selectByPrimaryKey : 159 ] - ==>  Preparing: select id, tab_name, parent_id, tab_describe from tab where id = ? 
2019-04-10 09:23:59.030 [ http-nio-8081-exec-3 ] - [ DEBUG ] [ z.c.mapper.TabMapper.selectByPrimaryKey : 159 ] - ==> Parameters: 8(Integer)
2019-04-10 09:23:59.030 [ http-nio-8081-exec-3 ] - [ DEBUG ] [ z.c.mapper.TabMapper.selectByPrimaryKey : 159 ] - <==      Total: 1
2019-04-10 09:23:59.030 [ http-nio-8081-exec-3 ] - [ DEBUG ] [ z.c.mapper.TabMapper.selectByPrimaryKey : 159 ] - ==>  Preparing: select id, tab_name, parent_id, tab_describe from tab where id = ? 
2019-04-10 09:23:59.045 [ http-nio-8081-exec-3 ] - [ DEBUG ] [ z.c.mapper.TabMapper.selectByPrimaryKey : 159 ] - ==> Parameters: 8(Integer)
2019-04-10 09:23:59.045 [ http-nio-8081-exec-3 ] - [ DEBUG ] [ z.c.mapper.TabMapper.selectByPrimaryKey : 159 ] - <==      Total: 1
2019-04-10 09:23:59.045 [ http-nio-8081-exec-3 ] - [ DEBUG ] [ z.c.mapper.TabMapper.selectByPrimaryKey : 159 ] - ==>  Preparing: select id, tab_name, parent_id, tab_describe from tab where id = ? 
2019-04-10 09:23:59.045 [ http-nio-8081-exec-3 ] - [ DEBUG ] [ z.c.mapper.TabMapper.selectByPrimaryKey : 159 ] - ==> Parameters: 8(Integer)
2019-04-10 09:23:59.045 [ http-nio-8081-exec-3 ] - [ DEBUG ] [ z.c.mapper.TabMapper.selectByPrimaryKey : 159 ] - <==      Total: 1
2019-04-10 09:23:59.045 [ http-nio-8081-exec-3 ] - [ DEBUG ] [ z.c.mapper.TabMapper.selectByPrimaryKey : 159 ] - ==>  Preparing: select id, tab_name, parent_id, tab_describe from tab where id = ? 
2019-04-10 09:23:59.045 [ http-nio-8081-exec-3 ] - [ DEBUG ] [ z.c.mapper.TabMapper.selectByPrimaryKey : 159 ] - ==> Parameters: 8(Integer)
2019-04-10 09:23:59.045 [ http-nio-8081-exec-3 ] - [ DEBUG ] [ z.c.mapper.TabMapper.selectByPrimaryKey : 159 ] - <==      Total: 1
2019-04-10 09:23:59.045 [ http-nio-8081-exec-3 ] - [ DEBUG ] [ z.c.mapper.TabMapper.selectByPrimaryKey : 159 ] - ==>  Preparing: select id, tab_name, parent_id, tab_describe from tab where id = ? 
2019-04-10 09:23:59.045 [ http-nio-8081-exec-3 ] - [ DEBUG ] [ z.c.mapper.TabMapper.selectByPrimaryKey : 159 ] - ==> Parameters: 8(Integer)
2019-04-10 09:23:59.045 [ http-nio-8081-exec-3 ] - [ DEBUG ] [ z.c.mapper.TabMapper.selectByPrimaryKey : 159 ] - <==      Total: 1
2019-04-10 09:23:59.045 [ http-nio-8081-exec-3 ] - [ DEBUG ] [ z.c.mapper.TabMapper.selectByPrimaryKey : 159 ] - ==>  Preparing: select id, tab_name, parent_id, tab_describe from tab where id = ? 
2019-04-10 09:23:59.045 [ http-nio-8081-exec-3 ] - [ DEBUG ] [ z.c.mapper.TabMapper.selectByPrimaryKey : 159 ] - ==> Parameters: 8(Integer)
2019-04-10 09:23:59.045 [ http-nio-8081-exec-3 ] - [ DEBUG ] [ z.c.mapper.TabMapper.selectByPrimaryKey : 159 ] - <==      Total: 1
2019-04-10 09:24:00.254 [ http-nio-8081-exec-4 ] - [ DEBUG ] [ z.campuscommunity.mapper.TabMapper.selectByExample : 159 ] - ==>  Preparing: select id, tab_name, parent_id, tab_describe from tab WHERE ( parent_id = ? ) 
2019-04-10 09:24:00.255 [ http-nio-8081-exec-4 ] - [ DEBUG ] [ z.campuscommunity.mapper.TabMapper.selectByExample : 159 ] - ==> Parameters: 2(Integer)
2019-04-10 09:24:00.257 [ http-nio-8081-exec-4 ] - [ DEBUG ] [ z.campuscommunity.mapper.TabMapper.selectByExample : 159 ] - <==      Total: 3
2019-04-10 09:24:00.258 [ http-nio-8081-exec-4 ] - [ DEBUG ] [ z.c.mapper.PostMapper.selectByExample : 159 ] - ==>  Preparing: select id, post_user_name, post_title, post_tab_id, post_tab_name, tab_parentid, post_content, post_time, post_content_img, post_user_icon, post_click_count, post_reply_count, post_last_reply, post_last_reply_time, post_last_reply_time_simple from post WHERE ( tab_parentid = ? ) 
2019-04-10 09:24:00.258 [ http-nio-8081-exec-4 ] - [ DEBUG ] [ z.c.mapper.PostMapper.selectByExample : 159 ] - ==> Parameters: 2(Integer)
2019-04-10 09:24:00.258 [ http-nio-8081-exec-4 ] - [ DEBUG ] [ z.c.mapper.PostMapper.selectByExample : 159 ] - <==      Total: 2
