2019-05-03 13:59:13.320 [ main ] - [ INFO  ] [ zyy.campuscommunity.CampuscommunityApplication : 50 ] - Starting CampuscommunityApplication on zhaoyuyang with PID 2140 (D:\workplace\java_eclipse\campuscommunity\target\classes started by zhaoyuyang in D:\workplace\java_eclipse\campuscommunity)
2019-05-03 13:59:13.335 [ main ] - [ DEBUG ] [ zyy.campuscommunity.CampuscommunityApplication : 53 ] - Running with Spring Boot v2.1.3.RELEASE, Spring v5.1.5.RELEASE
2019-05-03 13:59:13.336 [ main ] - [ INFO  ] [ zyy.campuscommunity.CampuscommunityApplication : 679 ] - The following profiles are active: dev
2019-05-03 13:59:18.156 [ main ] - [ INFO  ] [ org.apache.coyote.http11.Http11NioProtocol : 173 ] - Initializing ProtocolHandler ["http-nio-8081"]
2019-05-03 13:59:18.179 [ main ] - [ INFO  ] [ org.apache.catalina.core.StandardService : 173 ] - Starting service [Tomcat]
2019-05-03 13:59:18.180 [ main ] - [ INFO  ] [ org.apache.catalina.core.StandardEngine : 173 ] - Starting Servlet engine: [Apache Tomcat/9.0.16]
2019-05-03 13:59:18.296 [ main ] - [ INFO  ] [ org.apache.catalina.core.AprLifecycleListener : 173 ] - The APR based Apache Tomcat Native library which allows optimal performance in production environments was not found on the java.library.path: [C:\Program Files\Java\jdk1.8.0_201\bin;C:\Windows\Sun\Java\bin;C:\Windows\system32;C:\Windows;C:\Program Files (x86)\Common Files\Oracle\Java\javapath;C:\Windows\system32;C:\Windows;C:\Windows\System32\Wbem;C:\Windows\System32\WindowsPowerShell\v1.0\;C:\Program Files (x86)\Common Files\NSEC\;C:\Program Files\Java\jdk1.8.0_201\bin;C:\Program Files\Java\jdk1.8.0_201\jre\bin;1\lib;1\bin;D:\tools\maven\apache-maven-3.6.0\bin;D:\tools\svn\bin;D:\tools\git\Git\cmd;;D:\tools\vs code\Microsoft VS Code\bin;.]
2019-05-03 13:59:18.861 [ main ] - [ INFO  ] [ o.a.c.core.ContainerBase.[Tomcat].[localhost].[/] : 173 ] - Initializing Spring embedded WebApplicationContext
2019-05-03 13:59:22.294 [ main ] - [ INFO  ] [ org.apache.coyote.http11.Http11NioProtocol : 173 ] - Starting ProtocolHandler ["http-nio-8081"]
2019-05-03 13:59:22.349 [ main ] - [ INFO  ] [ zyy.campuscommunity.CampuscommunityApplication : 59 ] - Started CampuscommunityApplication in 10.247 seconds (JVM running for 16.657)
2019-05-03 14:09:42.920 [ http-nio-8081-exec-1 ] - [ INFO  ] [ o.a.c.core.ContainerBase.[Tomcat].[localhost].[/] : 173 ] - Initializing Spring DispatcherServlet 'dispatcherServlet'
2019-05-03 14:09:58.820 [ http-nio-8081-exec-5 ] - [ INFO  ] [ io.lettuce.core.EpollProvider : 68 ] - Starting without optional epoll library
2019-05-03 14:09:58.823 [ http-nio-8081-exec-5 ] - [ INFO  ] [ io.lettuce.core.KqueueProvider : 70 ] - Starting without optional kqueue library
2019-05-03 14:10:01.613 [ http-nio-8081-exec-5 ] - [ ERROR ] [ o.a.c.c.C.[.[localhost].[/].[dispatcherServlet] : 175 ] - Servlet.service() for servlet [dispatcherServlet] in context with path [] threw exception [Request processing failed; nested exception is org.springframework.data.redis.RedisConnectionFailureException: Unable to connect to Redis; nested exception is io.lettuce.core.RedisConnectionException: Unable to connect to 127.0.0.1:6379] with root cause
java.net.ConnectException: Connection refused: no further information
	at sun.nio.ch.SocketChannelImpl.checkConnect(Native Method)
	at sun.nio.ch.SocketChannelImpl.finishConnect(SocketChannelImpl.java:717)
	at io.netty.channel.socket.nio.NioSocketChannel.doFinishConnect(NioSocketChannel.java:327)
	at io.netty.channel.nio.AbstractNioChannel$AbstractNioUnsafe.finishConnect(AbstractNioChannel.java:340)
	at io.netty.channel.nio.NioEventLoop.processSelectedKey(NioEventLoop.java:665)
	at io.netty.channel.nio.NioEventLoop.processSelectedKeysOptimized(NioEventLoop.java:612)
	at io.netty.channel.nio.NioEventLoop.processSelectedKeys(NioEventLoop.java:529)
	at io.netty.channel.nio.NioEventLoop.run(NioEventLoop.java:491)
	at io.netty.util.concurrent.SingleThreadEventExecutor$5.run(SingleThreadEventExecutor.java:905)
	at io.netty.util.concurrent.FastThreadLocalRunnable.run(FastThreadLocalRunnable.java:30)
	at java.lang.Thread.run(Thread.java:748)
2019-05-03 14:10:59.771 [ http-nio-8081-exec-9 ] - [ INFO  ] [ com.zaxxer.hikari.HikariDataSource : 110 ] - HikariPool-1 - Starting...
2019-05-03 14:11:01.020 [ http-nio-8081-exec-9 ] - [ INFO  ] [ com.zaxxer.hikari.HikariDataSource : 123 ] - HikariPool-1 - Start completed.
2019-05-03 14:11:01.183 [ http-nio-8081-exec-9 ] - [ DEBUG ] [ z.c.mapper.PostMapper.updateByPrimaryKey : 159 ] - ==>  Preparing: update post set post_user_id = ?, post_user_name = ?, post_title = ?, post_tab_id = ?, post_tab_name = ?, tab_parentid = ?, post_content = ?, post_time = ?, post_content_img = ?, post_user_icon = ?, post_click_count = ?, post_reply_count = ?, post_last_reply = ?, post_last_reply_time = ?, post_last_reply_time_simple = ? where id = ? 
2019-05-03 14:11:01.264 [ http-nio-8081-exec-9 ] - [ DEBUG ] [ z.c.mapper.PostMapper.updateByPrimaryKey : 159 ] - ==> Parameters: 2(Integer), 吹不散眉弯(String), 今天学到了一点新的东西，跟同学们分享一下(String), 9(Integer), 工学(String), 1(Integer), 今天学习了设计模式，发现里面很多东西都非常值得思考，今天刚刚学习了策略模式，感觉非常不错，希望大家都可以学习一下，(String), 2019-03-29 10:38:08(String), 51d89138-372b-42e7-91c9-78afef1c52a3.PNG(String), (String), 318(Integer), 14(Integer), 吹不散眉弯(String), 2019-04-26 16:45:44(String), 6天21小时25分钟之前(String), 2(Integer)
2019-05-03 14:11:01.500 [ http-nio-8081-exec-9 ] - [ DEBUG ] [ z.c.mapper.PostMapper.updateByPrimaryKey : 159 ] - <==    Updates: 1
2019-05-03 14:11:01.504 [ http-nio-8081-exec-9 ] - [ DEBUG ] [ z.c.mapper.PostMapper.updateByPrimaryKey : 159 ] - ==>  Preparing: update post set post_user_id = ?, post_user_name = ?, post_title = ?, post_tab_id = ?, post_tab_name = ?, tab_parentid = ?, post_content = ?, post_time = ?, post_content_img = ?, post_user_icon = ?, post_click_count = ?, post_reply_count = ?, post_last_reply = ?, post_last_reply_time = ?, post_last_reply_time_simple = ? where id = ? 
2019-05-03 14:11:01.506 [ http-nio-8081-exec-9 ] - [ DEBUG ] [ z.c.mapper.PostMapper.updateByPrimaryKey : 159 ] - ==> Parameters: 2(Integer), 吹不散眉弯(String), 谈谈今天的一些感受吧(String), 9(Integer), 工学(String), 1(Integer), 今天温度挺低的，本来就穿的不厚，结果感觉今天脑子更疼， 不知道大家有没有啥推荐的网站听听音乐啥的吗,http://www.baidu.com(String), 2019-04-01 09:07:44(String), ab35664c-3d1d-4046-98de-5e3de09ce992.PNG(String), (String), 47(Integer), 2(Integer), 一首歌从深情唱(String), 2019-04-08 18:06:20(String), 24天20小时4分钟之前(String), 3(Integer)
2019-05-03 14:11:01.622 [ http-nio-8081-exec-9 ] - [ DEBUG ] [ z.c.mapper.PostMapper.updateByPrimaryKey : 159 ] - <==    Updates: 1
2019-05-03 14:11:01.623 [ http-nio-8081-exec-9 ] - [ DEBUG ] [ z.c.mapper.PostMapper.updateByPrimaryKey : 159 ] - ==>  Preparing: update post set post_user_id = ?, post_user_name = ?, post_title = ?, post_tab_id = ?, post_tab_name = ?, tab_parentid = ?, post_content = ?, post_time = ?, post_content_img = ?, post_user_icon = ?, post_click_count = ?, post_reply_count = ?, post_last_reply = ?, post_last_reply_time = ?, post_last_reply_time_simple = ? where id = ? 
2019-05-03 14:11:01.624 [ http-nio-8081-exec-9 ] - [ DEBUG ] [ z.c.mapper.PostMapper.updateByPrimaryKey : 159 ] - ==> Parameters: 1(Integer), root(String), B 站的同学，你们能不能不要在移动端主页投毒了？(String), 10(Integer), 理学(String), 1(Integer), 每次手机重装系统之后去 B 站主页( https://m.bilibili.com/index.html) 下客户端，都会下到国际版。只能安装客户端后去问客服要国内的客户端，再重新装一次。​为什么移动端首页不能改成国内的？国际版的没有免流服务，我要它何用？(String), 2019-04-01 09:09:08(String), (String), (String), 41(Integer), 2(Integer), 吹不散眉弯(String), 2019-04-09 09:08:22(String), 24天5小时2分钟之前(String), 4(Integer)
2019-05-03 14:11:01.707 [ http-nio-8081-exec-9 ] - [ DEBUG ] [ z.c.mapper.PostMapper.updateByPrimaryKey : 159 ] - <==    Updates: 1
2019-05-03 14:11:01.708 [ http-nio-8081-exec-9 ] - [ DEBUG ] [ z.c.mapper.PostMapper.updateByPrimaryKey : 159 ] - ==>  Preparing: update post set post_user_id = ?, post_user_name = ?, post_title = ?, post_tab_id = ?, post_tab_name = ?, tab_parentid = ?, post_content = ?, post_time = ?, post_content_img = ?, post_user_icon = ?, post_click_count = ?, post_reply_count = ?, post_last_reply = ?, post_last_reply_time = ?, post_last_reply_time_simple = ? where id = ? 
2019-05-03 14:11:01.709 [ http-nio-8081-exec-9 ] - [ DEBUG ] [ z.c.mapper.PostMapper.updateByPrimaryKey : 159 ] - ==> Parameters: 2(Integer), 吹不散眉弯(String), 测试下管理学代码(String), 12(Integer), 管理学(String), 1(Integer), 如果管理学代码测试成功！，那么今天就完成了很大的一部分工作！加油 2019/4/1(String), 2019-04-01 11:27:28(String), (String), null, 117(Integer), 2(Integer), 吹不散眉弯(String), 2019-04-26 09:25:21(String), 7天4小时45分钟之前(String), 5(Integer)
2019-05-03 14:11:01.888 [ http-nio-8081-exec-9 ] - [ DEBUG ] [ z.c.mapper.PostMapper.updateByPrimaryKey : 159 ] - <==    Updates: 1
2019-05-03 14:11:01.890 [ http-nio-8081-exec-9 ] - [ DEBUG ] [ z.c.mapper.PostMapper.updateByPrimaryKey : 159 ] - ==>  Preparing: update post set post_user_id = ?, post_user_name = ?, post_title = ?, post_tab_id = ?, post_tab_name = ?, tab_parentid = ?, post_content = ?, post_time = ?, post_content_img = ?, post_user_icon = ?, post_click_count = ?, post_reply_count = ?, post_last_reply = ?, post_last_reply_time = ?, post_last_reply_time_simple = ? where id = ? 
2019-05-03 14:11:01.892 [ http-nio-8081-exec-9 ] - [ DEBUG ] [ z.c.mapper.PostMapper.updateByPrimaryKey : 159 ] - ==> Parameters: 2(Integer), 吹不散眉弯(String), 理学的二次测试(String), 10(Integer), 理学(String), 1(Integer), 如果这次理学测试成功，那么真的一二级标题联动就正式写完了！(String), 2019-04-01 16:09:43(String), (String), null, 67(Integer), 6(Integer), 吹不散眉弯(String), 2019-04-26 14:02:41(String), 7天0小时8分钟之前(String), 6(Integer)
2019-05-03 14:11:02.008 [ http-nio-8081-exec-9 ] - [ DEBUG ] [ z.c.mapper.PostMapper.updateByPrimaryKey : 159 ] - <==    Updates: 1
2019-05-03 14:11:02.075 [ http-nio-8081-exec-9 ] - [ DEBUG ] [ z.c.mapper.UserMapper.selectByExample : 159 ] - ==>  Preparing: select id, user_role, user_id, user_name, user_pwd, user_phone, user_college, problem_id, problem_answer, user_sex, user_img, unread_message, post_collection_num, focus_number from user WHERE ( user_name = ? ) 
2019-05-03 14:11:02.076 [ http-nio-8081-exec-9 ] - [ DEBUG ] [ z.c.mapper.UserMapper.selectByExample : 159 ] - ==> Parameters: 一首歌从深情唱(String)
2019-05-03 14:11:02.219 [ http-nio-8081-exec-9 ] - [ DEBUG ] [ z.c.mapper.UserMapper.selectByExample : 159 ] - <==      Total: 1
2019-05-03 14:11:05.465 [ http-nio-8081-exec-6 ] - [ DEBUG ] [ zyy.campuscommunity.mapper.TabMapper.selectAllTabs : 159 ] - ==>  Preparing: select id, tab_name, parent_id, tab_describe from tab 
2019-05-03 14:11:05.466 [ http-nio-8081-exec-6 ] - [ DEBUG ] [ zyy.campuscommunity.mapper.TabMapper.selectAllTabs : 159 ] - ==> Parameters: 
2019-05-03 14:11:05.579 [ http-nio-8081-exec-6 ] - [ DEBUG ] [ zyy.campuscommunity.mapper.TabMapper.selectAllTabs : 159 ] - <==      Total: 63
2019-05-03 14:11:05.580 [ http-nio-8081-exec-6 ] - [ DEBUG ] [ z.c.mapper.TabMapper.selectByPrimaryKey : 159 ] - ==>  Preparing: select id, tab_name, parent_id, tab_describe from tab where id = ? 
2019-05-03 14:11:05.581 [ http-nio-8081-exec-6 ] - [ DEBUG ] [ z.c.mapper.TabMapper.selectByPrimaryKey : 159 ] - ==> Parameters: 1(Integer)
2019-05-03 14:11:05.583 [ http-nio-8081-exec-6 ] - [ DEBUG ] [ z.c.mapper.TabMapper.selectByPrimaryKey : 159 ] - <==      Total: 1
2019-05-03 14:11:05.584 [ http-nio-8081-exec-6 ] - [ DEBUG ] [ z.c.mapper.TabMapper.selectByPrimaryKey : 159 ] - ==>  Preparing: select id, tab_name, parent_id, tab_describe from tab where id = ? 
2019-05-03 14:11:05.584 [ http-nio-8081-exec-6 ] - [ DEBUG ] [ z.c.mapper.TabMapper.selectByPrimaryKey : 159 ] - ==> Parameters: 1(Integer)
2019-05-03 14:11:05.586 [ http-nio-8081-exec-6 ] - [ DEBUG ] [ z.c.mapper.TabMapper.selectByPrimaryKey : 159 ] - <==      Total: 1
2019-05-03 14:11:05.587 [ http-nio-8081-exec-6 ] - [ DEBUG ] [ z.c.mapper.TabMapper.selectByPrimaryKey : 159 ] - ==>  Preparing: select id, tab_name, parent_id, tab_describe from tab where id = ? 
2019-05-03 14:11:05.587 [ http-nio-8081-exec-6 ] - [ DEBUG ] [ z.c.mapper.TabMapper.selectByPrimaryKey : 159 ] - ==> Parameters: 1(Integer)
2019-05-03 14:11:05.588 [ http-nio-8081-exec-6 ] - [ DEBUG ] [ z.c.mapper.TabMapper.selectByPrimaryKey : 159 ] - <==      Total: 1
2019-05-03 14:11:05.589 [ http-nio-8081-exec-6 ] - [ DEBUG ] [ z.c.mapper.TabMapper.selectByPrimaryKey : 159 ] - ==>  Preparing: select id, tab_name, parent_id, tab_describe from tab where id = ? 
2019-05-03 14:11:05.589 [ http-nio-8081-exec-6 ] - [ DEBUG ] [ z.c.mapper.TabMapper.selectByPrimaryKey : 159 ] - ==> Parameters: 2(Integer)
2019-05-03 14:11:05.591 [ http-nio-8081-exec-6 ] - [ DEBUG ] [ z.c.mapper.TabMapper.selectByPrimaryKey : 159 ] - <==      Total: 1
2019-05-03 14:11:05.592 [ http-nio-8081-exec-6 ] - [ DEBUG ] [ z.c.mapper.TabMapper.selectByPrimaryKey : 159 ] - ==>  Preparing: select id, tab_name, parent_id, tab_describe from tab where id = ? 
2019-05-03 14:11:05.592 [ http-nio-8081-exec-6 ] - [ DEBUG ] [ z.c.mapper.TabMapper.selectByPrimaryKey : 159 ] - ==> Parameters: 2(Integer)
2019-05-03 14:11:05.594 [ http-nio-8081-exec-6 ] - [ DEBUG ] [ z.c.mapper.TabMapper.selectByPrimaryKey : 159 ] - <==      Total: 1
2019-05-03 14:11:05.595 [ http-nio-8081-exec-6 ] - [ DEBUG ] [ z.c.mapper.TabMapper.selectByPrimaryKey : 159 ] - ==>  Preparing: select id, tab_name, parent_id, tab_describe from tab where id = ? 
2019-05-03 14:11:05.595 [ http-nio-8081-exec-6 ] - [ DEBUG ] [ z.c.mapper.TabMapper.selectByPrimaryKey : 159 ] - ==> Parameters: 2(Integer)
2019-05-03 14:11:05.597 [ http-nio-8081-exec-6 ] - [ DEBUG ] [ z.c.mapper.TabMapper.selectByPrimaryKey : 159 ] - <==      Total: 1
2019-05-03 14:11:05.598 [ http-nio-8081-exec-6 ] - [ DEBUG ] [ z.c.mapper.TabMapper.selectByPrimaryKey : 159 ] - ==>  Preparing: select id, tab_name, parent_id, tab_describe from tab where id = ? 
2019-05-03 14:11:05.598 [ http-nio-8081-exec-6 ] - [ DEBUG ] [ z.c.mapper.TabMapper.selectByPrimaryKey : 159 ] - ==> Parameters: 4(Integer)
2019-05-03 14:11:05.600 [ http-nio-8081-exec-6 ] - [ DEBUG ] [ z.c.mapper.TabMapper.selectByPrimaryKey : 159 ] - <==      Total: 1
2019-05-03 14:11:05.601 [ http-nio-8081-exec-6 ] - [ DEBUG ] [ z.c.mapper.TabMapper.selectByPrimaryKey : 159 ] - ==>  Preparing: select id, tab_name, parent_id, tab_describe from tab where id = ? 
2019-05-03 14:11:05.601 [ http-nio-8081-exec-6 ] - [ DEBUG ] [ z.c.mapper.TabMapper.selectByPrimaryKey : 159 ] - ==> Parameters: 1(Integer)
2019-05-03 14:11:05.603 [ http-nio-8081-exec-6 ] - [ DEBUG ] [ z.c.mapper.TabMapper.selectByPrimaryKey : 159 ] - <==      Total: 1
2019-05-03 14:11:05.604 [ http-nio-8081-exec-6 ] - [ DEBUG ] [ z.c.mapper.TabMapper.selectByPrimaryKey : 159 ] - ==>  Preparing: select id, tab_name, parent_id, tab_describe from tab where id = ? 
2019-05-03 14:11:05.605 [ http-nio-8081-exec-6 ] - [ DEBUG ] [ z.c.mapper.TabMapper.selectByPrimaryKey : 159 ] - ==> Parameters: 1(Integer)
2019-05-03 14:11:05.607 [ http-nio-8081-exec-6 ] - [ DEBUG ] [ z.c.mapper.TabMapper.selectByPrimaryKey : 159 ] - <==      Total: 1
2019-05-03 14:11:05.608 [ http-nio-8081-exec-6 ] - [ DEBUG ] [ z.c.mapper.TabMapper.selectByPrimaryKey : 159 ] - ==>  Preparing: select id, tab_name, parent_id, tab_describe from tab where id = ? 
2019-05-03 14:11:05.608 [ http-nio-8081-exec-6 ] - [ DEBUG ] [ z.c.mapper.TabMapper.selectByPrimaryKey : 159 ] - ==> Parameters: 1(Integer)
2019-05-03 14:11:05.610 [ http-nio-8081-exec-6 ] - [ DEBUG ] [ z.c.mapper.TabMapper.selectByPrimaryKey : 159 ] - <==      Total: 1
2019-05-03 14:11:05.611 [ http-nio-8081-exec-6 ] - [ DEBUG ] [ z.c.mapper.TabMapper.selectByPrimaryKey : 159 ] - ==>  Preparing: select id, tab_name, parent_id, tab_describe from tab where id = ? 
2019-05-03 14:11:05.611 [ http-nio-8081-exec-6 ] - [ DEBUG ] [ z.c.mapper.TabMapper.selectByPrimaryKey : 159 ] - ==> Parameters: 1(Integer)
2019-05-03 14:11:05.613 [ http-nio-8081-exec-6 ] - [ DEBUG ] [ z.c.mapper.TabMapper.selectByPrimaryKey : 159 ] - <==      Total: 1
2019-05-03 14:11:05.613 [ http-nio-8081-exec-6 ] - [ DEBUG ] [ z.c.mapper.TabMapper.selectByPrimaryKey : 159 ] - ==>  Preparing: select id, tab_name, parent_id, tab_describe from tab where id = ? 
2019-05-03 14:11:05.614 [ http-nio-8081-exec-6 ] - [ DEBUG ] [ z.c.mapper.TabMapper.selectByPrimaryKey : 159 ] - ==> Parameters: 1(Integer)
2019-05-03 14:11:05.616 [ http-nio-8081-exec-6 ] - [ DEBUG ] [ z.c.mapper.TabMapper.selectByPrimaryKey : 159 ] - <==      Total: 1
2019-05-03 14:11:05.616 [ http-nio-8081-exec-6 ] - [ DEBUG ] [ z.c.mapper.TabMapper.selectByPrimaryKey : 159 ] - ==>  Preparing: select id, tab_name, parent_id, tab_describe from tab where id = ? 
2019-05-03 14:11:05.617 [ http-nio-8081-exec-6 ] - [ DEBUG ] [ z.c.mapper.TabMapper.selectByPrimaryKey : 159 ] - ==> Parameters: 4(Integer)
2019-05-03 14:11:05.618 [ http-nio-8081-exec-6 ] - [ DEBUG ] [ z.c.mapper.TabMapper.selectByPrimaryKey : 159 ] - <==      Total: 1
2019-05-03 14:11:05.619 [ http-nio-8081-exec-6 ] - [ DEBUG ] [ z.c.mapper.TabMapper.selectByPrimaryKey : 159 ] - ==>  Preparing: select id, tab_name, parent_id, tab_describe from tab where id = ? 
2019-05-03 14:11:05.619 [ http-nio-8081-exec-6 ] - [ DEBUG ] [ z.c.mapper.TabMapper.selectByPrimaryKey : 159 ] - ==> Parameters: 4(Integer)
2019-05-03 14:11:05.621 [ http-nio-8081-exec-6 ] - [ DEBUG ] [ z.c.mapper.TabMapper.selectByPrimaryKey : 159 ] - <==      Total: 1
2019-05-03 14:11:05.623 [ http-nio-8081-exec-6 ] - [ DEBUG ] [ z.c.mapper.TabMapper.selectByPrimaryKey : 159 ] - ==>  Preparing: select id, tab_name, parent_id, tab_describe from tab where id = ? 
2019-05-03 14:11:05.623 [ http-nio-8081-exec-6 ] - [ DEBUG ] [ z.c.mapper.TabMapper.selectByPrimaryKey : 159 ] - ==> Parameters: 7(Integer)
2019-05-03 14:11:05.625 [ http-nio-8081-exec-6 ] - [ DEBUG ] [ z.c.mapper.TabMapper.selectByPrimaryKey : 159 ] - <==      Total: 1
2019-05-03 14:11:05.626 [ http-nio-8081-exec-6 ] - [ DEBUG ] [ z.c.mapper.TabMapper.selectByPrimaryKey : 159 ] - ==>  Preparing: select id, tab_name, parent_id, tab_describe from tab where id = ? 
2019-05-03 14:11:05.627 [ http-nio-8081-exec-6 ] - [ DEBUG ] [ z.c.mapper.TabMapper.selectByPrimaryKey : 159 ] - ==> Parameters: 7(Integer)
2019-05-03 14:11:05.628 [ http-nio-8081-exec-6 ] - [ DEBUG ] [ z.c.mapper.TabMapper.selectByPrimaryKey : 159 ] - <==      Total: 1
2019-05-03 14:11:05.629 [ http-nio-8081-exec-6 ] - [ DEBUG ] [ z.c.mapper.TabMapper.selectByPrimaryKey : 159 ] - ==>  Preparing: select id, tab_name, parent_id, tab_describe from tab where id = ? 
2019-05-03 14:11:05.629 [ http-nio-8081-exec-6 ] - [ DEBUG ] [ z.c.mapper.TabMapper.selectByPrimaryKey : 159 ] - ==> Parameters: 1(Integer)
2019-05-03 14:11:05.631 [ http-nio-8081-exec-6 ] - [ DEBUG ] [ z.c.mapper.TabMapper.selectByPrimaryKey : 159 ] - <==      Total: 1
2019-05-03 14:11:05.632 [ http-nio-8081-exec-6 ] - [ DEBUG ] [ z.c.mapper.TabMapper.selectByPrimaryKey : 159 ] - ==>  Preparing: select id, tab_name, parent_id, tab_describe from tab where id = ? 
2019-05-03 14:11:05.633 [ http-nio-8081-exec-6 ] - [ DEBUG ] [ z.c.mapper.TabMapper.selectByPrimaryKey : 159 ] - ==> Parameters: 3(Integer)
2019-05-03 14:11:05.635 [ http-nio-8081-exec-6 ] - [ DEBUG ] [ z.c.mapper.TabMapper.selectByPrimaryKey : 159 ] - <==      Total: 1
2019-05-03 14:11:05.637 [ http-nio-8081-exec-6 ] - [ DEBUG ] [ z.c.mapper.TabMapper.selectByPrimaryKey : 159 ] - ==>  Preparing: select id, tab_name, parent_id, tab_describe from tab where id = ? 
2019-05-03 14:11:05.637 [ http-nio-8081-exec-6 ] - [ DEBUG ] [ z.c.mapper.TabMapper.selectByPrimaryKey : 159 ] - ==> Parameters: 3(Integer)
2019-05-03 14:11:05.641 [ http-nio-8081-exec-6 ] - [ DEBUG ] [ z.c.mapper.TabMapper.selectByPrimaryKey : 159 ] - <==      Total: 1
2019-05-03 14:11:05.642 [ http-nio-8081-exec-6 ] - [ DEBUG ] [ z.c.mapper.TabMapper.selectByPrimaryKey : 159 ] - ==>  Preparing: select id, tab_name, parent_id, tab_describe from tab where id = ? 
2019-05-03 14:11:05.642 [ http-nio-8081-exec-6 ] - [ DEBUG ] [ z.c.mapper.TabMapper.selectByPrimaryKey : 159 ] - ==> Parameters: 3(Integer)
2019-05-03 14:11:05.645 [ http-nio-8081-exec-6 ] - [ DEBUG ] [ z.c.mapper.TabMapper.selectByPrimaryKey : 159 ] - <==      Total: 1
2019-05-03 14:11:05.645 [ http-nio-8081-exec-6 ] - [ DEBUG ] [ z.c.mapper.TabMapper.selectByPrimaryKey : 159 ] - ==>  Preparing: select id, tab_name, parent_id, tab_describe from tab where id = ? 
2019-05-03 14:11:05.646 [ http-nio-8081-exec-6 ] - [ DEBUG ] [ z.c.mapper.TabMapper.selectByPrimaryKey : 159 ] - ==> Parameters: 3(Integer)
2019-05-03 14:11:05.647 [ http-nio-8081-exec-6 ] - [ DEBUG ] [ z.c.mapper.TabMapper.selectByPrimaryKey : 159 ] - <==      Total: 1
2019-05-03 14:11:05.648 [ http-nio-8081-exec-6 ] - [ DEBUG ] [ z.c.mapper.TabMapper.selectByPrimaryKey : 159 ] - ==>  Preparing: select id, tab_name, parent_id, tab_describe from tab where id = ? 
2019-05-03 14:11:05.648 [ http-nio-8081-exec-6 ] - [ DEBUG ] [ z.c.mapper.TabMapper.selectByPrimaryKey : 159 ] - ==> Parameters: 3(Integer)
2019-05-03 14:11:05.650 [ http-nio-8081-exec-6 ] - [ DEBUG ] [ z.c.mapper.TabMapper.selectByPrimaryKey : 159 ] - <==      Total: 1
2019-05-03 14:11:05.651 [ http-nio-8081-exec-6 ] - [ DEBUG ] [ z.c.mapper.TabMapper.selectByPrimaryKey : 159 ] - ==>  Preparing: select id, tab_name, parent_id, tab_describe from tab where id = ? 
2019-05-03 14:11:05.651 [ http-nio-8081-exec-6 ] - [ DEBUG ] [ z.c.mapper.TabMapper.selectByPrimaryKey : 159 ] - ==> Parameters: 3(Integer)
2019-05-03 14:11:05.653 [ http-nio-8081-exec-6 ] - [ DEBUG ] [ z.c.mapper.TabMapper.selectByPrimaryKey : 159 ] - <==      Total: 1
2019-05-03 14:11:05.653 [ http-nio-8081-exec-6 ] - [ DEBUG ] [ z.c.mapper.TabMapper.selectByPrimaryKey : 159 ] - ==>  Preparing: select id, tab_name, parent_id, tab_describe from tab where id = ? 
2019-05-03 14:11:05.653 [ http-nio-8081-exec-6 ] - [ DEBUG ] [ z.c.mapper.TabMapper.selectByPrimaryKey : 159 ] - ==> Parameters: 3(Integer)
2019-05-03 14:11:05.655 [ http-nio-8081-exec-6 ] - [ DEBUG ] [ z.c.mapper.TabMapper.selectByPrimaryKey : 159 ] - <==      Total: 1
2019-05-03 14:11:05.656 [ http-nio-8081-exec-6 ] - [ DEBUG ] [ z.c.mapper.TabMapper.selectByPrimaryKey : 159 ] - ==>  Preparing: select id, tab_name, parent_id, tab_describe from tab where id = ? 
2019-05-03 14:11:05.656 [ http-nio-8081-exec-6 ] - [ DEBUG ] [ z.c.mapper.TabMapper.selectByPrimaryKey : 159 ] - ==> Parameters: 4(Integer)
2019-05-03 14:11:05.658 [ http-nio-8081-exec-6 ] - [ DEBUG ] [ z.c.mapper.TabMapper.selectByPrimaryKey : 159 ] - <==      Total: 1
2019-05-03 14:11:05.658 [ http-nio-8081-exec-6 ] - [ DEBUG ] [ z.c.mapper.TabMapper.selectByPrimaryKey : 159 ] - ==>  Preparing: select id, tab_name, parent_id, tab_describe from tab where id = ? 
2019-05-03 14:11:05.659 [ http-nio-8081-exec-6 ] - [ DEBUG ] [ z.c.mapper.TabMapper.selectByPrimaryKey : 159 ] - ==> Parameters: 4(Integer)
2019-05-03 14:11:05.660 [ http-nio-8081-exec-6 ] - [ DEBUG ] [ z.c.mapper.TabMapper.selectByPrimaryKey : 159 ] - <==      Total: 1
2019-05-03 14:11:05.661 [ http-nio-8081-exec-6 ] - [ DEBUG ] [ z.c.mapper.TabMapper.selectByPrimaryKey : 159 ] - ==>  Preparing: select id, tab_name, parent_id, tab_describe from tab where id = ? 
2019-05-03 14:11:05.661 [ http-nio-8081-exec-6 ] - [ DEBUG ] [ z.c.mapper.TabMapper.selectByPrimaryKey : 159 ] - ==> Parameters: 5(Integer)
2019-05-03 14:11:05.662 [ http-nio-8081-exec-6 ] - [ DEBUG ] [ z.c.mapper.TabMapper.selectByPrimaryKey : 159 ] - <==      Total: 1
2019-05-03 14:11:05.663 [ http-nio-8081-exec-6 ] - [ DEBUG ] [ z.c.mapper.TabMapper.selectByPrimaryKey : 159 ] - ==>  Preparing: select id, tab_name, parent_id, tab_describe from tab where id = ? 
2019-05-03 14:11:05.664 [ http-nio-8081-exec-6 ] - [ DEBUG ] [ z.c.mapper.TabMapper.selectByPrimaryKey : 159 ] - ==> Parameters: 5(Integer)
2019-05-03 14:11:05.666 [ http-nio-8081-exec-6 ] - [ DEBUG ] [ z.c.mapper.TabMapper.selectByPrimaryKey : 159 ] - <==      Total: 1
2019-05-03 14:11:05.666 [ http-nio-8081-exec-6 ] - [ DEBUG ] [ z.c.mapper.TabMapper.selectByPrimaryKey : 159 ] - ==>  Preparing: select id, tab_name, parent_id, tab_describe from tab where id = ? 
2019-05-03 14:11:05.667 [ http-nio-8081-exec-6 ] - [ DEBUG ] [ z.c.mapper.TabMapper.selectByPrimaryKey : 159 ] - ==> Parameters: 5(Integer)
2019-05-03 14:11:05.668 [ http-nio-8081-exec-6 ] - [ DEBUG ] [ z.c.mapper.TabMapper.selectByPrimaryKey : 159 ] - <==      Total: 1
2019-05-03 14:11:05.669 [ http-nio-8081-exec-6 ] - [ DEBUG ] [ z.c.mapper.TabMapper.selectByPrimaryKey : 159 ] - ==>  Preparing: select id, tab_name, parent_id, tab_describe from tab where id = ? 
2019-05-03 14:11:05.669 [ http-nio-8081-exec-6 ] - [ DEBUG ] [ z.c.mapper.TabMapper.selectByPrimaryKey : 159 ] - ==> Parameters: 5(Integer)
2019-05-03 14:11:05.671 [ http-nio-8081-exec-6 ] - [ DEBUG ] [ z.c.mapper.TabMapper.selectByPrimaryKey : 159 ] - <==      Total: 1
2019-05-03 14:11:05.672 [ http-nio-8081-exec-6 ] - [ DEBUG ] [ z.c.mapper.TabMapper.selectByPrimaryKey : 159 ] - ==>  Preparing: select id, tab_name, parent_id, tab_describe from tab where id = ? 
2019-05-03 14:11:05.673 [ http-nio-8081-exec-6 ] - [ DEBUG ] [ z.c.mapper.TabMapper.selectByPrimaryKey : 159 ] - ==> Parameters: 5(Integer)
2019-05-03 14:11:05.675 [ http-nio-8081-exec-6 ] - [ DEBUG ] [ z.c.mapper.TabMapper.selectByPrimaryKey : 159 ] - <==      Total: 1
2019-05-03 14:11:05.676 [ http-nio-8081-exec-6 ] - [ DEBUG ] [ z.c.mapper.TabMapper.selectByPrimaryKey : 159 ] - ==>  Preparing: select id, tab_name, parent_id, tab_describe from tab where id = ? 
2019-05-03 14:11:05.677 [ http-nio-8081-exec-6 ] - [ DEBUG ] [ z.c.mapper.TabMapper.selectByPrimaryKey : 159 ] - ==> Parameters: 5(Integer)
2019-05-03 14:11:05.678 [ http-nio-8081-exec-6 ] - [ DEBUG ] [ z.c.mapper.TabMapper.selectByPrimaryKey : 159 ] - <==      Total: 1
2019-05-03 14:11:05.679 [ http-nio-8081-exec-6 ] - [ DEBUG ] [ z.c.mapper.TabMapper.selectByPrimaryKey : 159 ] - ==>  Preparing: select id, tab_name, parent_id, tab_describe from tab where id = ? 
2019-05-03 14:11:05.680 [ http-nio-8081-exec-6 ] - [ DEBUG ] [ z.c.mapper.TabMapper.selectByPrimaryKey : 159 ] - ==> Parameters: 5(Integer)
2019-05-03 14:11:05.688 [ http-nio-8081-exec-6 ] - [ DEBUG ] [ z.c.mapper.TabMapper.selectByPrimaryKey : 159 ] - <==      Total: 1
2019-05-03 14:11:05.689 [ http-nio-8081-exec-6 ] - [ DEBUG ] [ z.c.mapper.TabMapper.selectByPrimaryKey : 159 ] - ==>  Preparing: select id, tab_name, parent_id, tab_describe from tab where id = ? 
2019-05-03 14:11:05.690 [ http-nio-8081-exec-6 ] - [ DEBUG ] [ z.c.mapper.TabMapper.selectByPrimaryKey : 159 ] - ==> Parameters: 6(Integer)
2019-05-03 14:11:05.693 [ http-nio-8081-exec-6 ] - [ DEBUG ] [ z.c.mapper.TabMapper.selectByPrimaryKey : 159 ] - <==      Total: 1
2019-05-03 14:11:05.694 [ http-nio-8081-exec-6 ] - [ DEBUG ] [ z.c.mapper.TabMapper.selectByPrimaryKey : 159 ] - ==>  Preparing: select id, tab_name, parent_id, tab_describe from tab where id = ? 
2019-05-03 14:11:05.694 [ http-nio-8081-exec-6 ] - [ DEBUG ] [ z.c.mapper.TabMapper.selectByPrimaryKey : 159 ] - ==> Parameters: 6(Integer)
2019-05-03 14:11:05.696 [ http-nio-8081-exec-6 ] - [ DEBUG ] [ z.c.mapper.TabMapper.selectByPrimaryKey : 159 ] - <==      Total: 1
2019-05-03 14:11:05.697 [ http-nio-8081-exec-6 ] - [ DEBUG ] [ z.c.mapper.TabMapper.selectByPrimaryKey : 159 ] - ==>  Preparing: select id, tab_name, parent_id, tab_describe from tab where id = ? 
2019-05-03 14:11:05.698 [ http-nio-8081-exec-6 ] - [ DEBUG ] [ z.c.mapper.TabMapper.selectByPrimaryKey : 159 ] - ==> Parameters: 8(Integer)
2019-05-03 14:11:05.700 [ http-nio-8081-exec-6 ] - [ DEBUG ] [ z.c.mapper.TabMapper.selectByPrimaryKey : 159 ] - <==      Total: 1
2019-05-03 14:11:05.702 [ http-nio-8081-exec-6 ] - [ DEBUG ] [ z.c.mapper.TabMapper.selectByPrimaryKey : 159 ] - ==>  Preparing: select id, tab_name, parent_id, tab_describe from tab where id = ? 
2019-05-03 14:11:05.702 [ http-nio-8081-exec-6 ] - [ DEBUG ] [ z.c.mapper.TabMapper.selectByPrimaryKey : 159 ] - ==> Parameters: 8(Integer)
2019-05-03 14:11:05.704 [ http-nio-8081-exec-6 ] - [ DEBUG ] [ z.c.mapper.TabMapper.selectByPrimaryKey : 159 ] - <==      Total: 1
2019-05-03 14:11:05.705 [ http-nio-8081-exec-6 ] - [ DEBUG ] [ z.c.mapper.TabMapper.selectByPrimaryKey : 159 ] - ==>  Preparing: select id, tab_name, parent_id, tab_describe from tab where id = ? 
2019-05-03 14:11:05.706 [ http-nio-8081-exec-6 ] - [ DEBUG ] [ z.c.mapper.TabMapper.selectByPrimaryKey : 159 ] - ==> Parameters: 8(Integer)
2019-05-03 14:11:05.708 [ http-nio-8081-exec-6 ] - [ DEBUG ] [ z.c.mapper.TabMapper.selectByPrimaryKey : 159 ] - <==      Total: 1
2019-05-03 14:11:05.709 [ http-nio-8081-exec-6 ] - [ DEBUG ] [ z.c.mapper.TabMapper.selectByPrimaryKey : 159 ] - ==>  Preparing: select id, tab_name, parent_id, tab_describe from tab where id = ? 
2019-05-03 14:11:05.709 [ http-nio-8081-exec-6 ] - [ DEBUG ] [ z.c.mapper.TabMapper.selectByPrimaryKey : 159 ] - ==> Parameters: 4(Integer)
2019-05-03 14:11:05.710 [ http-nio-8081-exec-6 ] - [ DEBUG ] [ z.c.mapper.TabMapper.selectByPrimaryKey : 159 ] - <==      Total: 1
2019-05-03 14:11:05.711 [ http-nio-8081-exec-6 ] - [ DEBUG ] [ z.c.mapper.TabMapper.selectByPrimaryKey : 159 ] - ==>  Preparing: select id, tab_name, parent_id, tab_describe from tab where id = ? 
2019-05-03 14:11:05.711 [ http-nio-8081-exec-6 ] - [ DEBUG ] [ z.c.mapper.TabMapper.selectByPrimaryKey : 159 ] - ==> Parameters: 8(Integer)
2019-05-03 14:11:05.713 [ http-nio-8081-exec-6 ] - [ DEBUG ] [ z.c.mapper.TabMapper.selectByPrimaryKey : 159 ] - <==      Total: 1
2019-05-03 14:11:05.714 [ http-nio-8081-exec-6 ] - [ DEBUG ] [ z.c.mapper.TabMapper.selectByPrimaryKey : 159 ] - ==>  Preparing: select id, tab_name, parent_id, tab_describe from tab where id = ? 
2019-05-03 14:11:05.714 [ http-nio-8081-exec-6 ] - [ DEBUG ] [ z.c.mapper.TabMapper.selectByPrimaryKey : 159 ] - ==> Parameters: 8(Integer)
2019-05-03 14:11:05.716 [ http-nio-8081-exec-6 ] - [ DEBUG ] [ z.c.mapper.TabMapper.selectByPrimaryKey : 159 ] - <==      Total: 1
2019-05-03 14:11:05.717 [ http-nio-8081-exec-6 ] - [ DEBUG ] [ z.c.mapper.TabMapper.selectByPrimaryKey : 159 ] - ==>  Preparing: select id, tab_name, parent_id, tab_describe from tab where id = ? 
2019-05-03 14:11:05.717 [ http-nio-8081-exec-6 ] - [ DEBUG ] [ z.c.mapper.TabMapper.selectByPrimaryKey : 159 ] - ==> Parameters: 8(Integer)
2019-05-03 14:11:05.718 [ http-nio-8081-exec-6 ] - [ DEBUG ] [ z.c.mapper.TabMapper.selectByPrimaryKey : 159 ] - <==      Total: 1
2019-05-03 14:11:05.719 [ http-nio-8081-exec-6 ] - [ DEBUG ] [ z.c.mapper.TabMapper.selectByPrimaryKey : 159 ] - ==>  Preparing: select id, tab_name, parent_id, tab_describe from tab where id = ? 
2019-05-03 14:11:05.719 [ http-nio-8081-exec-6 ] - [ DEBUG ] [ z.c.mapper.TabMapper.selectByPrimaryKey : 159 ] - ==> Parameters: 8(Integer)
2019-05-03 14:11:05.721 [ http-nio-8081-exec-6 ] - [ DEBUG ] [ z.c.mapper.TabMapper.selectByPrimaryKey : 159 ] - <==      Total: 1
2019-05-03 14:11:05.722 [ http-nio-8081-exec-6 ] - [ DEBUG ] [ z.c.mapper.TabMapper.selectByPrimaryKey : 159 ] - ==>  Preparing: select id, tab_name, parent_id, tab_describe from tab where id = ? 
2019-05-03 14:11:05.722 [ http-nio-8081-exec-6 ] - [ DEBUG ] [ z.c.mapper.TabMapper.selectByPrimaryKey : 159 ] - ==> Parameters: 8(Integer)
2019-05-03 14:11:05.725 [ http-nio-8081-exec-6 ] - [ DEBUG ] [ z.c.mapper.TabMapper.selectByPrimaryKey : 159 ] - <==      Total: 1
2019-05-03 14:11:05.725 [ http-nio-8081-exec-6 ] - [ DEBUG ] [ z.c.mapper.TabMapper.selectByPrimaryKey : 159 ] - ==>  Preparing: select id, tab_name, parent_id, tab_describe from tab where id = ? 
2019-05-03 14:11:05.725 [ http-nio-8081-exec-6 ] - [ DEBUG ] [ z.c.mapper.TabMapper.selectByPrimaryKey : 159 ] - ==> Parameters: 8(Integer)
2019-05-03 14:11:05.727 [ http-nio-8081-exec-6 ] - [ DEBUG ] [ z.c.mapper.TabMapper.selectByPrimaryKey : 159 ] - <==      Total: 1
2019-05-03 14:11:05.728 [ http-nio-8081-exec-6 ] - [ DEBUG ] [ z.c.mapper.TabMapper.selectByPrimaryKey : 159 ] - ==>  Preparing: select id, tab_name, parent_id, tab_describe from tab where id = ? 
2019-05-03 14:11:05.729 [ http-nio-8081-exec-6 ] - [ DEBUG ] [ z.c.mapper.TabMapper.selectByPrimaryKey : 159 ] - ==> Parameters: 8(Integer)
2019-05-03 14:11:05.730 [ http-nio-8081-exec-6 ] - [ DEBUG ] [ z.c.mapper.TabMapper.selectByPrimaryKey : 159 ] - <==      Total: 1
2019-05-03 14:11:05.731 [ http-nio-8081-exec-6 ] - [ DEBUG ] [ z.c.mapper.TabMapper.selectByPrimaryKey : 159 ] - ==>  Preparing: select id, tab_name, parent_id, tab_describe from tab where id = ? 
2019-05-03 14:11:05.731 [ http-nio-8081-exec-6 ] - [ DEBUG ] [ z.c.mapper.TabMapper.selectByPrimaryKey : 159 ] - ==> Parameters: 8(Integer)
2019-05-03 14:11:05.732 [ http-nio-8081-exec-6 ] - [ DEBUG ] [ z.c.mapper.TabMapper.selectByPrimaryKey : 159 ] - <==      Total: 1
2019-05-03 14:11:05.733 [ http-nio-8081-exec-6 ] - [ DEBUG ] [ z.c.mapper.TabMapper.selectByPrimaryKey : 159 ] - ==>  Preparing: select id, tab_name, parent_id, tab_describe from tab where id = ? 
2019-05-03 14:11:05.733 [ http-nio-8081-exec-6 ] - [ DEBUG ] [ z.c.mapper.TabMapper.selectByPrimaryKey : 159 ] - ==> Parameters: 8(Integer)
2019-05-03 14:11:05.734 [ http-nio-8081-exec-6 ] - [ DEBUG ] [ z.c.mapper.TabMapper.selectByPrimaryKey : 159 ] - <==      Total: 1
2019-05-03 14:11:05.735 [ http-nio-8081-exec-6 ] - [ DEBUG ] [ z.c.mapper.TabMapper.selectByPrimaryKey : 159 ] - ==>  Preparing: select id, tab_name, parent_id, tab_describe from tab where id = ? 
2019-05-03 14:11:05.735 [ http-nio-8081-exec-6 ] - [ DEBUG ] [ z.c.mapper.TabMapper.selectByPrimaryKey : 159 ] - ==> Parameters: 8(Integer)
2019-05-03 14:11:05.737 [ http-nio-8081-exec-6 ] - [ DEBUG ] [ z.c.mapper.TabMapper.selectByPrimaryKey : 159 ] - <==      Total: 1
2019-05-03 14:11:05.737 [ http-nio-8081-exec-6 ] - [ DEBUG ] [ z.c.mapper.TabMapper.selectByPrimaryKey : 159 ] - ==>  Preparing: select id, tab_name, parent_id, tab_describe from tab where id = ? 
2019-05-03 14:11:05.738 [ http-nio-8081-exec-6 ] - [ DEBUG ] [ z.c.mapper.TabMapper.selectByPrimaryKey : 159 ] - ==> Parameters: 8(Integer)
2019-05-03 14:11:05.739 [ http-nio-8081-exec-6 ] - [ DEBUG ] [ z.c.mapper.TabMapper.selectByPrimaryKey : 159 ] - <==      Total: 1
2019-05-03 14:11:05.739 [ http-nio-8081-exec-6 ] - [ DEBUG ] [ z.c.mapper.TabMapper.selectByPrimaryKey : 159 ] - ==>  Preparing: select id, tab_name, parent_id, tab_describe from tab where id = ? 
2019-05-03 14:11:05.740 [ http-nio-8081-exec-6 ] - [ DEBUG ] [ z.c.mapper.TabMapper.selectByPrimaryKey : 159 ] - ==> Parameters: 8(Integer)
2019-05-03 14:11:05.741 [ http-nio-8081-exec-6 ] - [ DEBUG ] [ z.c.mapper.TabMapper.selectByPrimaryKey : 159 ] - <==      Total: 1
2019-05-03 14:11:05.741 [ http-nio-8081-exec-6 ] - [ DEBUG ] [ z.c.mapper.TabMapper.selectByPrimaryKey : 159 ] - ==>  Preparing: select id, tab_name, parent_id, tab_describe from tab where id = ? 
2019-05-03 14:11:05.742 [ http-nio-8081-exec-6 ] - [ DEBUG ] [ z.c.mapper.TabMapper.selectByPrimaryKey : 159 ] - ==> Parameters: 8(Integer)
2019-05-03 14:11:05.743 [ http-nio-8081-exec-6 ] - [ DEBUG ] [ z.c.mapper.TabMapper.selectByPrimaryKey : 159 ] - <==      Total: 1
2019-05-03 14:11:05.744 [ http-nio-8081-exec-6 ] - [ DEBUG ] [ z.c.mapper.TabMapper.selectByPrimaryKey : 159 ] - ==>  Preparing: select id, tab_name, parent_id, tab_describe from tab where id = ? 
2019-05-03 14:11:05.745 [ http-nio-8081-exec-6 ] - [ DEBUG ] [ z.c.mapper.TabMapper.selectByPrimaryKey : 159 ] - ==> Parameters: 8(Integer)
2019-05-03 14:11:05.746 [ http-nio-8081-exec-6 ] - [ DEBUG ] [ z.c.mapper.TabMapper.selectByPrimaryKey : 159 ] - <==      Total: 1
2019-05-03 14:11:05.747 [ http-nio-8081-exec-6 ] - [ DEBUG ] [ z.c.mapper.TabMapper.selectByPrimaryKey : 159 ] - ==>  Preparing: select id, tab_name, parent_id, tab_describe from tab where id = ? 
2019-05-03 14:11:05.747 [ http-nio-8081-exec-6 ] - [ DEBUG ] [ z.c.mapper.TabMapper.selectByPrimaryKey : 159 ] - ==> Parameters: 8(Integer)
2019-05-03 14:11:05.749 [ http-nio-8081-exec-6 ] - [ DEBUG ] [ z.c.mapper.TabMapper.selectByPrimaryKey : 159 ] - <==      Total: 1
2019-05-03 14:11:05.750 [ http-nio-8081-exec-6 ] - [ DEBUG ] [ z.c.mapper.TabMapper.selectByPrimaryKey : 159 ] - ==>  Preparing: select id, tab_name, parent_id, tab_describe from tab where id = ? 
2019-05-03 14:11:05.750 [ http-nio-8081-exec-6 ] - [ DEBUG ] [ z.c.mapper.TabMapper.selectByPrimaryKey : 159 ] - ==> Parameters: 8(Integer)
2019-05-03 14:11:05.752 [ http-nio-8081-exec-6 ] - [ DEBUG ] [ z.c.mapper.TabMapper.selectByPrimaryKey : 159 ] - <==      Total: 1
2019-05-03 16:10:22.087 [ lettuce-nioEventLoop-4-1 ] - [ WARN  ] [ io.netty.channel.nio.NioEventLoop : 845 ] - Selector.select() returned prematurely 512 times in a row; rebuilding Selector io.netty.channel.nio.SelectedSelectionKeySetSelector@56b9e1b9.
2019-05-03 16:10:22.090 [ lettuce-nioEventLoop-4-1 ] - [ INFO  ] [ io.netty.channel.nio.NioEventLoop : 417 ] - Migrated 0 channel(s) to the new Selector.
2019-05-03 16:11:22.551 [ lettuce-nioEventLoop-4-2 ] - [ WARN  ] [ io.netty.channel.nio.NioEventLoop : 845 ] - Selector.select() returned prematurely 512 times in a row; rebuilding Selector io.netty.channel.nio.SelectedSelectionKeySetSelector@30b44ac.
2019-05-03 16:11:22.554 [ lettuce-nioEventLoop-4-2 ] - [ INFO  ] [ io.netty.channel.nio.NioEventLoop : 417 ] - Migrated 1 channel(s) to the new Selector.
2019-05-03 16:13:03.652 [ lettuce-nioEventLoop-4-2 ] - [ INFO  ] [ io.lettuce.core.protocol.CommandHandler : 219 ] - [null, java.io.IOException: 远程主机强迫关闭了一个现有的连接。, java.io.IOException: 远程主机强迫关闭了一个现有的连接。] Unexpected exception during request: [null, java.io.IOException: 远程主机强迫关闭了一个现有的连接。, java.io.IOException: 远程主机强迫关闭了一个现有的连接。]
2019-05-03 16:13:03.758 [ lettuce-eventExecutorLoop-1-4 ] - [ INFO  ] [ io.lettuce.core.protocol.ConnectionWatchdog : 173 ] - Reconnecting, last destination was /127.0.0.1:6379
2019-05-03 16:13:03.814 [ lettuce-nioEventLoop-4-3 ] - [ INFO  ] [ io.lettuce.core.protocol.ReconnectionHandler : 177 ] - Reconnected to 127.0.0.1:6379
2019-05-03 16:13:03.817 [ lettuce-nioEventLoop-4-3 ] - [ WARN  ] [ io.netty.channel.nio.NioEventLoop : 845 ] - Selector.select() returned prematurely 512 times in a row; rebuilding Selector io.netty.channel.nio.SelectedSelectionKeySetSelector@32accf89.
2019-05-03 16:13:03.821 [ lettuce-nioEventLoop-4-3 ] - [ INFO  ] [ io.netty.channel.nio.NioEventLoop : 417 ] - Migrated 1 channel(s) to the new Selector.
2019-05-03 17:04:04.436 [ lettuce-nioEventLoop-4-3 ] - [ INFO  ] [ io.lettuce.core.protocol.CommandHandler : 219 ] - [null, java.io.IOException: 远程主机强迫关闭了一个现有的连接。, java.io.IOException: 远程主机强迫关闭了一个现有的连接。] Unexpected exception during request: [null, java.io.IOException: 远程主机强迫关闭了一个现有的连接。, java.io.IOException: 远程主机强迫关闭了一个现有的连接。]
2019-05-03 17:04:04.530 [ lettuce-eventExecutorLoop-1-1 ] - [ INFO  ] [ io.lettuce.core.protocol.ConnectionWatchdog : 173 ] - Reconnecting, last destination was /127.0.0.1:6379
2019-05-03 17:04:04.536 [ lettuce-nioEventLoop-4-4 ] - [ WARN  ] [ io.netty.channel.nio.NioEventLoop : 845 ] - Selector.select() returned prematurely 512 times in a row; rebuilding Selector io.netty.channel.nio.SelectedSelectionKeySetSelector@2c805da0.
2019-05-03 17:04:04.539 [ lettuce-nioEventLoop-4-4 ] - [ INFO  ] [ io.netty.channel.nio.NioEventLoop : 417 ] - Migrated 1 channel(s) to the new Selector.
2019-05-03 17:04:05.594 [ lettuce-nioEventLoop-4-4 ] - [ WARN  ] [ io.lettuce.core.protocol.ConnectionWatchdog : 176 ] - Cannot reconnect: io.netty.channel.AbstractChannel$AnnotatedConnectException: Connection refused: no further information: /127.0.0.1:6379
2019-05-03 17:04:10.157 [ lettuce-eventExecutorLoop-1-2 ] - [ INFO  ] [ io.lettuce.core.protocol.ConnectionWatchdog : 173 ] - Reconnecting, last destination was 127.0.0.1:6379
2019-05-03 17:04:11.243 [ lettuce-nioEventLoop-4-1 ] - [ WARN  ] [ io.lettuce.core.protocol.ConnectionWatchdog : 176 ] - Cannot reconnect: io.netty.channel.AbstractChannel$AnnotatedConnectException: Connection refused: no further information: /127.0.0.1:6379
